5
41
58
28
51
48
100
0 15
0 62
7 93
70 93
33 93
90 93
89 93
78 93
47 93
20 93
4 93
0 87
0 18
0 70
0 73
42 93
6 93
3 93
0 50
0 4
29 93
0 88
53 93
68 93
70 5
0 21
43 93
42 5
0 35
84 5
66 5
85 68
22 5
21 5
59 5
64 5
55 5
68 5
87 5
14 5
85 2
12 5
44 5
1 5
2 5
11 5
73 5
10 33
0 74
89 61
47 33
0 1
80 91
89 62
0 36
0 80
89 12
27 24
79 33
89 27
61 33
72 33
73 33
89 45
23 33
56 33
30 33
44 33
12 33
37 33
4 33
89 17
6 24
89 2
59 33
82 33
89 53
89 6
89 69
89 13
89 90
89 50
27 33
71 21
89 86
89 88
89 71
49 63
49 1
39 33
49 50
49 13
49 21
49 40
49 87
49 18
46 33
49 53
49 80
49 36
