5
93
57
7
34
30
100
0 9
79 99
11 99
0 46
0 8
49 99
0 35
26 99
0 33
0 17
0 43
19 99
62 99
82 99
69 99
22 99
63 99
58 99
13 99
64 99
56 99
68 99
75 99
23 99
90 99
88 99
50 99
53 99
46 99
6 99
77 99
1 99
0 25
89 99
83 99
0 28
72 99
27 99
87 99
66 99
17 99
36 99
86 99
4 99
0 97
47 99
0 44
0 95
0 29
42 99
9 99
41 99
98 99
0 81
97 99
15 99
70 99
80 99
81 99
48 99
32 99
35 99
43 99
44 99
1 84
65 84
13 84
58 84
48 84
0 65
0 52
89 84
46 84
91 84
8 84
56 84
76 84
9 84
19 84
52 84
83 84
29 84
10 84
62 84
77 84
80 84
0 84
44 84
90 84
49 84
0 5
97 84
0 85
69 84
51 84
19 9
6 60
0 53
35 84
96 84
