5
11
54
46
81
48
100
0 76
0 42
1 93
41 93
89 93
0 24
0 93
0 23
0 43
35 93
18 93
65 93
2 93
56 93
4 93
86 93
0 25
0 71
51 93
62 93
32 93
53 93
57 93
20 93
70 93
75 93
87 93
26 93
8 93
92 93
12 93
43 93
67 93
77 93
29 93
17 93
52 93
12 50
75 50
73 50
0 64
59 50
0 17
51 50
62 50
63 50
17 50
16 50
77 50
64 50
83 50
60 50
92 50
44 80
2 50
33 50
25 50
80 50
79 50
1 50
24 50
41 50
86 50
22 50
78 50
37 50
15 50
34 50
61 50
57 50
42 50
67 50
56 50
87 50
91 50
66 50
0 65
83 65
31 65
23 65
34 65
77 65
64 65
28 65
70 65
35 65
26 65
51 60
38 65
19 65
60 65
14 65
33 65
24 65
91 65
83 78
32 65
55 65
86 65
37 65
