5
2
44
12
3
7
79
4 6
5 8
27 30
34 36
26 29
8 11
16 19
18 21
50 53
43 46
42 45
6 8
22 25
11 14
13 16
13 15
14 17
14 16
15 18
15 17
9 11
33 35
49 52
31 34
33 36
32 34
51 52
47 50
48 50
49 50
48 51
46 49
45 47
45 48
46 47
48 49
10 13
42 43
41 43
33 34
27 29
20 23
33 32
29 32
28 30
28 31
29 31
19 22
20 22
21 24
26 28
21 23
22 24
23 25
23 26
27 28
24 25
24 26
27 25
30 32
30 31
37 40
38 40
42 40
41 40
38 39
36 39
37 39
42 39
35 38
35 36
37 38
34 37
19 21
17 20
18 20
18 19
16 17
9 10
