5
58
56
66
62
11
100
47 48
35 38
5 8
44 45
43 45
83 86
12 13
52 53
54 53
93 96
90 96
95 96
94 96
84 85
90 92
87 92
85 86
41 44
43 46
41 45
44 46
42 43
41 43
47 46
38 39
40 39
91 92
93 92
94 92
93 95
94 95
86 88
81 85
86 87
83 85
85 87
89 90
87 90
91 90
93 90
77 82
93 94
83 82
81 82
80 82
80 84
81 84
83 84
88 87
85 89
45 50
45 46
45 48
49 50
49 48
49 51
46 48
46 52
46 50
51 53
50 53
55 53
51 50
54 55
51 52
52 55
77 81
74 79
80 81
12 14
12 15
12 16
26 28
17 19
23 29
20 25
22 23
24 28
23 25
30 35
30 36
34 35
32 33
33 35
37 39
36 39
35 39
42 39
36 37
42 41
40 41
36 41
36 35
37 41
36 38
40 38
35 41
37 38
40 42
40 37
