5
7
21
35
56
84
100
28 99
91 99
77 99
63 99
98 99
49 99
14 99
70 99
55 42
69 42
76 42
83 42
90 42
97 42
6 42
13 42
34 42
62 42
27 42
41 42
48 42
33 20
47 20
89 20
82 20
12 20
26 20
19 20
61 20
54 20
96 20
5 20
40 20
75 20
68 20
34 20
76 20
97 20
62 20
13 20
83 20
27 20
69 20
41 20
90 20
6 20
55 20
48 20
70 20
91 20
63 20
28 20
49 20
77 20
98 20
83 14
27 14
6 14
41 14
13 14
76 14
55 14
90 14
69 14
48 14
62 14
34 14
96 97
82 97
33 97
12 97
61 97
19 97
68 97
40 97
54 97
47 97
89 97
75 97
26 97
5 97
27 97
41 97
6 97
69 97
13 97
83 97
62 97
55 97
90 97
48 97
34 97
76 97
91 97
63 97
98 97
28 97
77 97
49 97
27 70
