5
51
41
89
29
11
100
68 92
81 92
76 92
6 92
42 92
60 92
90 92
23 92
3 92
61 92
36 92
40 92
13 92
0 92
58 90
0 19
30 92
79 92
24 92
57 92
0 4
26 92
38 92
17 92
44 92
84 92
0 58
0 2
0 23
0 71
88 92
21 92
62 92
0 26
74 92
64 92
15 92
66 92
5 92
39 92
31 92
71 92
0 6
0 68
9 85
65 92
82 92
72 92
43 92
47 92
2 92
78 92
19 92
4 92
27 92
12 92
0 73
0 9
28 92
58 92
67 92
22 92
69 92
18 92
60 19
87 92
8 92
10 92
0 63
70 92
53 92
0 67
0 60
49 92
45 92
56 92
33 92
0 18
14 92
37 92
63 92
52 92
55 92
57 15
0 43
54 92
59 92
25 92
34 92
91 92
1 92
20 92
73 92
50 92
7 92
16 92
46 92
75 92
85 92
48 92
