5
51
38
28
36
20
100
50 53
0 2
14 49
0 17
22 49
7 49
0 40
41 49
9 49
6 49
33 49
16 49
42 49
8 49
0 22
27 49
2 49
31 49
4 49
11 49
40 49
0 49
1 49
0 44
25 49
39 49
13 49
18 49
44 49
47 49
26 49
15 49
19 49
0 14
34 49
0 26
10 49
48 49
43 49
12 49
0 37
3 49
24 49
46 49
29 49
37 49
9 12
17 49
30 49
32 49
23 49
21 49
45 49
6 35
30 35
3 35
0 11
45 35
37 35
9 35
34 35
21 35
11 35
12 35
22 35
0 7
0 35
0 30
0 34
46 35
1 35
0 10
32 35
0 8
43 35
47 35
24 35
7 35
27 17
9 40
42 35
16 35
15 35
29 41
13 35
4 35
40 35
17 35
48 35
18 35
23 35
25 35
0 19
44 35
10 35
14 35
19 35
0 29
26 35
27 35
