5
86
57
69
56
96
100
74 99
59 99
64 99
7 99
0 60
52 99
48 99
58 99
21 99
28 60
27 60
6 60
50 60
0 75
81 60
0 37
0 73
0 95
66 60
0 82
97 60
11 60
16 60
74 60
25 60
0 92
40 60
80 60
33 60
46 60
89 91
72 91
55 91
93 28
32 91
17 91
39 91
3 36
40 91
3 92
3 93
3 66
28 91
26 91
61 91
51 91
77 91
44 91
97 91
94 75
65 91
75 70
20 19
44 70
41 70
37 70
35 70
73 70
29 70
3 64
31 49
85 49
3 94
47 49
30 49
52 49
97 49
90 49
34 49
13 49
83 49
32 49
43 49
46 49
89 49
8 49
27 49
55 4
79 4
17 4
21 4
75 4
3 22
14 4
3 45
54 4
5 4
83 53
26 4
3 81
17 53
78 53
33 53
5 53
3 90
3 67
35 53
3 63
44 75
39 71
