5
14
26
86
32
52
100
31 96
0 33
48 96
8 96
3 96
50 96
54 96
72 96
24 96
66 96
58 96
35 96
78 96
61 96
71 70
31 70
63 70
66 70
0 54
0 56
65 70
58 70
81 70
39 70
37 70
41 70
6 70
51 70
48 70
0 94
53 70
67 70
90 70
76 70
20 70
44 70
10 70
68 70
61 70
94 70
23 70
62 70
69 70
18 40
34 40
0 89
0 30
87 40
90 40
0 61
89 40
0 36
0 46
83 40
31 40
10 40
92 40
66 40
48 40
11 40
0 82
29 40
64 40
54 40
0 53
0 11
2 68
0 63
0 84
61 68
78 68
0 24
0 67
0 34
58 68
73 68
11 68
74 68
88 44
81 68
34 68
1 68
5 68
88 67
88 13
56 68
31 68
15 84
72 68
88 34
88 6
37 68
90 68
93 68
38 68
21 68
44 68
33 68
82 68
51 8
