5
34
58
63
39
52
100
0 99
49 99
60 99
33 99
75 99
46 99
66 99
0 17
0 70
0 16
0 42
0 91
23 99
29 99
0 62
85 99
55 99
0 40
0 87
0 3
10 99
42 99
27 99
43 99
0 13
69 99
61 99
79 99
87 99
82 99
0 9
95 99
40 99
88 99
78 99
67 95
65 99
45 99
57 99
67 99
86 99
89 99
0 85
0 60
0 14
12 99
67 76
16 99
1 99
0 44
32 99
0 67
0 33
84 99
25 99
5 99
0 43
0 77
0 6
62 99
94 99
70 99
72 99
76 99
0 47
0 54
5 4
21 47
0 4
73 99
93 99
0 5
4 99
47 99
68 99
0 74
0 83
18 99
80 99
9 99
0 12
37 99
6 99
14 99
64 99
90 99
30 99
0 8
0 84
11 99
26 99
44 99
2 99
35 99
0 1
0 95
0 15
68 44
97 99
35 45
