5
60
91
67
44
51
100
94 99
92 99
83 87
30 38
98 99
90 99
64 69
62 70
19 25
90 93
95 99
96 99
93 99
90 97
88 97
89 97
94 97
95 97
92 97
93 97
80 84
96 97
92 98
96 98
94 98
90 98
95 98
89 98
94 93
89 93
92 93
86 93
85 93
84 93
87 93
88 93
95 93
89 96
94 96
90 96
87 96
92 96
88 96
94 95
89 95
88 95
86 95
92 95
87 95
82 90
89 90
87 90
81 90
85 90
84 90
79 88
75 83
94 90
92 90
86 90
88 90
81 83
78 83
85 83
76 83
74 83
79 83
89 83
82 83
77 83
88 83
80 83
84 83
86 83
84 92
85 92
86 92
87 92
89 92
88 92
88 94
86 94
89 94
85 94
66 72
56 64
45 54
47 52
82 87
84 87
86 87
78 87
89 87
79 87
80 87
81 87
88 87
84 85
81 85
10 12
