5
27
20
36
35
25
100
45 99
51 99
33 99
15 99
32 99
1 49
0 75
0 1
0 39
0 26
29 99
10 99
77 99
64 99
0 72
49 90
98 99
46 99
79 99
92 99
50 99
7 99
39 99
0 23
0 51
24 99
73 99
0 99
28 99
57 99
47 99
71 99
42 99
22 99
40 99
38 99
21 99
56 99
65 99
61 99
54 99
6 99
0 49
0 15
0 85
76 99
0 12
89 99
26 99
97 99
62 99
0 92
93 99
88 99
74 99
55 99
83 99
91 99
96 99
0 29
30 99
23 99
31 99
70 99
3 99
52 99
81 99
34 99
68 99
44 99
18 99
17 99
90 99
0 63
78 99
86 99
58 99
68 37
63 99
1 99
82 99
0 68
9 99
60 99
37 99
43 99
71 22
95 99
0 79
59 31
0 61
47 34
0 41
48 34
11 99
94 99
4 99
16 48
0 59
67 99
