5
29
96
2
70
75
100
0 99
23 99
91 99
76 99
91 16
0 49
63 99
0 8
0 91
79 99
10 99
98 99
0 45
23 41
54 41
10 41
52 41
76 41
62 41
28 41
8 41
22 41
0 20
19 43
59 43
27 43
0 66
8 43
0 74
93 43
89 43
55 43
23 43
78 43
79 43
3 42
35 42
18 42
39 42
65 42
0 57
63 42
44 42
91 42
74 42
47 42
9 95
50 62
35 62
59 62
88 62
65 62
0 87
0 4
91 62
0 86
57 62
0 3
0 65
0 19
0 54
74 62
78 62
79 62
1 62
17 62
92 44
76 60
18 62
64 62
86 62
49 62
58 62
16 30
64 30
8 30
92 68
63 30
92 53
25 84
92 76
73 84
57 30
15 30
36 30
46 84
38 84
92 25
91 84
65 84
80 84
17 84
86 84
64 84
68 84
92 94
53 84
61 84
26 84
56 84
