5
75
25
95
47
49
100
0 99
61 63
53 60
48 56
64 60
50 56
16 48
53 48
24 48
40 48
42 48
22 54
44 48
50 54
0 15
24 82
19 15
1 15
38 15
8 15
14 15
18 15
9 15
30 15
0 11
22 11
1 11
0 7
14 7
0 3
1 7
0 6
1 3
12 6
10 6
1 6
34 6
21 31
2 6
27 31
33 31
32 39
46 39
22 61
32 61
57 61
19 77
38 53
32 53
23 46
42 46
22 44
38 44
42 44
20 40
32 40
38 40
36 40
21 42
34 40
36 42
19 38
32 38
36 38
19 34
17 34
32 34
36 34
28 34
24 30
32 30
28 30
18 36
26 30
24 32
16 32
26 32
14 28
24 28
0 22
26 28
18 22
1 22
16 22
24 22
20 26
0 13
24 13
19 13
9 13
1 13
0 17
21 17
0 18
1 17
9 18
24 18
12 18
1 18
0 14
