5
68
89
83
38
8
100
90 99
43 99
0 87
21 99
79 99
95 99
9 99
0 42
34 99
98 99
59 99
45 99
0 25
0 52
0 43
11 99
13 99
28 99
27 99
16 99
95 59
0 48
62 99
29 99
0 24
31 99
57 99
88 99
96 99
95 7
26 99
91 99
74 99
54 99
0 95
72 99
0 92
0 71
77 99
11 22
67 99
75 99
25 99
20 99
49 99
0 11
71 99
86 99
66 99
78 99
0 12
82 99
73 99
53 99
44 99
12 99
30 99
3 99
70 99
6 99
18 99
65 99
15 99
51 99
23 99
42 99
0 74
0 15
0 61
39 99
22 99
52 99
0 19
32 99
84 99
37 99
0 20
0 93
0 78
0 90
63 99
0 99
0 44
0 64
0 45
0 6
0 57
0 10
0 91
88 75
10 99
0 23
14 99
0 59
55 99
80 99
0 88
19 99
36 99
4 99
