5
72
15
60
37
52
100
18 82
54 82
62 82
35 82
0 21
73 82
1 67
0 38
0 79
0 62
13 71
4 82
23 82
70 82
17 82
14 82
13 82
0 54
12 55
2 82
26 82
51 82
71 82
42 82
53 82
77 82
63 82
44 82
64 82
6 82
67 82
57 82
33 82
31 9
35 9
34 9
0 7
26 9
66 9
61 9
6 9
23 9
49 9
34 48
62 9
45 9
48 9
53 9
43 9
36 9
71 58
59 58
0 12
26 58
34 58
56 58
80 58
77 58
28 58
36 58
0 29
12 58
35 58
53 58
2 58
46 58
55 58
19 58
0 10
67 58
44 58
29 58
20 58
33 58
43 58
13 32
16 58
56 10
32 10
29 10
24 10
59 10
47 10
42 10
75 10
64 10
71 10
46 10
79 10
33 10
74 10
0 4
34 22
27 10
55 10
70 10
1 10
61 10
22 67
23 10
