5
75
51
16
46
12
100
0 11
26 32
4 99
32 99
15 99
0 63
0 68
0 62
36 99
84 99
37 99
97 99
5 99
0 48
39 99
0 52
80 99
92 99
57 21
23 99
0 57
2 99
0 55
0 93
95 99
30 99
9 99
42 99
0 83
71 84
0 2
54 99
55 99
27 99
0 71
17 99
6 99
20 99
0 18
0 87
72 83
58 99
78 99
87 99
0 64
56 99
82 99
0 38
0 5
26 99
76 99
0 99
0 60
0 61
91 99
45 99
33 99
72 64
0 21
45 69
43 99
64 99
14 99
47 99
40 99
71 99
96 99
72 99
84 21
59 99
29 99
90 99
8 99
38 99
61 99
93 99
49 99
69 99
0 91
45 84
22 99
68 99
86 99
13 99
34 99
1 99
73 55
60 99
73 99
83 99
21 99
25 99
41 99
63 99
67 99
88 99
0 58
89 99
53 99
45 94
