5
1
6
44
31
70
100
0 64
80 99
61 65
72 99
42 99
25 99
88 99
75 99
53 99
49 99
87 99
2 99
73 99
9 99
66 99
87 68
15 99
34 99
82 99
71 99
83 99
35 99
68 99
0 17
38 99
84 99
86 99
43 99
62 99
10 99
79 99
20 99
85 99
52 99
50 99
0 98
12 99
87 50
27 99
0 71
92 99
98 99
24 99
90 99
95 99
63 99
56 99
39 99
67 99
73 5
28 5
16 5
10 5
0 61
90 5
53 5
52 5
35 5
84 5
96 5
19 5
45 5
92 5
42 5
4 5
41 5
77 5
48 5
9 5
29 5
87 58
0 13
30 5
0 87
82 5
72 5
38 5
62 5
56 5
98 5
97 5
68 5
8 5
65 5
71 5
80 5
74 5
25 5
93 5
91 5
51 5
86 5
95 5
63 5
55 5
15 5
47 5
93 40
85 40
16 40
