5
90
31
35
45
75
100
42 99
0 21
39 99
73 99
38 99
78 99
7 99
18 99
33 99
92 99
21 99
97 99
54 99
80 99
20 99
0 99
40 99
64 99
87 99
65 99
16 99
24 99
89 99
53 99
93 99
96 99
2 99
70 99
5 99
28 99
91 99
26 99
74 99
0 52
32 99
34 99
79 99
87 73
61 99
41 99
57 99
52 99
81 99
59 99
27 99
47 99
55 99
71 99
10 99
14 99
62 99
13 99
51 99
15 99
37 99
88 99
60 99
63 99
11 99
17 99
94 99
95 99
69 99
4 99
83 99
23 99
84 99
22 99
72 99
33 56
17 56
11 56
98 56
41 56
0 93
74 56
43 56
0 7
57 56
71 56
63 56
25 56
89 56
34 56
97 56
52 56
49 56
15 56
97 18
66 56
18 56
91 56
84 56
4 56
80 56
48 56
94 56
28 56
68 56
39 56
