5
11
33
3
40
22
100
0 50
20 50
47 50
23 50
44 50
24 50
34 50
2 50
29 50
42 50
7 50
30 50
31 43
10 43
20 43
9 43
41 43
13 43
19 43
8 43
15 43
34 43
39 43
12 43
4 7
16 7
41 7
46 7
20 7
5 7
36 7
15 7
49 7
24 7
42 7
25 7
8 7
28 7
12 7
32 7
10 30
45 30
48 30
47 30
4 30
44 30
14 30
13 30
6 30
29 30
49 30
24 30
18 30
8 30
21 30
4 36
45 36
16 36
48 36
49 36
2 36
27 36
5 36
28 36
38 36
37 36
42 36
31 6
45 6
1 6
47 6
41 6
12 6
19 6
32 6
18 6
15 6
48 42
31 42
44 42
16 42
14 42
13 42
25 42
17 42
28 42
21 42
27 42
10 12
41 12
9 12
14 12
26 12
38 12
5 12
39 12
29 12
25 12
17 12
28 12
