5
88
65
26
36
7
100
0 68
0 14
0 59
30 99
0 5
87 99
66 99
21 9
15 99
55 9
90 9
56 9
13 9
54 9
64 9
0 11
0 17
39 30
40 77
53 9
51 9
6 29
82 29
22 29
49 29
24 29
83 29
63 29
14 29
66 29
51 29
38 29
6 23
71 23
40 23
31 23
11 23
1 23
40 81
45 81
95 81
44 81
84 81
98 81
58 39
69 81
70 14
19 81
53 14
41 14
21 76
24 14
83 76
73 76
5 76
41 76
0 42
59 76
0 89
46 76
91 54
1 76
27 54
56 54
48 54
73 54
46 54
75 54
64 54
42 54
69 20
0 45
0 25
0 66
58 82
58 18
58 79
58 94
43 20
42 20
24 20
34 90
34 13
80 20
79 20
3 20
30 20
33 20
34 15
34 24
53 20
50 20
21 20
72 31
53 31
62 31
95 31
48 31
34 5
17 31
