5
50
84
22
79
72
85
77 95
3 85
29 82
8 82
0 51
47 93
6 93
0 37
0 65
45 42
25 20
78 75
54 20
13 2
28 2
32 77
78 7
47 67
97 67
64 33
26 70
26 86
65 33
60 63
60 66
41 8
64 76
36 19
36 32
16 92
4 57
18 15
6 59
89 5
89 17
56 27
13 94
55 27
15 94
56 74
61 86
39 34
81 34
53 28
14 19
83 73
88 73
59 61
14 53
30 96
31 49
15 96
31 76
39 69
51 21
32 83
11 43
30 91
17 91
43 90
44 98
42 90
52 98
63 7
44 29
12 5
9 23
81 23
88 37
40 46
58 46
80 71
10 71
9 12
87 41
30 48
63 48
75 24
59 3
1 58
65 69
87 57
75 80
11 68
47 18
