5
94
95
80
90
82
82
64 69
85 87
0 5
2 7
4 9
91 89
29 34
38 43
86 84
74 79
77 79
76 81
83 81
88 86
93 91
75 73
76 78
68 73
66 71
69 71
72 74
62 67
70 72
65 67
68 70
63 65
6 11
8 13
8 10
5 10
7 12
14 16
13 18
62 60
55 60
46 51
56 58
53 58
61 63
27 32
9 11
14 19
29 31
61 66
62 64
54 59
57 59
54 56
53 51
44 49
47 49
47 52
50 52
50 55
40 45
46 48
41 43
37 42
40 42
39 44
12 17
15 20
15 17
36 41
37 39
36 34
30 32
33 35
30 35
33 38
26 31
23 28
26 28
16 18
23 25
24 22
27 25
18 20
21 19
27 22
43 48
1 3
