5
12
1
73
53
38
84
85 87
84 86
93 95
92 94
50 52
54 56
91 93
55 57
88 90
87 89
86 88
91 92
89 90
71 72
68 70
69 70
49 51
77 79
76 78
23 25
26 28
27 29
26 27
19 21
63 64
62 64
61 63
35 37
28 30
29 31
9 11
18 20
41 43
8 10
4 6
8 9
78 80
67 69
66 68
5 7
39 40
41 42
81 83
80 82
14 16
13 15
97 99
96 98
44 46
45 47
46 48
31 33
44 45
30 32
22 24
21 23
3 5
6 7
60 62
32 34
33 34
42 43
95 97
59 61
59 60
56 58
57 58
65 67
64 66
75 77
47 49
48 50
21 22
94 96
79 81
35 36
83 85
82 84
26 25
18 19
15 17
16 17
74 76
2 4
