5
83
11
61
31
57
100
62 95
0 39
52 95
70 95
3 95
64 95
13 95
63 68
79 95
85 95
14 95
74 95
16 95
0 22
77 95
44 95
76 95
41 95
21 95
25 95
78 95
28 95
68 95
58 95
17 95
45 95
66 95
20 95
0 95
32 95
73 95
88 95
51 95
67 95
92 95
37 71
59 95
69 95
35 95
80 95
82 95
94 95
55 95
38 95
93 95
19 95
71 95
37 95
65 95
47 95
9 95
10 95
40 95
29 95
75 95
18 95
23 95
54 95
0 63
48 95
2 95
43 95
72 95
42 95
86 95
81 95
30 95
22 95
12 95
60 95
7 95
39 95
6 95
89 95
56 95
84 95
46 95
0 90
34 95
50 95
49 95
27 95
87 95
53 95
26 95
1 95
15 95
91 95
90 95
33 95
0 24
4 95
63 95
24 95
5 95
6 8
36 95
78 8
75 8
81 8
