5
57
36
32
33
41
100
40 91
18 91
70 91
64 91
11 91
19 91
50 91
16 91
21 91
28 91
88 91
83 91
39 91
90 91
0 80
8 91
42 91
9 91
30 91
31 91
48 91
89 91
85 91
34 91
7 91
26 91
81 91
82 91
56 91
67 91
37 91
17 91
86 91
0 91
77 91
15 91
74 91
14 91
63 91
75 91
43 91
35 91
1 91
24 91
20 91
0 70
0 17
0 19
0 34
72 91
68 91
58 91
78 91
2 91
4 91
25 91
69 91
53 91
59 91
0 20
0 63
73 91
0 37
0 73
66 91
46 91
80 91
88 38
71 91
3 91
54 91
65 91
45 91
88 84
52 91
38 91
55 91
47 91
49 91
6 91
87 91
22 91
10 91
0 40
79 91
51 91
84 91
0 49
29 91
27 91
44 91
13 91
61 91
5 91
62 91
60 91
76 91
12 91
28 23
7 23
