5
40
87
85
98
59
100
83 99
97 88
0 30
42 88
55 88
7 88
0 54
0 32
0 16
3 88
63 88
62 81
48 88
91 86
96 81
19 86
63 86
0 43
0 10
30 72
0 29
36 72
31 72
71 72
64 72
76 72
0 63
0 64
19 72
9 72
5 18
48 18
0 74
6 61
28 18
41 30
2 30
90 30
75 30
76 43
74 43
80 58
23 75
6 33
42 75
63 75
67 75
12 75
6 80
6 32
10 75
14 75
4 94
32 94
6 44
96 94
89 94
24 94
33 94
79 94
25 94
82 78
52 78
34 78
27 38
10 38
36 38
93 38
3 38
56 38
41 55
13 55
6 63
6 84
6 90
92 13
92 68
92 48
82 55
73 48
70 63
54 80
44 55
53 4
1 58
10 55
53 11
3 55
54 73
79 55
54 1
70 33
97 55
8 55
54 53
56 55
54 70
28 63
54 77
54 26
