5
40
52
17
34
26
100
15 38
19 54
20 54
10 25
38 54
0 44
0 10
0 21
0 47
0 15
8 19
0 5
11 25
29 54
46 54
25 54
0 8
0 11
0 35
0 9
18 54
0 45
6 54
14 54
33 54
10 54
11 54
35 54
22 54
8 54
27 54
32 54
43 54
0 23
0 36
5 54
0 19
0 46
42 28
0 18
23 54
0 42
0 24
45 54
21 54
47 54
44 54
1 54
48 54
51 54
50 54
42 54
12 54
16 54
0 48
0 33
0 20
0 41
13 25
14 25
22 51
2 54
15 54
36 54
53 54
30 54
0 13
0 49
21 49
43 49
25 5
16 49
1 49
0 12
22 49
0 14
0 25
20 23
48 49
16 51
23 49
33 49
10 49
29 49
4 49
0 43
24 49
0 22
0 7
0 39
50 49
47 49
27 49
16 8
2 49
11 49
6 49
41 49
12 49
30 49
