5
84
91
10
9
67
100
0 22
0 61
72 95
27 95
0 83
70 95
58 80
44 95
12 95
88 95
80 95
72 25
53 95
25 95
56 95
5 95
22 95
82 95
0 95
45 95
17 95
66 95
81 95
14 95
74 95
93 95
52 95
71 95
2 95
83 95
49 95
48 95
40 95
28 95
86 95
18 95
85 95
7 95
16 95
21 95
11 95
26 95
37 95
63 95
19 95
94 95
79 95
64 95
1 95
69 95
3 95
61 95
30 95
68 95
57 95
13 95
59 95
34 95
32 95
20 95
4 95
58 95
55 95
6 95
47 95
42 95
78 95
87 95
31 95
41 95
50 95
90 95
46 95
73 95
29 95
92 95
8 95
77 95
15 95
0 27
38 95
60 95
65 95
89 95
75 95
35 95
76 95
24 95
8 87
36 95
62 95
23 95
54 95
43 95
39 95
33 95
0 51
2 51
45 51
19 51
