5
4
42
66
65
2
100
0 89
78 56
35 56
67 56
31 38
87 38
48 38
57 38
53 38
75 38
77 38
20 38
9 46
10 85
31 85
0 85
69 85
11 85
71 85
36 85
1 85
33 85
77 85
60 55
71 55
16 55
58 78
51 55
0 78
57 78
40 78
20 78
1 78
31 78
76 47
83 78
62 47
63 47
0 28
82 19
0 25
27 83
60 83
6 83
0 80
32 83
28 83
35 83
11 83
71 12
62 12
24 6
36 6
53 6
29 6
77 6
69 6
30 6
68 88
0 73
71 88
50 88
23 88
40 32
67 88
7 32
43 32
39 22
15 22
36 22
67 22
68 22
3 70
62 70
15 70
57 70
0 86
40 81
0 35
0 27
0 82
71 43
40 26
40 19
40 71
30 3
30 84
52 18
49 18
73 18
36 18
68 18
9 18
1 18
69 18
80 77
74 77
31 77
10 77
69 28
