5
2
6
4
3
5
87
0 50
1 50
0 7
9 7
12 7
15 7
18 7
21 7
24 7
27 7
30 7
33 7
36 7
39 7
42 7
45 7
48 7
8 7
13 7
17 7
22 7
26 7
31 7
35 7
40 7
44 7
49 7
11 7
19 7
25 7
32 7
38 7
46 7
10 7
20 7
29 7
41 7
1 7
23 7
37 7
14 7
34 7
16 7
47 7
28 7
0 43
0 1
12 1
21 1
30 1
39 1
48 1
17 1
31 1
44 1
19 1
38 1
20 1
23 1
34 1
28 1
18 1
33 1
45 1
22 1
40 1
25 1
10 1
37 1
47 1
24 1
42 1
26 1
11 1
29 1
16 1
27 1
13 1
32 1
14 1
36 1
49 1
9 1
35 1
15 1
41 1
8 1
