5
66
81
20
12
77
100
23 99
53 99
35 99
95 99
36 99
59 99
63 99
60 99
89 99
76 99
6 99
0 11
0 1
9 99
47 99
92 99
45 99
51 99
14 8
64 68
16 37
0 28
40 99
71 99
91 99
22 99
0 82
37 99
21 99
52 99
83 99
5 99
97 99
74 99
33 99
65 99
98 99
49 99
78 99
68 99
19 99
76 29
21 29
63 29
96 29
83 45
46 29
62 29
84 29
15 29
14 29
7 29
88 29
69 29
75 29
90 29
11 29
0 69
60 29
16 29
33 29
93 29
85 29
24 29
45 29
91 29
36 29
17 29
51 29
86 29
57 29
13 29
67 29
39 29
49 91
92 29
33 61
92 61
91 61
32 61
72 61
19 61
83 16
4 61
51 61
80 61
41 61
25 61
36 61
10 61
55 61
71 61
84 61
88 65
53 61
65 61
0 21
60 61
15 61
46 61
