5
54
75
8
49
46
84
0 10
30 43
30 63
30 87
10 39
38 87
40 98
6 11
58 98
79 12
28 11
43 11
5 3
65 3
95 3
79 21
85 64
69 64
79 37
79 22
88 13
66 34
62 74
77 13
4 13
67 95
86 1
81 76
51 95
80 95
45 44
86 44
81 39
96 70
57 56
61 55
93 55
28 47
63 87
28 74
34 23
6 37
6 2
88 23
62 44
1 44
23 94
90 94
83 87
76 65
73 65
59 35
72 35
82 35
42 35
37 35
40 21
22 85
4 21
61 78
25 85
7 78
47 1
84 57
58 57
82 93
40 93
53 19
71 76
67 25
47 76
53 27
53 74
9 82
70 77
27 32
29 58
77 2
7 2
69 5
12 73
5 73
48 59
5 43
