5
55
24
74
10
14
100
4 99
25 99
78 99
53 99
72 99
70 99
49 99
23 99
59 99
42 99
19 99
40 99
76 99
15 99
7 99
21 99
48 99
50 99
91 99
28 99
20 70
62 64
2 99
33 99
87 99
11 99
65 99
88 99
20 99
82 99
41 99
34 99
54 99
63 99
58 99
22 99
67 99
71 99
45 62
29 99
18 99
16 99
77 99
90 99
8 99
27 99
37 99
85 99
0 45
0 36
63 56
61 56
70 56
4 56
62 56
50 56
54 56
37 56
95 56
94 56
80 56
33 56
90 56
7 56
67 56
84 56
15 56
49 56
48 56
85 56
72 56
38 56
0 56
9 56
0 29
26 56
41 56
57 56
53 56
64 56
96 56
65 56
0 20
89 5
3 56
16 56
43 56
69 56
76 56
0 97
18 56
87 56
35 56
0 50
0 89
58 56
0 59
20 56
75 59
36 59
