5
52
73
74
71
22
100
77 99
21 99
17 99
55 99
91 99
39 99
34 99
0 54
98 99
43 99
9 64
87 99
76 99
59 99
65 99
23 99
0 99
69 99
16 99
11 99
0 9
0 50
2 99
62 99
0 68
0 81
0 96
0 53
0 76
70 99
0 93
12 99
78 99
25 99
61 99
44 99
0 41
27 35
0 59
68 99
92 99
0 49
0 27
0 85
67 99
0 87
19 99
0 98
0 89
0 39
0 6
0 61
0 23
0 79
0 2
13 76
93 99
50 99
24 99
28 99
7 99
0 37
29 99
83 99
72 99
4 99
86 99
88 99
38 99
66 99
24 37
15 99
13 37
38 37
1 37
0 3
80 37
54 42
64 37
32 37
50 37
27 37
29 37
26 37
0 95
88 37
43 37
61 37
10 37
49 37
34 37
17 37
15 37
21 37
9 37
66 37
65 37
60 37
97 37
20 37
