5
18
8
50
46
32
100
0 71
95 99
88 99
64 99
60 99
0 99
86 99
13 99
0 84
10 99
56 99
66 99
23 99
85 99
0 48
68 99
27 99
37 99
0 4
0 13
0 74
85 5
9 99
4 99
83 99
61 99
12 99
69 99
0 58
48 99
28 99
3 99
78 99
55 99
20 99
58 99
54 99
59 99
67 99
53 99
42 99
89 99
87 99
26 99
36 99
0 85
94 99
76 99
31 99
49 99
1 99
38 99
0 52
91 99
17 99
22 99
33 99
57 99
72 99
7 99
74 99
25 99
11 99
35 99
45 99
21 99
24 99
80 99
60 16
30 99
63 99
90 99
77 99
29 99
43 99
79 99
15 99
65 99
47 99
71 99
5 99
41 99
81 99
0 40
16 99
73 99
82 99
70 99
96 99
97 99
6 99
19 99
94 80
2 99
93 99
51 99
92 99
62 99
40 99
84 99
