5
36
81
49
83
24
100
47 95
42 95
0 62
0 11
1 89
23 95
39 95
14 95
17 19
32 95
54 95
45 95
64 95
90 95
6 95
3 95
0 1
0 56
0 15
20 95
38 95
0 60
63 95
16 95
40 95
50 33
41 95
92 33
51 33
2 33
89 33
1 33
35 33
55 33
90 33
5 33
40 33
41 33
37 33
68 78
57 78
76 38
85 33
45 33
19 33
34 33
11 33
0 63
79 33
64 30
58 33
87 30
89 30
13 30
43 30
0 30
2 30
39 78
75 30
27 30
42 30
85 30
39 30
38 30
7 30
61 30
48 30
34 30
17 30
10 30
74 30
23 30
65 30
46 30
29 71
25 71
65 71
43 71
69 71
91 71
87 71
14 71
34 71
16 71
11 71
88 71
28 71
80 71
40 71
51 71
54 71
38 71
45 71
73 71
42 71
1 71
10 27
59 27
75 27
8 27
