5
45
89
57
76
48
100
0 99
0 62
0 25
80 99
0 35
0 72
8 99
44 99
58 99
87 99
59 99
73 99
15 99
56 99
38 99
12 99
0 27
20 99
62 99
41 99
0 21
65 95
0 61
6 99
7 99
0 55
69 99
54 99
0 65
81 99
67 99
42 99
94 95
13 99
51 3
41 67
96 99
78 99
4 99
40 99
84 99
31 99
3 99
49 99
17 99
65 99
10 99
47 99
30 99
82 99
33 99
94 99
2 99
72 99
35 99
83 99
46 99
91 68
29 99
37 99
53 99
21 99
36 99
0 41
68 99
14 99
74 99
54 61
75 99
0 94
28 99
63 99
61 99
55 99
91 99
43 99
5 99
64 99
0 92
79 99
88 99
1 99
71 99
90 99
9 99
16 99
39 99
92 99
32 99
18 99
54 51
2 86
0 67
52 86
58 86
95 6
79 86
49 86
21 86
51 86
