5
49
38
77
12
51
100
15 94
7 94
45 94
62 94
11 94
73 94
18 94
78 94
41 94
67 94
14 94
48 94
81 94
32 94
0 37
89 94
35 94
43 94
59 94
27 94
22 94
5 94
64 94
66 94
0 60
0 31
61 94
9 94
87 94
63 94
72 94
0 54
50 94
65 94
42 94
85 54
0 86
0 16
0 25
0 42
91 94
24 94
57 84
0 78
84 94
57 94
0 15
0 7
92 94
0 57
88 94
52 94
54 94
93 94
28 94
69 94
31 94
46 94
55 94
0 47
0 19
20 94
23 94
26 94
0 94
17 94
44 94
0 79
53 94
60 94
74 94
76 94
21 94
10 94
30 94
68 94
90 94
86 94
19 94
75 94
40 94
2 94
8 94
6 94
39 94
37 94
1 94
71 94
16 94
34 94
36 94
0 45
4 94
85 94
56 94
33 94
58 94
79 94
47 94
83 94
