5
2
1
98
4
19
85
0 99
95 96
90 92
95 94
93 92
93 91
56 90
89 91
87 91
82 89
3 5
86 88
35 87
84 86
38 85
50 76
7 82
78 80
29 78
75 77
53 71
38 75
74 76
81 83
79 80
81 82
71 73
69 71
33 70
10 70
66 68
68 70
67 69
63 65
64 66
65 67
23 24
42 62
22 24
20 29
95 25
23 50
20 18
73 75
72 74
76 77
44 42
54 56
43 41
47 49
48 49
51 53
52 54
18 16
17 15
14 12
15 13
16 14
57 58
30 62
59 63
27 25
24 25
28 26
27 26
9 56
37 39
35 33
34 32
29 31
28 29
31 33
36 35
12 6
11 9
11 10
5 6
10 8
7 8
84 85
45 47
60 61
62 63
13 12
46 48
