5
64
67
86
79
53
100
55 99
26 99
5 99
47 99
44 99
31 99
77 99
9 99
83 99
45 99
76 99
12 99
52 99
84 99
73 99
1 99
0 42
90 99
10 99
20 99
14 99
15 99
13 99
33 99
25 99
72 99
89 99
66 99
11 99
0 99
63 99
0 77
91 99
19 99
17 99
37 99
0 89
0 17
32 99
28 99
0 74
82 99
8 99
69 99
27 99
74 99
58 99
4 99
30 99
57 99
18 99
68 99
21 99
76 38
9 38
89 38
49 38
70 38
33 38
59 38
80 38
88 38
0 56
16 38
96 38
73 38
14 38
82 38
15 38
48 38
98 72
40 38
1 38
45 38
28 38
26 95
0 91
3 38
84 38
95 38
0 38
0 72
29 98
12 98
0 75
5 38
87 38
94 38
30 38
62 38
72 38
0 12
91 38
0 29
0 2
65 38
13 38
21 38
63 38
71 38
