5
85
16
98
45
57
100
44 99
28 99
33 99
60 99
72 99
73 99
32 99
65 99
38 99
50 99
6 99
86 99
10 99
56 99
3 99
11 99
52 99
84 99
95 99
39 99
27 99
5 99
46 99
72 52
81 99
29 99
76 99
80 99
37 99
0 72
40 99
71 99
63 99
4 99
42 99
59 99
66 99
8 99
7 99
88 99
49 99
70 99
0 51
61 99
62 99
34 99
9 99
25 99
55 99
48 58
61 58
12 58
43 58
40 58
67 58
24 58
56 58
20 58
94 58
76 58
10 58
35 58
72 58
22 58
79 58
47 58
95 58
65 58
96 58
73 58
91 58
53 58
71 58
36 58
3 58
46 58
59 58
39 58
9 58
21 58
97 58
4 58
84 58
17 58
42 58
92 58
5 58
18 58
6 58
29 58
28 58
51 58
30 58
77 58
1 69
84 69
39 69
93 69
30 69
52 69
