5
97
1
91
42
25
79
0 99
38 33
37 96
47 46
36 35
4 98
90 46
56 45
64 65
62 49
4 43
75 76
26 76
72 78
61 60
48 14
93 31
48 49
48 67
94 95
66 67
81 80
59 80
50 51
17 16
17 52
69 80
55 80
17 18
5 80
32 80
56 89
10 89
75 20
88 89
21 20
95 29
26 27
59 18
71 30
52 29
68 31
53 31
16 35
70 4
13 33
72 73
35 31
75 33
26 34
87 59
57 58
86 57
3 57
56 57
53 73
4 74
51 75
81 52
53 52
85 84
71 14
82 84
53 84
82 83
24 23
87 88
6 5
3 4
8 7
68 67
13 12
10 11
12 11
87 23
9 21
13 87
23 22
71 69
