5
86
49
2
21
79
100
80 99
29 99
0 7
3 99
5 99
64 99
0 99
0 54
0 11
0 45
83 12
34 99
0 91
0 55
89 94
17 99
0 38
67 99
0 89
0 83
9 99
10 99
58 99
72 99
0 87
0 64
1 39
60 99
13 99
14 99
0 57
32 99
0 1
41 99
0 75
0 74
56 99
15 99
78 99
1 99
76 99
0 16
68 99
0 12
30 99
95 99
46 99
0 58
0 15
0 4
0 17
62 99
11 99
0 68
66 99
0 53
0 43
0 66
0 67
84 8
98 99
0 90
0 84
0 13
65 99
0 28
42 99
96 99
82 99
8 99
0 85
44 99
31 99
35 99
12 99
74 99
91 99
97 99
69 99
0 63
0 59
0 18
0 56
57 99
92 99
0 39
0 3
88 99
0 29
94 99
45 99
75 99
85 99
7 99
47 99
87 99
61 99
40 99
33 99
81 99
