5
42
57
91
10
32
100
23 97
18 97
69 97
2 97
59 97
24 97
87 97
0 65
14 97
9 97
45 97
38 97
0 4
0 84
0 69
3 97
62 97
30 97
0 19
90 97
36 97
56 97
0 95
0 79
0 20
5 97
76 97
81 97
47 97
16 97
4 97
61 97
86 97
58 97
25 97
49 97
37 71
31 71
82 71
0 71
4 71
73 71
44 71
45 26
67 71
13 71
49 71
0 46
0 17
0 75
66 71
0 45
0 23
0 28
55 71
26 71
93 71
0 51
0 6
68 71
81 71
0 16
0 82
90 71
3 71
62 71
85 71
43 71
17 71
38 72
83 72
74 72
0 47
0 40
0 68
50 95
90 72
27 72
49 72
15 72
66 72
64 72
47 72
85 72
76 5
84 72
75 72
44 72
17 72
89 72
16 72
15 19
94 72
86 72
15 50
20 72
3 72
93 72
79 72
13 50
