5
2
6
10
14
18
100
0 59
22 59
25 59
28 59
31 59
34 59
37 59
40 59
43 59
46 59
49 59
52 59
55 59
58 59
4 59
8 59
12 59
16 59
20 59
24 59
29 59
33 59
38 59
42 59
47 59
51 59
56 59
3 59
9 59
15 59
21 59
27 59
35 59
41 59
48 59
54 59
5 59
13 59
23 59
32 59
44 59
53 59
7 59
19 59
36 59
50 59
11 59
30 59
57 59
26 59
1 59
45 59
17 59
0 39
25 39
34 39
43 39
52 39
4 39
16 39
29 39
42 39
56 39
15 39
35 39
54 39
23 39
53 39
36 39
30 39
1 39
22 39
37 39
49 39
8 39
24 39
47 39
9 39
41 39
13 39
7 39
11 39
45 39
31 39
55 39
20 39
51 39
27 39
32 39
50 39
17 39
46 39
33 39
21 39
44 39
26 39
58 39
3 39
19 39
40 39
