5
5
97
40
18
17
100
58 99
92 66
38 53
14 99
0 23
0 42
22 99
83 99
0 49
0 69
2 99
66 99
0 74
15 99
3 99
0 70
68 27
0 57
0 27
0 8
0 53
90 99
0 72
41 99
0 92
36 99
0 96
0 99
27 99
92 99
26 99
43 99
94 99
50 99
12 99
11 99
45 99
88 34
24 99
51 99
54 99
62 99
9 99
74 99
0 7
35 99
19 99
79 99
63 99
13 99
88 30
57 99
76 99
81 99
71 99
72 99
86 99
89 99
21 99
82 99
73 99
80 99
88 20
42 99
0 95
70 99
0 15
0 91
0 62
56 99
84 99
20 99
78 99
61 99
0 50
98 99
6 99
48 99
68 99
49 99
94 62
0 87
30 99
0 88
94 72
64 99
65 99
14 10
32 99
29 99
85 99
10 99
93 99
47 99
4 99
59 99
77 99
33 99
39 99
1 99
