5
21
46
91
6
20
100
5 99
67 41
14 99
62 99
41 99
39 99
45 93
85 93
29 93
56 93
61 93
59 93
89 93
35 93
75 96
35 83
89 83
12 83
96 85
28 83
85 83
56 83
43 83
86 83
2 41
94 41
86 41
53 41
43 41
39 41
14 62
39 62
94 62
11 5
37 5
50 5
14 5
67 39
50 39
50 14
32 94
86 94
53 94
2 94
96 89
61 89
36 96
33 96
59 89
85 89
56 89
35 89
28 43
65 43
19 43
67 43
2 43
51 86
23 86
32 86
53 86
19 86
51 7
65 2
19 2
7 2
12 2
67 2
36 3
0 30
36 92
19 28
65 28
12 28
7 28
35 28
19 67
7 67
12 67
75 92
30 3
65 35
12 35
61 35
59 35
98 22
98 9
78 8
63 98
30 98
78 40
95 40
95 48
0 33
0 63
0 77
76 48
95 71
76 71
95 66
