5
50
96
97
42
79
100
41 99
71 99
49 99
78 99
1 99
25 99
67 99
80 99
0 87
0 33
2 99
56 82
0 12
37 4
85 99
0 56
5 99
75 99
36 99
38 99
23 99
87 99
13 99
76 99
9 61
43 99
0 66
0 37
56 99
61 99
90 99
66 99
93 99
57 99
98 77
15 99
77 99
92 99
52 99
24 99
58 99
45 99
14 99
89 99
35 99
6 99
82 99
32 99
22 99
59 99
47 99
98 99
17 99
0 51
37 99
20 99
29 99
21 99
86 99
40 99
87 57
0 45
51 99
95 99
74 99
34 99
83 99
9 99
0 40
0 72
27 99
94 99
18 99
0 55
0 29
0 30
0 10
0 44
36 55
88 99
54 99
62 99
84 99
60 99
4 99
30 99
28 99
16 99
19 99
0 99
65 99
63 99
91 99
33 99
68 99
46 99
70 99
0 35
0 94
48 99
