5
29
13
27
31
47
100
12 59
40 5
11 25
6 25
48 25
52 25
55 25
50 25
36 35
20 35
37 16
44 35
0 34
0 32
0 3
14 10
45 23
48 18
34 18
34 10
52 10
6 26
45 17
45 8
45 14
26 10
33 20
33 11
38 22
38 6
15 12
15 11
56 46
3 46
9 46
15 37
7 28
8 2
50 2
26 2
14 57
32 57
37 28
43 57
20 43
21 43
24 43
44 43
41 19
41 52
56 17
41 21
56 3
56 51
55 12
56 52
14 36
32 34
11 34
20 34
36 34
3 34
40 48
56 53
40 32
9 55
56 21
56 58
30 32
40 44
21 30
51 32
21 14
40 26
58 44
58 53
17 32
3 32
12 32
4 32
36 32
1 53
12 53
49 53
51 36
49 36
44 36
17 20
49 50
3 8
52 12
19 12
23 8
37 44
24 12
42 14
11 44
3 11
3 14
22 52
