5
17
19
3
11
55
100
92 97
68 97
81 97
0 25
0 37
0 31
0 16
0 42
64 97
12 97
52 97
63 97
0 45
0 14
30 97
79 97
80 97
49 97
83 97
5 97
39 97
70 97
14 97
10 97
53 97
84 97
48 97
47 97
16 97
71 97
80 56
77 56
75 56
72 56
94 56
16 56
52 56
50 20
26 56
0 87
0 38
10 56
54 56
0 8
0 10
12 56
14 56
37 56
49 56
93 56
39 56
28 56
89 56
9 56
18 56
27 56
73 56
48 56
34 56
0 51
31 56
28 75
52 35
70 56
13 56
46 56
67 56
96 56
42 56
15 88
79 88
23 88
41 88
76 88
92 88
46 88
62 88
89 88
52 88
86 88
1 88
27 88
0 59
25 88
84 88
32 88
45 88
10 88
12 88
72 88
59 88
4 88
33 88
94 88
93 43
68 43
67 43
76 43
26 43
78 43
