5
67
87
78
74
51
100
34 33
0 1
97 98
17 98
50 73
72 73
27 77
39 77
97 77
75 76
61 62
3 2
97 63
64 63
30 60
61 60
23 60
59 60
43 44
3 10
34 35
3 4
46 45
33 55
56 55
18 55
9 53
95 91
95 20
94 70
92 29
31 64
92 91
19 20
65 64
43 64
27 64
29 28
66 27
48 25
18 17
24 25
33 91
22 21
83 20
84 20
33 38
15 20
18 10
2 23
37 23
38 23
22 23
4 70
86 50
71 70
16 70
69 70
50 49
47 48
14 48
82 81
8 7
5 6
10 4
69 6
9 4
39 5
56 4
15 16
50 16
40 17
31 32
31 85
31 65
30 9
68 46
65 66
59 46
61 43
83 82
69 57
57 56
1 85
71 85
84 85
10 86
84 33
11 33
66 13
36 33
2 71
39 83
84 83
10 9
2 1
11 12
38 39
37 38
40 39
