5
87
96
85
83
41
100
40 43
39 43
38 43
57 64
45 46
61 64
58 64
49 50
14 21
2 3
29 35
18 21
15 21
97 99
78 84
81 84
66 82
71 84
89 98
86 90
84 88
95 99
91 98
86 89
90 98
80 84
67 84
37 42
35 42
34 42
29 36
31 36
40 36
32 36
30 36
28 33
29 37
30 37
23 26
39 36
33 36
37 38
35 38
27 31
94 98
93 98
86 92
88 92
95 92
91 97
93 88
94 97
91 88
74 84
77 84
82 67
81 67
79 72
74 72
66 76
68 69
78 72
80 72
68 76
73 76
80 69
82 77
78 81
76 72
69 81
73 81
71 81
77 81
79 81
76 81
71 74
66 74
67 74
68 75
68 70
65 74
70 74
75 74
76 69
82 69
71 77
66 78
67 77
76 77
66 79
68 79
82 65
67 79
68 73
78 79
68 67
65 79
70 79
70 80
6 7
