5
41
64
38
59
18
83
0 99
81 83
20 22
45 47
68 70
48 50
52 53
54 56
30 32
94 96
95 97
19 21
15 17
56 58
53 55
73 75
74 76
72 74
71 73
71 72
69 70
47 49
46 48
32 34
33 35
75 76
67 69
65 66
67 68
14 16
78 80
77 79
26 28
27 29
77 78
25 27
24 26
21 23
22 24
23 25
1 3
2 4
3 5
6 8
4 5
7 9
8 10
42 44
43 45
44 46
82 84
83 85
86 88
87 89
85 87
84 86
28 29
30 31
13 15
12 14
98 97
34 35
92 94
91 93
88 90
91 92
89 90
93 95
9 11
12 13
10 11
31 33
6 7
62 63
52 54
49 51
50 51
56 57
36 37
81 82
79 80
60 61
0 2
