5
84
83
15
64
74
100
35 88
0 34
30 88
75 88
3 88
40 88
53 88
23 88
48 88
63 36
10 88
0 44
87 88
76 88
6 88
28 88
16 88
67 88
42 88
66 88
77 88
27 88
2 88
46 88
17 88
55 88
86 88
59 88
50 88
18 88
54 88
31 88
6 56
14 88
80 88
68 88
79 88
34 88
0 23
0 48
39 88
8 36
32 36
25 36
26 36
73 36
77 36
52 36
85 1
1 36
4 36
0 85
10 36
0 63
85 36
86 36
50 28
14 36
44 36
67 36
0 46
0 2
0 6
0 35
0 26
28 36
13 36
31 36
49 36
65 36
19 36
66 36
43 36
18 36
0 41
40 36
75 36
27 36
20 36
11 36
53 36
12 33
0 10
9 33
21 33
51 33
10 33
82 33
0 3
0 79
11 33
19 33
24 33
20 33
8 33
72 33
47 33
3 33
43 33
87 33
