5
3
6
14
19
17
100
16 99
21 99
23 8
32 99
62 8
4 8
0 45
67 8
54 8
70 8
0 26
0 69
88 8
0 10
49 8
5 8
24 8
18 8
43 8
73 8
15 8
46 2
78 8
9 8
81 8
22 8
76 8
28 62
56 8
7 8
10 8
16 8
42 8
64 8
60 8
34 8
59 8
2 8
83 8
89 8
33 47
7 47
34 47
29 16
38 16
0 15
20 16
4 16
5 15
7 16
35 16
22 16
50 16
81 16
15 16
32 16
35 68
49 68
15 68
97 68
79 68
75 68
97 69
1 69
9 69
0 22
49 69
56 22
18 22
15 22
89 22
33 22
27 22
25 22
86 22
45 22
34 22
96 22
58 22
94 32
9 32
0 18
7 18
97 18
4 18
98 18
26 18
33 18
34 18
65 18
21 18
36 18
80 18
66 48
35 48
33 48
34 48
36 48
0 63
20 63
