5
31
55
85
89
30
100
45 99
38 99
0 10
32 99
86 99
54 99
29 99
4 99
51 99
16 99
10 99
61 99
25 99
34 99
46 99
9 99
75 99
21 99
60 99
71 99
14 99
66 99
40 99
11 99
87 99
47 99
42 99
49 99
1 99
81 99
59 99
76 99
36 99
22 99
44 99
56 99
83 99
39 99
57 99
6 99
52 99
50 99
80 99
82 99
98 99
43 99
3 99
33 99
35 99
37 99
2 99
41 99
20 99
70 99
0 99
78 99
74 99
88 99
48 99
0 13
28 99
15 99
24 99
0 72
7 99
17 99
97 99
96 99
95 99
19 99
0 53
5 99
69 99
67 99
72 99
91 99
13 99
77 99
27 99
90 99
73 99
0 6
64 99
18 99
12 99
53 99
93 99
8 99
63 99
68 99
62 99
79 99
26 99
41 94
22 94
86 94
60 94
38 94
82 94
0 94
