5
98
18
36
41
78
86
0 84
40 80
58 99
32 64
86 64
0 7
25 4
52 13
83 8
14 83
53 70
57 64
83 70
48 64
33 64
45 74
2 62
16 62
95 62
70 28
94 28
32 74
39 74
90 29
97 59
97 60
79 92
38 92
97 92
39 92
15 24
96 24
37 24
11 65
61 21
90 65
45 56
31 30
45 68
45 43
91 69
44 51
19 1
73 56
91 8
5 87
63 56
96 31
70 31
91 19
5 80
39 84
4 51
77 68
71 90
15 2
76 12
77 8
3 51
33 72
12 51
79 76
16 61
34 17
26 50
32 35
71 61
32 10
34 13
20 22
72 73
38 67
44 68
85 84
97 38
73 22
63 71
54 12
1 17
96 17
63 50
89 27
46 97
85 44
81 46
43 15
