5
56
44
8
33
13
100
0 3
49 59
4 59
5 59
40 59
0 26
9 59
0 21
52 59
41 59
26 59
0 40
0 2
0 49
0 50
0 34
16 59
28 59
0 59
37 59
57 59
48 59
55 59
6 59
45 59
30 59
42 59
2 59
7 59
10 59
34 59
0 6
39 59
29 59
15 59
11 59
23 59
36 59
43 59
31 59
32 59
22 59
54 59
17 59
0 32
38 59
51 59
53 59
0 47
35 59
27 59
19 59
47 59
0 28
0 16
25 59
0 29
18 59
14 59
50 59
12 59
21 59
3 59
21 24
1 59
4 24
28 24
16 24
19 24
22 24
52 24
32 24
41 24
37 48
36 24
57 24
48 24
25 24
17 24
35 24
53 24
31 24
0 24
18 24
49 24
55 24
0 37
26 24
38 24
1 24
23 24
34 24
42 24
58 3
46 24
3 24
43 24
0 14
9 24
15 24
