5
77
50
78
2
26
100
0 79
0 64
0 66
34 1
31 1
73 1
4 1
38 1
36 1
22 1
61 1
19 1
28 1
58 1
18 1
48 1
0 42
60 1
53 1
16 1
9 1
14 1
49 1
64 1
0 3
68 1
69 1
59 1
30 1
41 1
6 1
59 42
72 1
5 42
54 1
70 1
44 1
8 1
43 1
11 1
10 1
63 1
0 16
73 11
21 16
0 73
75 73
48 73
67 73
24 27
66 73
4 73
47 73
3 63
19 63
22 63
4 63
19 41
17 41
23 41
31 12
3 12
0 60
38 60
9 60
3 60
3 72
70 72
32 72
54 64
4 64
49 64
31 13
3 13
71 62
4 62
17 62
27 62
59 62
43 62
21 45
71 76
74 76
69 76
20 76
4 47
18 47
0 37
30 75
32 37
39 37
0 17
70 4
18 4
23 4
65 4
30 4
0 25
51 4
22 4
