5
11
64
40
74
27
100
5 96
18 96
0 55
61 96
78 96
0 89
32 96
58 96
29 96
82 96
0 26
9 96
0 5
0 18
0 78
0 93
25 96
30 96
94 96
0 82
0 7
0 76
20 96
21 96
0 75
10 96
0 39
80 96
88 96
42 96
34 96
0 72
65 96
0 47
54 96
38 96
75 96
90 96
51 96
2 58
70 96
89 96
28 96
91 96
95 96
0 2
36 96
86 96
0 61
0 10
31 96
4 96
26 96
22 96
59 72
6 96
43 96
79 96
57 96
63 96
0 50
85 96
19 96
87 96
8 96
19 1
52 96
0 96
56 96
45 96
7 96
23 96
35 96
81 96
14 96
62 96
67 96
72 96
53 96
47 96
92 96
17 96
3 96
48 96
49 96
69 96
16 96
1 96
24 96
37 96
77 96
12 96
41 96
55 96
0 91
39 96
76 96
83 96
58 10
0 90
