5
67
43
7
83
70
100
82 89
44 58
0 88
48 46
72 27
48 71
6 24
72 80
72 11
6 25
44 71
13 10
18 10
34 10
72 6
12 30
71 30
72 44
72 88
31 33
31 42
47 32
75 40
9 30
75 76
11 38
11 66
60 30
34 30
53 30
65 45
86 45
85 45
27 64
27 39
4 63
66 63
25 63
19 68
9 63
24 68
55 60
27 35
27 40
16 52
59 52
18 52
53 52
88 35
41 6
53 35
87 16
37 16
15 16
39 77
76 77
80 69
27 21
88 42
27 34
88 76
37 69
61 12
73 69
55 69
14 69
5 69
37 66
61 51
22 66
39 66
15 66
61 28
64 12
86 14
8 14
71 14
59 46
42 57
80 57
36 57
18 57
26 78
64 37
4 57
49 57
85 57
73 65
17 42
28 37
5 74
34 74
78 28
33 84
80 84
33 18
56 26
8 2
8 80
55 33
