5
42
23
75
40
39
83
62 99
18 55
3 4
92 34
21 70
92 3
1 99
54 70
15 99
63 99
86 99
54 93
12 81
77 48
8 66
84 66
53 29
71 29
15 29
28 2
65 4
52 86
74 86
17 84
43 3
34 3
1 27
95 68
17 68
14 88
8 68
67 27
34 33
14 9
26 27
37 55
97 16
24 6
37 60
81 53
67 6
45 53
60 46
5 46
73 38
80 28
31 78
82 63
94 14
25 65
44 49
32 45
72 49
51 98
58 81
34 62
41 87
31 43
80 32
58 36
44 51
19 80
95 13
89 36
44 55
59 13
57 13
25 62
93 73
94 60
94 71
91 64
50 61
10 56
50 36
51 79
19 72
93 72
60 72
36 87
64 81
55 5
10 26
