5
65
28
45
31
58
100
80 99
46 99
0 99
1 99
38 99
41 99
63 49
0 12
89 99
67 99
0 63
48 99
55 99
64 99
0 81
95 99
9 99
0 84
0 41
0 30
3 99
69 99
63 99
44 99
54 99
87 99
0 68
92 99
81 99
19 99
50 99
0 67
53 99
15 99
68 99
84 99
8 99
78 99
0 39
33 99
88 99
13 99
2 99
52 99
35 99
29 99
26 99
73 99
34 99
91 99
42 69
14 99
96 99
43 99
71 99
94 99
0 83
75 99
49 99
25 99
40 99
12 99
0 33
0 32
0 89
5 99
0 17
0 13
6 99
0 8
93 99
0 62
0 3
0 76
0 22
0 77
0 69
7 99
51 99
22 99
37 41
70 99
0 14
57 99
36 99
0 43
35 20
0 37
0 42
97 99
30 99
20 99
0 16
82 99
56 99
42 99
83 99
59 99
23 99
18 99
