5
54
36
22
57
3
100
0 98
25 98
42 98
66 98
9 98
61 98
37 98
23 98
41 98
5 98
24 98
50 98
60 98
17 98
21 98
67 62
85 62
24 62
15 62
21 62
26 62
86 62
91 62
81 62
58 62
77 62
0 42
90 62
68 62
96 62
71 62
31 23
16 14
0 67
78 62
97 62
51 62
83 62
95 62
42 62
23 62
10 5
31 5
12 62
5 62
75 62
65 62
53 60
92 60
0 25
25 60
10 9
85 60
81 60
34 60
0 60
79 60
9 60
37 60
65 60
42 60
10 60
94 60
41 60
69 60
73 60
51 60
90 60
87 60
15 60
0 86
80 60
96 60
4 60
0 59
14 60
88 60
31 95
14 95
48 95
5 95
13 95
71 41
24 95
41 95
0 16
4 95
63 95
0 95
69 95
37 95
2 95
42 95
23 95
15 95
26 95
17 9
0 9
66 9
37 9
