5
17
51
50
49
30
100
6 10
48 52
47 52
45 52
44 46
42 46
41 46
39 43
40 43
38 43
37 43
48 43
47 43
44 45
41 45
40 42
39 42
38 42
37 42
48 42
44 47
38 41
39 41
40 41
37 41
39 44
40 44
38 44
33 37
36 37
35 37
32 34
31 34
29 34
40 34
39 34
36 38
33 38
29 35
32 35
31 35
39 35
33 40
32 36
29 36
31 36
32 33
29 33
27 31
28 31
25 31
23 26
24 26
21 26
22 26
32 26
28 29
25 29
23 27
24 27
22 27
21 27
28 32
24 25
22 25
23 25
18 21
20 21
19 21
23 28
24 28
20 22
19 22
16 18
15 18
14 18
13 18
23 18
19 24
15 20
16 20
14 20
13 20
14 19
15 19
16 19
10 13
12 13
11 13
8 9
5 9
7 9
6 9
15 9
5 10
16 9
12 14
10 14
6 11
5 11
