5
35
58
54
79
3
100
20 90
93 99
15 99
7 99
83 99
33 99
0 99
18 99
31 99
82 99
12 99
52 99
50 99
68 99
51 49
16 99
83 71
60 99
34 99
32 99
0 83
0 77
43 99
98 26
91 99
98 62
88 99
65 99
64 99
49 99
0 51
29 99
30 99
96 99
87 99
74 99
81 99
21 99
55 99
59 99
9 99
13 99
56 99
70 99
66 99
98 27
36 99
24 99
98 83
73 99
44 99
98 99
92 99
75 99
42 99
71 99
53 99
88 9
75 9
76 99
1 99
48 99
45 99
20 99
62 99
39 99
17 99
94 99
26 99
80 99
40 99
27 99
0 98
5 99
67 99
63 99
38 99
62 22
74 22
9 22
32 22
60 22
37 22
27 22
5 22
87 22
82 22
75 22
98 22
83 22
40 22
80 90
21 22
20 22
70 22
33 22
40 60
42 22
66 22
61 22
