5
22
92
48
60
21
100
29 38
95 44
95 31
54 38
7 38
67 38
41 82
3 38
20 80
1 82
86 82
64 82
24 82
57 10
41 90
58 90
76 90
36 90
41 46
89 46
85 46
87 68
6 68
17 65
42 68
57 65
51 65
69 16
91 65
32 65
78 65
20 25
84 65
83 88
2 88
86 88
98 80
62 80
20 41
24 80
59 80
29 80
4 80
33 80
86 71
57 15
54 15
66 50
20 19
20 69
34 50
40 50
79 32
19 32
36 32
77 7
70 7
84 7
52 2
34 2
29 2
20 51
20 76
20 35
36 2
41 2
75 2
84 26
4 2
23 26
45 26
33 26
4 26
1 87
47 87
69 87
86 87
5 55
56 55
39 11
1 11
85 11
36 58
45 58
28 91
83 58
17 91
84 16
79 16
8 98
53 98
74 98
31 61
81 61
17 4
51 4
5 40
8 4
93 40
96 40
