5
38
11
42
44
25
100
0 56
17 99
0 96
66 99
36 4
0 76
66 4
0 36
90 99
6 99
0 17
94 99
74 99
63 99
0 15
10 99
75 99
84 99
41 99
71 99
98 99
74 73
55 99
39 73
21 99
65 99
68 99
73 99
79 99
32 99
34 99
22 12
56 99
87 99
0 74
60 99
86 99
9 99
30 99
19 99
53 99
0 99
64 99
48 99
2 99
1 99
29 99
16 99
0 18
47 99
18 99
78 99
40 99
37 99
13 99
28 99
7 99
0 66
5 99
0 77
0 39
0 63
86 35
85 99
91 99
87 79
62 99
67 99
88 99
92 99
0 95
35 99
82 99
0 40
69 99
0 87
0 86
58 99
76 99
26 99
50 99
93 99
22 99
14 99
8 99
12 99
83 99
0 65
16 43
45 43
31 43
1 43
49 43
72 43
81 43
0 24
0 43
19 47
71 43
4 43
