5
57
39
62
85
82
100
63 99
13 99
10 99
75 99
17 99
24 99
56 99
14 99
26 99
36 99
42 99
35 99
7 99
50 99
67 99
84 99
97 99
28 99
46 99
0 16
43 99
29 99
1 99
93 99
90 99
80 99
92 99
22 99
30 99
33 99
51 99
98 99
70 99
74 99
25 99
31 99
5 99
37 99
66 99
68 99
15 99
4 99
6 99
69 99
23 99
96 99
76 99
32 99
81 99
59 99
2 99
49 99
47 99
3 99
41 99
83 99
33 63
45 99
55 99
72 99
89 99
11 99
16 99
19 99
91 99
60 53
47 53
50 53
26 53
46 53
35 53
6 53
24 53
40 53
74 53
77 53
81 53
75 53
18 53
22 53
11 53
51 53
5 53
93 53
25 53
0 6
16 53
27 53
29 53
12 53
73 53
67 53
59 53
89 53
88 53
58 53
55 53
72 53
33 53
48 53
