5
12
33
70
13
74
100
0 91
0 20
29 91
42 91
34 91
46 91
25 91
77 91
82 91
88 91
18 91
76 91
9 91
27 91
83 91
47 91
7 91
37 91
85 91
14 91
61 91
52 91
87 91
56 91
0 79
60 91
80 91
89 91
79 91
0 44
40 91
0 89
84 91
48 91
35 91
44 91
0 26
0 42
63 91
28 91
90 91
43 91
36 91
66 91
19 91
16 91
21 91
58 91
62 91
51 91
5 91
3 91
78 91
81 91
49 91
0 71
67 91
65 91
64 91
0 43
6 91
4 91
0 45
55 91
57 91
67 29
45 91
38 91
1 91
22 91
75 91
20 91
32 91
0 67
54 91
73 91
17 91
68 91
72 91
39 91
23 91
11 91
26 91
41 91
8 91
59 91
76 35
0 21
15 91
10 91
53 91
86 91
24 91
30 91
50 91
71 91
2 91
28 31
69 91
61 31
