5
85
19
57
23
87
100
0 99
53 99
2 99
31 99
89 99
44 99
71 99
38 99
58 99
90 99
4 99
30 99
33 99
10 99
52 99
74 99
86 99
67 99
37 99
41 99
17 99
43 99
88 99
0 55
0 42
0 86
51 99
54 99
3 99
0 92
48 99
7 99
0 84
0 1
77 99
0 96
83 99
0 98
26 99
55 99
80 99
79 99
20 99
68 99
35 99
29 99
96 99
93 99
12 99
21 99
36 99
6 99
67 65
96 65
15 65
88 65
40 65
0 50
0 43
94 65
86 65
74 65
42 65
0 65
14 65
38 65
39 65
8 65
10 65
28 65
5 65
77 65
50 65
62 35
54 65
70 6
0 62
0 26
63 65
6 65
35 65
53 65
37 65
20 65
61 65
73 65
9 65
13 65
4 65
52 65
32 65
75 65
25 65
38 33
41 33
86 33
80 33
49 33
20 33
97 33
