5
24
80
81
83
18
100
0 16
5 99
59 99
91 99
52 99
0 47
10 99
35 99
0 71
0 70
53 99
0 98
0 43
0 61
0 41
15 99
0 95
0 53
0 40
79 99
4 99
2 99
14 99
21 99
45 99
56 99
30 99
16 99
40 99
85 99
94 99
76 99
28 99
90 99
64 99
39 99
43 99
96 99
0 97
68 99
0 26
92 99
73 99
6 99
7 99
41 99
9 2
97 99
20 99
0 60
0 9
49 99
0 5
27 99
72 99
0 39
67 99
0 46
0 88
93 99
19 99
31 49
13 99
36 99
75 99
44 20
0 7
42 34
59 34
0 34
78 34
9 34
20 34
66 34
0 29
13 34
58 34
96 34
38 34
43 34
65 34
0 31
5 34
56 34
92 34
6 34
12 34
0 65
14 34
0 56
70 34
69 34
85 34
55 34
36 34
21 34
0 64
0 96
29 34
54 34
