5
97
3
41
23
51
100
76 99
0 45
0 14
64 99
44 40
0 40
75 99
39 99
35 99
20 99
90 99
98 99
14 99
13 99
25 99
11 99
83 99
66 99
40 99
55 99
38 99
17 99
31 46
74 76
43 99
93 99
68 99
32 99
81 99
0 94
21 99
74 99
4 99
34 99
0 16
94 99
1 99
96 99
95 99
53 99
0 74
72 99
0 62
0 34
0 71
9 99
28 99
29 99
73 99
80 99
86 99
59 99
37 33
24 99
5 99
18 99
77 99
61 99
50 99
31 99
26 99
89 99
52 99
0 37
0 59
6 99
79 99
22 99
33 99
69 99
54 99
0 75
0 83
63 99
46 99
2 99
0 86
57 99
47 99
12 99
58 99
10 99
0 79
65 99
0 84
60 99
88 99
85 99
67 99
42 99
92 99
84 99
62 99
48 99
82 99
30 99
71 99
87 99
45 99
19 99
