5
35
72
79
26
54
100
48 68
83 11
53 99
70 99
55 13
66 13
1 33
73 33
37 33
5 19
46 33
39 33
2 87
50 69
62 87
42 87
85 87
73 87
30 87
94 60
81 8
80 46
61 46
66 46
30 29
55 29
98 25
32 18
81 4
5 40
49 91
5 4
96 91
48 27
5 11
81 34
81 20
4 27
28 82
90 82
86 82
12 82
62 82
12 36
74 95
92 39
19 39
95 17
12 17
62 37
6 92
45 92
78 44
6 93
6 68
14 55
70 62
71 44
6 73
84 44
85 44
28 76
61 52
70 53
96 48
96 89
53 41
53 7
53 42
75 38
47 63
22 51
20 57
51 57
93 57
15 76
93 76
15 19
43 77
10 56
80 56
66 56
32 56
11 61
30 56
50 61
94 61
59 61
34 73
4 64
43 12
58 64
15 51
1 51
88 59
21 59
43 4
45 58
20 90
45 48
