5
16
33
17
8
41
100
0 99
57 99
60 99
82 99
42 99
31 99
2 99
23 99
72 83
39 99
22 99
0 75
11 99
45 99
81 99
29 99
38 37
84 99
93 99
14 99
56 99
44 99
37 99
79 99
94 99
66 99
35 99
77 99
92 99
53 99
0 95
55 99
52 99
49 99
74 99
80 99
97 99
86 99
0 98
65 99
18 99
61 39
85 99
98 99
9 99
63 99
19 99
96 99
51 99
0 61
0 38
28 99
53 83
0 57
58 99
0 11
0 67
31 79
89 99
30 99
88 99
21 99
0 80
7 61
10 61
0 31
0 28
23 39
54 61
25 61
90 61
82 61
48 61
58 61
83 61
26 61
0 23
5 61
85 61
87 61
84 61
32 61
4 61
28 61
92 61
34 61
46 61
69 61
40 61
22 61
19 61
95 61
13 61
74 61
56 61
0 70
12 61
0 36
18 5
57 61
