5
88
69
65
86
1
100
74 98
0 32
0 41
0 72
56 98
27 98
81 98
84 98
54 98
36 98
80 98
30 98
32 98
50 98
54 16
26 98
89 98
18 98
0 63
13 98
40 98
16 98
57 98
83 98
61 98
93 98
49 98
73 98
96 98
59 98
29 98
0 98
64 98
71 98
30 29
87 98
24 98
55 98
37 98
63 98
52 98
78 98
47 98
97 98
51 98
2 98
12 98
31 98
94 98
21 98
5 98
20 98
53 98
75 98
95 98
0 38
15 98
42 98
8 98
11 98
43 98
60 98
68 98
14 98
3 98
91 98
9 98
19 98
66 98
90 98
85 98
34 98
67 98
23 98
35 98
72 98
58 98
6 98
17 98
44 98
46 98
70 98
38 98
62 98
22 98
7 98
25 98
4 98
10 98
92 98
82 98
39 98
33 98
79 98
77 98
41 98
48 98
45 98
6 28
76 98
