5
25
84
2
57
55
100
77 93
42 93
26 93
90 93
81 93
21 93
62 93
69 93
82 93
4 93
54 93
8 93
0 31
0 76
0 51
43 93
0 30
22 93
86 93
23 93
52 93
0 12
76 93
41 93
39 93
14 93
11 93
92 93
59 93
66 93
70 93
28 93
14 19
49 19
48 20
0 92
0 4
16 19
0 53
0 78
0 90
24 19
22 19
83 19
63 19
41 19
0 80
0 49
0 52
85 19
6 19
73 19
0 41
0 45
0 13
76 19
70 19
80 19
0 59
0 1
66 19
18 43
17 19
0 82
67 19
92 19
0 21
8 19
0 11
38 19
0 15
3 19
5 19
46 19
0 18
0 23
67 41
72 19
39 19
29 19
13 19
33 19
45 19
15 19
28 19
81 19
0 79
0 69
7 27
0 3
37 79
68 27
24 27
40 27
73 27
79 27
44 27
80 27
15 27
74 27
