5
59
4
95
88
87
100
0 61
53 99
92 99
21 99
86 99
66 99
56 99
42 99
83 99
0 14
46 99
12 99
30 99
0 19
26 40
0 24
0 91
0 94
0 26
0 46
77 99
29 99
0 43
75 99
96 99
81 99
60 52
58 52
84 52
19 52
39 52
65 52
22 52
9 52
16 81
40 81
27 63
69 81
98 81
89 81
44 81
27 79
14 81
43 81
29 81
79 81
9 81
23 81
22 81
43 62
35 62
27 58
89 62
27 7
78 18
27 28
54 62
53 62
64 62
47 62
27 40
27 10
5 85
27 77
68 62
17 62
13 62
56 62
58 46
98 62
39 46
10 46
90 46
13 46
6 77
30 46
31 77
17 46
60 46
27 31
54 46
49 42
56 46
93 42
63 42
18 42
85 42
94 42
28 42
91 42
38 42
66 21
82 42
27 72
3 21
48 21
28 21
57 21
44 21
23 21
