5
43
23
51
28
3
100
59 90
60 90
30 36
2 90
39 90
64 90
52 90
14 90
84 90
11 90
75 90
36 90
85 90
27 90
82 90
50 90
78 90
0 29
24 90
0 36
69 59
33 90
34 90
9 90
48 90
80 90
26 90
18 90
1 90
10 90
5 90
63 90
20 90
0 90
0 56
25 90
68 90
4 90
61 90
62 90
6 90
70 90
72 90
16 90
35 90
69 90
37 90
30 90
79 90
47 90
65 90
12 90
74 90
54 90
0 30
57 90
40 90
81 90
46 90
13 90
45 90
15 90
44 90
55 90
77 90
65 58
22 90
66 90
67 90
0 7
17 90
86 90
58 90
73 90
0 65
53 90
7 90
29 90
85 38
76 90
25 56
32 90
69 21
85 74
31 90
56 90
38 90
19 90
42 90
49 90
71 90
21 90
88 90
8 90
83 90
89 90
41 90
63 87
7 87
0 87
