5
43
32
65
34
49
100
0 70
0 20
0 38
0 23
26 70
0 47
63 70
22 70
0 26
0 57
0 46
0 66
61 70
0 53
17 53
0 58
0 11
0 17
21 70
0 22
0 9
60 42
51 70
14 70
0 54
21 60
64 70
48 3
15 70
45 70
44 70
48 70
18 70
3 70
29 70
54 70
55 70
57 70
13 70
11 70
50 70
24 70
0 21
53 70
1 70
4 70
8 70
23 27
66 70
0 7
40 70
60 70
69 70
59 70
10 70
0 60
48 36
2 70
0 25
0 48
47 70
0 3
8 30
37 70
0 28
0 68
14 61
0 61
25 30
46 30
60 30
41 30
46 36
47 30
5 30
36 30
15 30
39 30
45 30
17 30
18 30
4 30
0 8
37 33
42 30
22 30
33 30
6 30
14 30
2 30
62 30
0 37
24 30
0 62
0 40
0 14
0 67
0 1
57 30
3 30
