5
57
24
46
11
4
84
32 67
10 67
38 3
7 42
0 52
5 3
35 3
68 3
39 3
8 3
18 3
1 52
0 33
64 52
34 52
61 52
56 26
2 36
33 41
1 41
0 9
60 9
13 9
45 9
19 20
29 20
64 66
15 61
1 66
6 54
34 21
7 59
49 59
0 42
60 42
44 49
2 5
68 5
10 5
31 5
49 37
58 37
40 37
14 13
68 51
0 25
0 15
58 51
60 51
0 2
0 12
0 64
15 19
44 27
64 7
65 17
58 14
58 47
12 6
56 6
62 6
7 6
29 6
43 68
2 7
14 25
62 16
39 10
30 16
15 16
45 16
27 10
56 45
17 45
1 45
2 47
33 15
39 2
1 2
56 2
62 2
58 1
34 1
39 14
