5
1
93
91
95
90
100
96 99
98 99
97 99
92 99
89 94
87 94
85 94
76 86
86 94
84 94
81 94
88 94
83 94
96 82
67 72
8 14
11 27
80 82
71 82
72 82
47 55
48 54
51 63
56 67
49 55
45 55
73 82
10 16
0 8
9 12
18 27
0 3
76 82
12 28
67 79
78 82
75 82
42 56
10 12
0 6
74 82
79 82
77 82
92 82
97 82
88 98
81 98
89 98
66 80
84 98
87 98
86 98
46 55
83 98
73 85
80 85
72 85
55 69
75 85
76 85
71 85
78 85
74 85
0 2
92 85
79 85
65 77
96 85
97 85
69 77
0 9
88 77
34 50
18 23
15 28
60 61
0 7
13 22
17 28
81 77
64 77
87 77
62 77
86 77
70 77
84 77
66 77
68 77
67 77
63 77
52 66
61 77
83 77
74 89
80 89
79 89
96 89
76 89
0 10
97 89
