5
33
20
46
17
47
100
0 99
81 99
49 99
66 99
60 99
3 99
35 99
32 99
86 99
14 99
28 99
55 99
25 99
89 99
0 72
50 99
73 99
98 99
51 99
13 99
0 26
82 99
24 99
0 78
12 99
22 99
48 99
43 99
87 97
57 99
56 99
96 99
26 99
40 99
2 99
0 23
7 99
45 99
59 99
77 99
9 99
65 99
78 99
30 99
15 99
81 84
0 28
72 10
69 36
0 85
10 84
0 43
0 13
0 87
0 86
51 84
55 84
39 84
82 45
76 84
94 84
0 98
15 84
0 52
0 82
0 51
83 84
93 84
44 84
1 84
95 84
48 12
0 37
13 84
25 84
0 48
41 84
21 84
24 84
28 84
16 84
18 84
0 64
0 24
6 84
91 84
60 84
74 84
88 84
26 84
98 84
30 84
73 84
35 84
19 84
72 84
54 84
2 84
22 84
12 84
