5
20
69
26
55
18
100
0 99
76 28
65 99
54 99
68 99
28 99
96 99
52 99
0 38
57 99
77 99
0 76
0 63
0 83
0 78
90 99
84 99
38 99
13 99
87 99
92 99
48 99
0 49
66 99
2 99
41 99
42 99
31 99
17 99
7 99
89 99
60 76
10 99
0 92
72 99
0 25
19 99
0 62
47 25
83 99
80 99
76 99
0 60
95 99
0 87
58 99
22 99
73 99
14 99
6 99
15 99
36 79
59 99
78 99
71 99
16 99
0 17
0 68
51 99
33 99
25 99
53 99
30 99
34 99
86 99
11 99
5 99
61 99
91 99
23 99
64 99
21 99
36 99
32 99
0 47
0 52
75 99
41 7
50 99
1 99
82 99
49 99
94 99
8 51
39 99
63 99
9 30
97 99
98 99
74 99
88 99
45 99
27 99
37 99
9 99
4 99
35 99
81 99
67 99
3 99
