5
23
24
90
25
75
100
0 99
34 99
62 99
81 99
14 99
32 99
22 99
46 99
67 99
37 99
70 99
79 99
0 44
0 15
0 60
66 99
47 99
1 99
0 98
58 99
73 99
88 99
54 99
89 99
72 99
38 99
40 99
39 99
83 99
49 99
64 99
3 99
71 99
93 99
13 99
69 99
80 99
59 99
84 99
77 99
4 99
0 79
12 99
16 99
52 99
15 99
0 55
45 99
42 99
86 99
33 99
30 99
57 99
43 99
7 99
41 99
31 99
20 99
61 99
0 35
65 99
97 99
44 99
9 99
17 99
91 99
96 99
11 99
35 99
19 99
2 99
63 99
26 99
50 99
92 99
53 99
5 99
6 99
0 20
56 99
60 99
29 99
28 99
48 99
10 99
74 99
36 99
27 99
76 99
78 99
87 99
98 99
68 99
18 99
55 99
82 99
8 99
85 99
94 99
51 99
