5
16
11
95
35
58
100
71 99
44 4
25 99
91 99
0 99
23 99
0 32
38 99
27 43
70 99
74 99
73 99
0 44
0 43
62 99
96 99
2 99
36 99
27 92
0 8
76 99
27 99
87 99
51 99
97 99
17 99
0 70
27 63
0 40
44 99
48 99
89 99
0 33
0 37
0 27
46 99
79 99
59 99
68 99
79 6
43 61
3 99
57 99
6 99
61 99
98 99
80 99
54 99
30 99
75 99
66 99
72 99
14 99
65 99
88 99
85 99
77 99
41 99
0 46
0 85
78 99
10 99
40 99
26 99
82 99
0 87
49 99
55 99
93 99
7 99
34 99
56 99
1 99
43 99
0 79
92 99
21 99
83 99
84 99
15 99
6 65
0 59
63 99
20 99
31 99
94 99
19 99
4 99
9 99
18 99
42 99
13 99
92 40
0 14
0 94
13 67
0 22
52 99
0 92
0 13
