5
51
90
43
82
7
100
58 78
40 97
59 97
88 97
1 97
42 97
0 18
79 41
0 56
0 17
31 97
3 97
76 97
48 97
21 97
0 38
18 97
0 68
2 33
10 97
9 97
91 97
61 97
44 97
25 97
33 97
24 97
96 97
62 97
53 97
15 97
16 97
47 97
37 97
32 97
42 66
5 66
0 79
94 66
15 66
0 27
63 66
95 66
83 66
78 66
64 66
26 66
59 66
56 66
53 66
28 66
50 66
0 74
1 66
29 66
40 66
3 66
47 66
85 66
33 57
39 66
44 66
57 66
75 66
69 66
37 66
36 66
8 93
37 93
0 13
69 93
68 93
0 46
33 93
14 93
17 93
0 93
54 93
13 93
96 93
44 93
81 93
0 16
39 93
22 93
48 93
71 93
52 93
0 89
80 93
0 92
77 93
47 93
62 74
23 93
10 93
11 93
18 93
74 93
88 93
