5
23
14
25
13
29
100
71 84
17 84
36 84
31 84
11 84
48 84
43 84
1 84
15 84
83 84
61 84
60 84
21 84
20 84
75 84
64 84
68 84
24 84
63 84
33 84
76 84
80 84
0 73
56 84
50 84
72 84
79 84
55 84
12 22
54 84
3 84
28 84
22 84
27 84
6 84
19 84
69 84
44 84
78 84
41 84
40 65
12 65
51 65
33 65
4 65
18 65
52 65
3 65
71 65
60 65
64 65
31 65
36 40
1 65
80 65
37 65
6 65
43 65
47 65
59 65
39 65
46 65
0 22
58 65
26 65
56 65
72 65
68 65
16 65
61 65
9 65
15 65
5 65
78 65
81 65
70 65
24 65
18 75
2 65
55 65
11 74
59 74
0 62
4 74
24 74
50 74
43 74
39 74
77 74
44 74
62 74
56 74
53 74
61 74
15 74
34 74
0 36
0 16
0 12
0 18
