5
55
7
2
56
63
77
45 21
51 83
54 83
11 3
76 83
59 3
52 97
74 3
17 75
32 97
23 97
51 17
54 89
16 89
84 4
18 4
5 4
25 44
8 54
23 50
0 34
77 35
27 35
34 71
90 37
70 88
33 53
26 53
41 87
27 87
12 25
60 1
92 1
62 33
9 24
82 24
47 61
94 12
69 27
70 59
40 62
98 59
34 9
15 22
70 22
30 22
85 65
95 74
0 70
65 81
34 60
90 60
72 39
67 39
45 13
32 13
72 23
76 32
68 32
98 72
0 15
82 79
70 20
70 36
68 66
94 93
70 91
31 11
34 48
28 70
68 40
15 66
10 98
51 93
69 40
8 11
47 34
