5
35
21
92
5
3
100
64 98
83 98
69 98
61 98
18 98
46 98
6 98
7 98
43 75
29 98
90 98
79 98
59 98
13 98
93 98
11 98
2 98
0 73
14 98
95 98
76 98
47 98
33 98
0 61
28 34
17 98
32 98
50 98
65 98
60 98
43 73
0 90
0 28
78 98
9 98
0 98
63 98
12 98
27 98
80 98
22 98
26 98
51 9
39 98
47 41
1 98
73 98
57 98
41 98
0 43
0 40
67 98
70 98
55 98
68 98
0 17
4 98
44 98
81 98
31 98
74 98
58 98
24 98
97 98
36 98
77 98
10 98
62 57
20 98
0 47
0 62
0 11
84 98
42 98
43 98
23 98
8 98
0 10
37 98
91 98
94 98
54 98
85 98
52 98
78 82
28 98
38 98
49 98
48 98
0 69
82 98
40 98
34 98
56 98
87 98
75 98
66 98
45 98
51 98
16 98
