5
18
17
68
29
84
100
0 99
6 99
33 83
0 36
0 13
51 99
0 71
0 73
78 99
77 99
12 99
76 99
75 99
43 99
11 99
53 99
61 99
70 99
36 99
26 13
87 99
16 99
27 99
21 99
0 20
48 99
53 88
42 99
34 99
49 99
13 99
0 33
62 99
73 99
19 99
0 21
25 99
0 26
0 38
47 99
5 99
23 99
74 99
15 99
2 99
90 99
63 99
58 99
39 99
0 53
66 99
8 99
1 99
38 99
0 67
9 99
88 99
0 44
64 99
45 99
72 99
35 99
56 99
65 99
41 99
40 99
95 99
50 99
80 99
82 99
98 99
94 99
10 99
57 99
92 99
14 99
22 99
86 99
0 62
81 99
57 21
96 99
7 99
90 13
66 98
31 99
54 99
85 99
60 99
3 99
55 99
44 99
26 99
93 99
4 99
28 99
30 99
46 99
67 99
59 99
