5
1
98
42
7
77
86
0 99
95 97
90 92
26 28
75 76
52 54
35 37
34 36
51 53
62 64
61 63
46 48
58 60
57 59
56 58
55 57
54 56
34 35
31 33
32 33
30 32
25 27
5 6
2 4
3 4
40 41
37 39
38 39
95 96
92 94
93 94
91 93
9 11
10 12
8 10
53 55
89 91
88 90
87 89
86 88
85 87
84 86
83 85
82 84
81 83
80 82
79 81
78 80
45 47
44 46
63 65
64 66
36 38
60 62
59 61
25 26
22 24
23 24
21 23
20 22
19 21
18 20
17 19
16 18
43 45
29 31
28 30
27 29
51 52
48 50
49 50
15 17
14 16
13 15
12 14
11 13
73 74
72 74
71 73
70 72
69 71
68 70
67 69
66 68
65 67
47 49
