5
69
81
94
62
78
100
0 22
5 99
0 83
0 90
0 17
0 27
0 75
33 99
9 99
41 99
82 84
0 65
73 37
71 99
34 99
38 99
73 99
75 99
49 99
54 99
0 63
83 43
51 99
35 99
85 99
53 99
84 99
86 99
70 99
0 28
88 99
66 99
42 99
59 99
43 99
61 99
76 99
0 32
28 99
37 99
27 99
2 99
95 99
96 99
12 99
18 99
87 99
30 99
14 99
23 99
19 99
58 99
44 99
39 99
0 82
22 99
4 99
92 99
0 89
0 7
64 99
67 99
97 99
90 99
0 5
0 19
56 99
68 99
93 99
0 60
89 99
0 79
0 53
0 88
55 99
0 42
13 99
35 17
91 99
17 99
8 99
0 99
0 14
16 99
45 99
25 99
63 99
6 99
40 99
0 58
0 91
0 92
0 96
0 11
0 3
15 99
9 60
0 10
0 57
0 9
