5
44
90
51
39
2
74
81 27
9 27
19 29
6 29
3 29
26 29
0 1
24 29
20 17
28 29
49 29
45 25
5 25
0 76
0 20
80 24
3 1
3 84
91 92
79 82
3 10
78 8
78 68
32 23
24 23
72 23
35 23
8 21
22 21
95 40
89 40
52 34
55 34
46 42
9 42
70 42
20 42
63 84
73 68
71 66
67 66
75 65
87 65
45 61
24 53
71 24
17 24
88 54
50 54
8 11
8 7
48 45
32 45
30 22
12 16
12 73
22 17
94 76
4 1
98 87
12 5
9 58
86 1
5 20
55 77
10 22
41 22
4 22
5 10
15 14
16 17
82 18
6 17
18 74
