5
75
79
30
48
45
100
20 99
34 99
4 99
89 99
0 96
87 99
0 70
0 17
10 99
26 52
34 32
1 98
83 99
73 99
24 99
0 87
6 99
26 51
39 99
68 71
59 99
25 99
53 99
0 99
5 99
0 68
96 99
42 99
22 99
51 99
43 99
21 99
55 99
90 99
7 99
41 99
81 99
0 26
71 99
19 99
15 99
47 99
32 99
23 99
31 99
0 94
0 82
0 34
0 10
92 99
0 4
33 99
0 57
2 99
14 99
77 99
91 99
12 99
0 22
71 58
86 99
0 27
0 92
13 99
0 63
0 42
0 55
8 99
69 99
58 99
56 99
84 99
0 8
26 99
46 99
0 1
0 12
86 94
38 99
72 99
44 99
57 99
61 99
28 99
66 99
65 99
88 99
1 99
85 99
0 50
74 99
40 99
36 99
80 99
32 41
49 99
18 99
0 32
11 99
25 32
