5
30
66
64
44
2
100
0 26
0 47
0 63
0 67
90 7
33 99
94 99
0 46
78 99
5 99
13 99
20 99
65 99
39 99
23 99
80 1
8 1
37 1
51 1
32 91
79 1
71 1
53 1
48 1
29 1
56 54
43 54
4 54
94 54
33 54
83 54
55 54
74 54
56 90
88 14
18 14
8 14
25 14
93 14
97 14
31 14
61 24
68 24
88 24
6 24
72 24
22 24
13 24
58 24
97 24
79 24
89 24
75 24
6 26
81 51
8 26
59 26
19 51
20 51
26 51
16 31
55 70
94 70
40 70
67 70
9 70
18 70
58 70
43 70
85 70
56 84
82 70
7 70
32 69
12 75
69 75
25 75
5 75
37 75
82 75
13 75
48 75
39 43
5 43
73 43
9 43
77 43
20 43
74 43
72 43
40 43
63 48
12 48
87 48
95 48
90 48
34 48
9 48
49 48
19 36
