5
21
52
78
50
63
87
28 73
62 73
72 73
58 10
46 10
56 10
98 86
8 86
58 86
23 75
22 61
33 75
94 75
24 75
61 69
94 16
98 16
14 16
62 16
37 35
18 79
92 97
22 97
11 97
88 97
41 97
22 38
12 97
45 97
89 97
28 90
49 9
54 90
92 42
88 90
67 15
61 90
42 55
0 76
28 55
17 18
95 55
6 25
87 58
1 77
92 17
0 30
22 32
0 46
30 64
39 77
93 24
24 77
70 7
71 93
85 87
47 15
26 32
56 5
2 60
17 76
32 64
11 76
17 81
80 87
88 7
17 46
56 32
24 32
60 38
45 93
26 57
38 3
11 23
83 93
62 3
57 40
62 20
95 15
40 15
80 95
44 40
88 12
45 98
12 19
95 40
11 31
