5
48
69
25
62
2
100
29 79
47 79
55 79
73 36
0 45
0 4
19 36
21 79
60 36
9 34
43 55
10 55
17 55
13 32
0 73
51 68
29 32
5 32
45 32
70 32
63 32
77 32
13 4
43 75
6 75
15 75
13 29
1 64
1 29
30 45
1 19
1 5
54 42
56 73
56 30
66 42
5 64
47 45
5 42
5 53
5 76
20 45
5 24
58 45
27 45
57 24
71 8
19 8
17 8
4 8
17 42
43 42
57 20
63 59
10 29
58 29
59 44
28 44
63 77
53 3
63 58
63 21
20 44
18 3
78 3
7 44
53 18
7 3
53 16
58 59
7 19
20 3
58 21
9 3
52 3
7 59
67 19
17 19
77 19
22 33
22 67
7 68
30 6
16 67
9 67
37 16
59 67
23 16
6 60
52 67
12 60
46 60
52 60
43 77
43 59
64 59
16 59
37 22
24 65
68 18
