5
26
17
12
78
34
100
31 99
0 11
81 99
76 99
56 99
38 99
72 1
58 1
66 4
27 1
10 1
74 56
49 56
0 13
61 22
21 56
22 46
36 46
13 46
21 46
0 61
79 76
85 76
70 76
50 76
77 76
35 76
71 15
0 86
80 15
72 15
0 94
18 15
89 15
59 15
45 22
0 97
73 10
72 10
71 79
71 54
7 58
50 10
71 64
4 10
62 10
44 7
88 40
44 18
68 95
51 95
54 95
60 95
81 43
5 43
24 43
52 66
40 43
88 52
7 43
16 18
68 18
21 52
69 18
52 18
3 18
52 98
72 98
19 98
49 98
22 93
74 25
5 25
21 36
67 25
5 96
33 40
82 25
90 25
36 2
5 58
21 33
29 94
87 62
58 62
4 62
28 27
6 3
45 65
21 86
90 65
86 65
5 67
22 19
86 19
6 19
91 19
14 64
74 64
54 79
