5
88
86
81
57
78
100
50 99
56 99
65 99
90 99
82 99
83 99
76 99
54 99
58 74
77 99
50 58
89 99
59 99
79 99
94 99
55 99
80 99
51 99
68 99
74 99
70 99
85 99
72 99
50 93
92 99
73 99
61 99
50 59
91 99
98 99
52 99
62 99
50 69
58 99
93 99
67 99
83 75
82 75
50 79
70 75
85 75
69 75
68 75
50 75
80 75
58 75
77 75
53 75
73 75
59 75
91 75
51 75
79 75
56 75
76 75
94 75
54 75
61 75
50 95
63 75
74 75
55 75
50 71
97 75
50 80
90 98
84 98
72 98
73 98
92 98
51 98
80 98
82 98
50 98
68 98
93 98
74 98
77 98
69 98
50 61
71 98
91 98
58 98
65 98
70 98
94 98
66 98
97 98
89 98
76 98
55 98
85 98
56 98
64 98
95 98
61 98
96 98
54 98
52 98
0 49
