5
98
52
24
19
53
100
83 99
36 99
75 99
50 99
76 99
63 99
82 99
70 99
20 99
21 99
89 99
29 99
87 99
51 99
88 99
22 99
80 99
69 99
8 99
5 99
7 99
18 99
42 99
61 99
57 99
85 99
39 99
32 99
0 57
91 99
92 99
44 99
66 99
93 99
71 99
0 40
0 23
16 99
81 99
45 99
34 99
67 99
54 99
40 99
17 99
10 99
90 99
9 99
11 99
95 99
2 99
3 13
0 69
37 99
0 11
56 99
1 99
41 99
30 99
25 99
0 3
27 99
15 99
12 99
48 99
65 99
0 27
0 59
47 99
0 95
86 99
4 99
77 99
55 99
0 99
0 7
72 99
0 73
31 99
0 37
97 99
96 99
3 99
0 72
13 99
62 99
43 99
38 99
59 99
28 99
33 99
64 99
79 99
78 99
71 43
84 99
68 99
73 99
58 99
94 99
