5
27
40
34
41
90
100
0 6
39 99
26 99
52 99
29 99
16 99
10 99
19 99
59 99
76 99
95 99
88 99
62 99
63 99
92 99
96 99
35 99
97 99
33 99
25 99
69 99
57 99
5 99
18 99
60 99
31 99
54 99
77 99
78 99
22 99
9 99
11 99
72 99
4 99
32 99
44 99
98 99
8 99
51 99
24 99
71 99
87 99
82 99
89 99
12 99
85 99
1 99
93 99
67 99
53 66
21 66
0 72
60 19
0 47
0 32
13 66
0 5
0 97
24 66
20 33
84 66
31 66
85 66
71 66
28 66
3 66
22 66
72 66
68 66
70 66
89 66
52 66
0 67
0 9
0 24
70 15
0 84
0 44
96 66
0 29
0 20
15 66
0 43
37 66
0 36
0 74
55 66
45 66
67 66
63 66
43 66
49 66
44 66
47 66
97 66
38 66
0 75
23 66
9 66
95 66
