5
83
94
40
23
93
100
84 99
28 99
25 99
78 99
55 99
2 99
0 99
66 99
57 99
47 99
86 99
59 99
26 99
39 99
68 89
0 46
17 24
7 99
0 13
4 99
89 99
60 99
30 99
0 76
50 99
91 99
74 99
73 99
72 99
36 99
87 99
92 99
20 99
70 99
64 99
0 68
96 38
81 99
85 99
38 99
19 99
31 56
24 99
15 99
71 99
10 99
21 99
58 99
0 64
61 99
45 99
77 99
12 99
82 58
42 99
69 99
35 99
75 99
88 99
0 82
56 99
0 78
6 99
62 99
68 99
46 99
44 99
5 99
3 99
51 99
22 99
0 88
90 99
13 99
80 99
0 31
1 99
0 2
0 65
0 30
61 65
49 99
14 99
82 99
63 99
8 99
33 99
0 61
0 27
11 99
96 99
43 99
0 74
18 99
97 99
0 15
32 99
0 29
0 28
51 95
