5
12
54
71
33
32
75
34 85
0 62
87 57
81 57
52 57
8 57
47 51
78 76
19 83
8 83
67 83
55 86
0 84
29 5
0 18
4 88
0 41
28 18
48 87
23 5
73 5
68 80
27 5
68 60
43 20
25 36
26 60
17 60
84 18
14 58
25 9
63 58
37 27
26 27
73 27
39 82
62 64
47 64
72 35
88 64
78 59
56 64
79 61
23 1
11 61
26 49
73 49
41 38
11 6
20 23
87 49
59 6
35 38
29 11
79 44
10 63
13 42
2 73
45 69
66 30
9 24
69 30
75 69
53 69
50 55
16 13
10 55
62 2
31 2
45 7
9 2
72 22
17 20
75 7
17 46
