5
43
87
20
24
9
100
6 99
80 99
66 99
46 99
49 99
97 99
42 99
70 99
88 99
28 99
16 99
69 92
0 50
35 98
83 92
70 92
0 47
0 35
0 57
0 94
0 61
48 92
98 92
63 92
34 92
85 92
6 92
78 92
84 92
26 92
0 75
0 46
0 96
74 54
0 28
88 92
16 92
2 92
32 92
60 92
65 21
29 21
0 74
54 21
4 21
58 21
40 21
41 21
81 74
11 94
37 21
83 21
34 94
0 51
19 94
76 94
66 94
97 94
25 94
50 94
18 94
32 94
62 94
17 94
69 94
0 72
44 72
56 72
29 72
50 72
8 72
55 72
17 72
81 91
23 72
15 85
38 72
30 72
95 57
18 72
34 72
77 53
89 53
75 53
81 53
0 91
4 53
61 53
60 53
84 53
0 15
59 53
73 53
0 76
28 53
0 81
13 53
15 53
18 53
0 95
