5
95
9
11
22
62
100
15 96
40 96
0 51
28 96
4 96
89 96
0 42
10 96
56 96
65 96
0 57
20 96
55 96
64 96
49 96
30 96
27 96
67 96
72 96
66 96
74 96
33 96
60 96
57 96
78 96
83 96
0 96
14 96
84 96
26 96
12 96
75 5
91 96
75 96
80 96
81 96
69 96
17 96
5 96
53 96
82 96
0 46
18 96
0 13
0 87
34 96
47 96
35 96
6 96
37 96
76 96
2 96
8 96
13 96
36 96
79 96
86 96
7 96
42 96
24 96
32 96
63 96
92 96
90 96
25 96
48 96
70 96
0 82
0 92
46 96
59 96
54 96
1 96
68 96
50 96
45 96
3 96
39 96
93 96
29 96
0 75
51 96
31 96
44 96
88 96
52 96
61 96
71 96
21 96
41 96
85 96
23 96
0 70
58 96
19 96
38 96
87 96
16 96
73 96
77 96
