5
23
50
82
3
78
100
80 93
51 93
18 93
52 93
15 93
39 93
31 93
0 60
0 36
0 41
21 93
79 93
0 52
0 8
0 16
27 93
68 93
73 93
85 93
43 93
0 20
16 93
36 93
92 93
48 93
0 58
30 93
81 93
77 93
10 93
88 93
0 40
57 93
67 37
46 93
41 93
91 93
34 93
38 93
4 93
87 93
69 93
71 93
11 93
17 93
63 93
0 93
32 93
53 93
28 93
61 93
62 93
55 93
35 93
0 67
0 22
70 93
45 93
20 93
76 93
24 93
90 93
84 93
14 93
40 93
47 93
9 93
75 93
5 93
8 93
74 93
37 93
67 93
60 93
0 73
22 93
59 93
2 93
54 93
42 93
83 93
89 93
7 93
58 93
86 93
6 93
44 93
13 93
29 93
72 93
64 93
25 93
0 79
33 93
19 93
26 93
65 93
66 93
56 93
0 33
