5
24
68
63
89
65
100
12 99
53 99
98 99
7 99
0 45
62 99
46 99
26 99
9 99
82 99
25 99
46 13
0 80
54 99
60 99
0 2
0 46
18 99
0 86
13 99
1 99
20 99
45 99
31 99
15 99
41 99
87 99
77 99
84 99
57 99
0 17
31 21
0 3
33 34
36 99
93 99
72 99
48 99
67 99
21 99
78 99
31 14
0 35
42 99
0 33
88 99
80 99
52 99
85 99
14 99
83 99
75 99
29 99
0 79
22 99
6 99
64 99
79 99
34 99
32 99
74 99
33 99
97 99
70 99
58 99
59 99
10 99
90 99
37 99
0 96
11 99
17 99
0 99
8 99
2 99
55 99
56 99
91 99
96 99
47 99
28 99
51 99
95 99
76 99
49 99
35 99
44 99
86 99
3 99
16 99
66 99
0 81
92 99
27 99
23 99
71 99
69 99
43 99
4 99
94 99
