5
66
53
65
61
60
100
81 99
73 99
67 99
0 34
75 99
0 38
79 99
86 99
62 99
58 99
85 99
72 99
68 99
80 99
84 99
64 99
83 99
90 99
89 99
78 99
0 43
76 99
97 99
93 99
87 99
0 27
92 99
82 99
94 99
0 8
98 99
88 99
95 99
72 91
45 91
73 91
79 91
47 91
51 91
63 91
75 91
70 91
81 91
48 91
80 91
74 91
58 91
71 91
59 91
78 91
84 91
69 91
0 41
76 91
86 91
92 91
87 91
98 91
90 91
93 91
97 91
89 91
94 91
83 91
95 91
72 88
62 88
50 88
78 88
45 88
55 88
0 31
54 88
70 88
79 88
74 88
63 88
43 88
48 88
71 88
75 88
69 88
67 88
85 88
97 88
96 88
92 88
87 88
83 88
95 88
93 88
89 88
98 88
90 88
84 88
49 81
41 81
33 81
57 81
55 81
