5
3
7
11
15
19
93
0 99
0 1
23 1
26 1
29 1
32 1
35 1
38 1
41 1
44 1
47 1
50 1
53 1
56 1
59 1
62 1
65 1
68 1
71 1
74 1
77 1
80 1
83 1
86 1
89 1
92 1
95 1
98 1
5 1
9 1
13 1
17 1
21 1
25 1
30 1
34 1
39 1
43 1
48 1
52 1
57 1
61 1
66 1
70 1
75 1
79 1
84 1
88 1
93 1
97 1
6 1
12 1
18 1
24 1
31 1
37 1
45 1
51 1
58 1
64 1
72 1
78 1
85 1
91 1
2 1
10 1
20 1
28 1
40 1
49 1
60 1
69 1
81 1
90 1
4 1
16 1
33 1
46 1
63 1
76 1
94 1
14 1
36 1
55 1
82 1
8 1
42 1
73 1
22 1
67 1
27 1
96 1
54 1
