5
26
55
14
60
50
100
0 31
0 41
0 70
0 68
49 99
0 4
44 99
11 99
75 99
35 99
4 99
7 99
86 99
93 99
94 99
80 99
70 99
77 99
9 99
46 74
87 99
42 99
0 5
88 99
92 99
17 29
64 99
45 99
31 99
74 99
59 99
78 99
32 99
38 99
67 99
10 99
12 99
30 99
37 99
0 97
69 97
9 97
93 31
59 97
40 97
18 97
83 97
57 97
91 97
53 97
87 18
44 97
76 97
10 97
58 97
1 97
81 97
75 97
32 97
89 97
39 97
46 97
78 97
47 97
48 97
25 97
88 97
36 97
72 97
93 97
33 97
38 51
56 97
64 97
51 97
84 35
88 35
21 35
16 35
7 35
5 35
58 35
17 35
38 35
27 35
72 35
0 45
73 35
90 35
29 35
45 35
67 35
34 35
25 35
39 35
4 35
94 35
83 35
0 13
0 46
