5
61
29
38
37
53
100
44 82
13 82
74 82
56 82
0 82
0 71
0 47
0 74
80 82
24 82
72 82
23 82
0 78
50 82
16 82
41 82
81 82
0 76
21 82
1 82
54 82
75 82
0 36
7 82
0 31
78 82
0 33
22 64
71 64
66 64
0 23
13 12
24 64
0 21
0 1
13 62
56 64
0 69
0 68
0 13
14 64
54 55
42 64
57 14
75 64
57 64
20 64
51 64
8 64
55 64
57 34
57 66
77 64
57 56
80 64
17 64
43 64
62 64
31 64
18 21
57 8
57 3
12 64
41 64
65 64
60 64
50 64
9 64
4 64
21 64
23 64
6 64
36 64
58 64
63 64
6 13
16 13
55 13
5 13
1 47
14 13
48 78
47 78
77 78
9 78
23 78
62 78
2 78
34 78
43 78
10 78
70 78
4 78
57 5
57 80
12 78
49 78
39 78
5 78
80 78
