5
32
20
40
15
7
100
0 38
0 69
43 74
0 46
28 74
66 74
73 74
0 58
71 74
46 74
44 74
0 11
0 48
33 74
54 74
42 74
58 74
17 74
11 74
23 74
48 74
38 74
60 47
30 74
31 74
57 74
1 74
25 74
59 74
3 74
10 74
0 4
55 74
35 74
24 74
67 74
0 60
56 74
4 74
2 74
21 74
60 74
51 74
45 74
69 74
36 74
34 74
0 1
29 74
0 74
12 74
39 74
64 74
27 74
8 74
18 74
70 74
6 74
52 74
37 74
16 74
9 74
63 74
0 61
5 61
47 74
0 62
0 21
14 74
49 74
61 74
0 6
72 74
53 74
13 74
50 74
65 74
19 74
26 74
68 74
10 41
5 74
22 74
36 62
41 74
52 62
59 62
41 62
48 62
11 62
10 62
66 62
22 62
14 62
67 62
55 62
33 62
1 62
54 62
0 8
