5
11
35
20
77
63
100
0 1
79 89
98 99
88 89
86 96
97 98
87 88
2 12
3 4
3 13
97 88
78 88
12 13
22 23
21 31
12 22
78 79
59 69
68 69
87 78
67 68
58 68
58 59
48 49
39 49
48 58
57 58
57 67
66 67
85 76
86 76
75 76
56 66
62 72
75 66
21 30
57 66
64 65
55 65
74 65
75 65
55 56
57 56
46 56
38 48
46 47
37 47
38 47
28 29
28 38
19 29
17 27
29 39
57 47
46 37
36 37
28 37
36 27
6 16
25 26
26 27
17 8
17 18
6 7
16 7
8 18
9 18
28 27
19 18
16 17
44 45
16 26
55 46
45 36
54 45
53 54
64 55
44 54
22 31
22 32
13 23
13 14
73 64
73 74
83 74
84 74
61 70
62 71
14 23
52 61
62 61
84 75
84 85
94 85
95 86
95 85
96 87
84 94
92 93
4 5
