5
79
77
93
97
90
75
81 86
76 83
88 89
82 86
82 88
96 98
66 80
80 82
67 75
66 75
70 76
68 76
68 67
58 65
69 68
47 58
64 67
46 58
71 70
47 69
61 70
71 72
61 72
62 73
22 23
0 11
10 26
10 22
30 31
30 33
26 22
32 33
53 54
32 42
41 42
47 48
45 54
56 63
35 36
49 50
31 28
40 45
39 45
34 31
34 35
42 43
40 52
50 51
52 51
61 45
24 36
28 36
37 36
37 40
37 39
24 29
11 12
11 23
24 17
16 17
28 23
17 25
16 15
14 15
48 35
48 44
48 49
14 13
55 54
55 56
2 30
2 9
2 7
3 6
0 1
