5
32
61
40
15
45
100
91 98
92 98
67 98
43 98
38 98
37 98
8 98
68 98
5 98
53 98
72 98
96 98
24 98
59 98
25 98
7 98
0 78
1 98
57 98
82 98
74 98
93 98
69 98
78 98
28 98
80 98
0 21
0 87
0 36
0 26
0 22
0 16
49 98
0 23
41 98
55 98
12 98
0 70
46 98
48 98
52 98
0 35
30 98
3 98
89 98
0 98
18 98
76 98
79 98
34 98
66 98
88 98
77 98
86 98
20 98
2 98
56 98
23 98
42 98
90 60
33 98
0 5
0 64
26 98
0 79
0 90
0 46
70 98
31 98
81 98
97 98
73 98
16 98
63 98
0 27
0 48
84 98
11 98
51 98
17 98
50 98
54 98
36 98
56 4
71 98
4 98
64 98
22 98
13 98
47 98
85 98
9 98
35 98
14 98
6 98
10 98
83 98
75 98
87 98
90 98
