5
16
71
36
21
85
100
23 30
11 99
1 99
25 99
50 99
0 17
93 99
75 99
54 99
64 99
31 99
9 99
18 99
13 99
77 99
24 99
41 99
14 99
59 99
62 99
27 99
4 99
69 99
55 99
92 99
19 99
3 99
45 99
72 99
87 99
66 99
90 99
0 23
0 82
0 65
0 27
8 99
33 99
94 89
65 99
70 99
20 99
10 99
89 99
7 99
81 99
0 99
91 66
23 99
79 99
76 99
28 99
68 99
53 99
32 99
83 99
91 44
0 92
58 99
39 99
74 99
82 99
40 99
0 47
26 99
5 99
56 99
86 99
61 99
37 99
63 99
47 99
2 99
48 99
35 99
78 99
97 99
94 99
67 99
52 99
60 99
0 81
0 94
14 9
43 99
0 39
0 57
45 29
88 99
0 80
29 99
38 99
49 99
58 65
96 52
0 91
0 14
0 9
0 96
73 99
