5
44
34
33
2
3
80
4 6
4 7
18 21
19 22
9 12
50 53
46 49
42 45
43 46
51 52
50 52
29 32
27 30
29 31
15 18
41 43
42 43
5 7
45 47
45 48
46 47
8 11
37 40
38 40
42 40
41 40
5 8
35 38
35 36
37 38
37 39
7 10
38 39
36 39
42 39
6 8
48 49
48 50
48 47
51 49
50 49
14 17
14 16
13 16
15 17
16 19
22 25
20 23
12 15
12 14
13 15
11 14
20 22
18 19
20 21
16 17
18 17
21 24
23 26
23 25
22 24
21 23
20 19
7 9
9 11
10 13
10 11
12 13
30 32
30 31
27 28
25 28
26 28
29 28
26 29
24 27
25 27
24 26
6 9
8 10
