5
73
95
25
84
6
100
0 99
0 8
0 1
71 32
71 1
71 34
70 36
70 79
70 41
70 47
66 8
28 11
66 86
17 68
66 63
66 28
66 96
66 56
68 99
67 99
11 17
39 99
64 99
94 99
92 99
10 99
15 99
45 7
97 99
35 7
82 7
30 7
83 7
75 7
76 7
89 9
31 9
92 9
27 9
2 9
33 9
15 9
4 9
42 58
94 58
36 39
98 39
34 39
80 39
89 39
72 94
86 94
17 94
83 94
75 94
47 2
10 2
13 2
81 2
54 19
53 19
63 19
23 19
85 19
37 64
80 64
22 64
75 64
96 64
56 89
42 89
20 89
35 89
72 89
8 89
27 49
5 49
59 49
40 49
36 49
98 77
28 77
3 79
45 79
34 79
72 12
14 12
82 12
51 12
50 12
35 12
10 12
60 12
65 12
34 12
45 13
82 13
92 86
91 86
80 86
