5
25
24
46
67
9
84
6 57
14 57
33 41
2 36
1 41
52 26
2 56
34 56
30 45
6 56
16 45
17 45
1 45
27 10
39 10
49 16
5 10
15 16
62 16
60 30
47 53
19 20
40 29
6 29
0 52
55 20
64 4
0 33
0 15
17 4
1 4
33 4
2 15
33 15
19 15
64 66
47 15
52 61
1 66
6 54
34 21
49 59
7 59
42 8
35 3
5 3
44 49
0 64
0 12
0 2
0 42
65 64
35 2
22 1
38 3
28 2
11 7
11 34
38 6
68 3
39 3
1 52
34 52
18 3
7 64
51 58
51 13
51 68
42 7
14 58
5 2
37 58
7 2
13 14
63 6
12 1
62 58
62 34
47 58
39 58
2 1
14 1
5 68
31 43
