5
22
29
58
57
10
80
42 94
59 99
46 85
42 54
42 19
76 5
36 85
89 53
35 98
97 49
97 96
8 49
15 98
16 68
38 68
30 68
91 2
50 2
25 28
27 48
27 93
20 31
94 31
27 34
95 23
93 70
43 23
75 84
38 4
16 18
92 33
17 52
46 23
64 84
28 84
37 84
1 45
77 88
28 45
96 88
21 80
78 90
1 54
96 73
69 60
17 30
6 12
7 50
46 34
1 74
13 79
40 18
12 24
55 24
89 81
40 30
75 30
52 71
13 48
37 35
82 7
49 20
78 35
20 69
48 69
74 26
7 69
70 4
63 59
79 52
86 89
65 48
66 23
48 41
75 26
64 26
47 11
18 11
77 18
33 13
