5
93
80
49
17
11
100
66 99
54 99
48 99
21 99
88 99
67 99
55 99
32 99
36 99
8 99
89 99
70 99
13 99
0 98
38 99
23 33
63 99
64 99
15 99
5 74
81 74
47 74
50 74
0 35
46 74
40 74
42 74
18 74
84 74
83 74
92 63
0 54
69 63
60 63
28 63
67 63
97 63
54 63
0 43
44 63
33 63
37 23
61 63
1 23
26 29
95 23
88 23
39 23
0 66
53 23
42 23
0 23
43 23
0 10
0 53
7 23
0 89
0 26
0 65
82 23
71 23
40 23
90 23
76 23
97 23
67 24
8 72
53 72
42 72
3 72
98 72
0 12
65 72
0 57
0 67
0 85
61 72
0 64
14 50
55 72
0 34
14 24
48 72
89 72
47 72
14 35
9 72
39 72
88 72
33 72
37 72
14 73
48 33
14 78
14 36
14 48
31 82
14 45
14 26
14 57
