5
49
47
90
85
70
100
6 99
0 66
0 5
0 29
82 99
0 31
58 99
55 99
0 53
69 99
24 99
95 99
60 99
22 99
88 93
0 99
48 99
93 99
66 99
74 99
61 99
0 97
0 58
51 99
38 99
71 99
0 88
0 76
98 99
0 51
63 99
30 99
0 34
28 99
75 99
20 99
23 99
0 57
56 99
0 18
44 57
71 37
0 55
45 57
79 57
95 57
18 57
36 89
0 71
0 19
0 36
37 57
13 57
23 57
0 75
31 57
21 57
91 57
0 74
0 50
0 20
51 57
19 57
66 57
36 57
72 27
46 57
61 57
24 57
96 57
38 57
0 87
0 60
78 57
39 57
40 57
32 57
34 57
0 72
42 29
46 29
0 81
92 29
93 29
34 29
98 29
32 29
82 29
24 29
20 29
18 29
59 29
69 29
0 54
64 29
51 29
74 29
0 62
0 1
52 29
