5
40
2
49
16
93
100
87 35
0 95
97 73
0 48
68 73
62 73
55 48
22 48
1 68
45 68
17 68
88 68
56 34
61 34
59 34
5 34
23 38
80 38
90 38
96 38
9 7
96 57
79 57
95 57
28 45
31 45
70 45
28 33
94 5
8 33
76 46
91 46
80 65
1 65
0 85
0 14
0 4
3 47
0 32
3 4
51 65
72 78
88 65
72 67
72 6
72 13
50 65
17 94
22 65
75 64
43 64
81 12
90 64
79 10
13 64
81 98
83 43
85 54
81 79
81 83
81 39
85 37
12 88
92 64
15 64
14 21
61 21
44 37
53 24
13 44
59 24
20 44
6 44
80 27
85 79
43 27
83 23
66 61
56 12
42 12
28 47
60 66
67 66
39 75
77 80
70 29
55 29
15 50
53 88
91 88
23 88
87 88
36 92
22 92
26 92
6 11
90 58
90 14
51 25
90 76
