5
16
14
60
33
38
100
0 99
53 99
21 99
23 99
98 99
37 99
0 79
63 99
87 99
28 99
13 99
59 99
93 99
0 5
48 99
65 99
74 99
9 99
88 99
29 99
43 99
41 99
58 99
1 99
22 99
4 99
94 99
80 99
66 99
97 99
74 7
82 99
51 99
81 99
12 99
85 99
11 99
72 99
77 99
61 99
68 99
47 99
69 99
17 99
8 99
55 99
90 99
92 99
25 99
18 99
3 99
66 23
10 99
73 99
6 99
24 99
76 99
2 99
49 99
67 99
79 99
0 61
34 99
75 99
89 99
52 99
21 61
45 99
42 99
46 99
91 99
44 99
95 99
32 99
62 99
54 99
56 99
86 99
83 99
78 99
7 99
19 99
30 99
27 99
31 99
36 99
70 99
5 99
15 99
71 99
0 66
57 99
26 99
50 99
96 99
20 99
39 99
64 99
84 99
73 72
