5
83
16
49
82
30
100
31 95
59 95
84 95
36 95
73 95
76 95
74 95
92 95
71 95
44 95
1 95
0 95
20 95
56 95
78 95
0 53
35 95
77 95
8 95
89 95
32 95
54 95
52 95
93 95
19 58
51 95
5 95
23 95
46 95
66 95
17 95
80 95
75 95
27 95
22 95
0 10
69 95
25 95
10 95
50 95
6 95
0 66
24 95
87 95
3 95
47 95
57 95
11 70
55 95
65 95
91 95
58 95
45 95
88 95
60 95
0 92
9 95
79 95
0 4
0 12
55 40
0 57
72 95
81 95
84 53
48 95
0 87
34 95
40 95
64 95
7 95
85 95
19 95
0 90
86 95
70 95
0 55
0 13
39 95
94 95
0 11
26 95
13 95
0 36
68 95
0 45
28 95
90 95
38 95
15 95
63 95
11 95
50 69
0 24
0 74
0 78
18 95
41 95
62 95
0 50
