5
94
15
3
50
86
79
0 98
25 99
38 99
71 96
79 99
19 42
91 23
0 29
63 42
10 89
81 62
10 85
81 44
67 62
19 98
19 82
28 27
24 6
65 37
58 42
17 42
43 42
35 34
28 97
25 53
23 34
14 30
28 73
51 88
74 65
20 29
90 53
73 20
92 53
60 53
89 98
83 66
1 7
26 66
21 66
59 22
4 7
63 33
26 4
75 84
98 84
64 84
97 30
61 30
69 29
48 54
23 62
11 93
21 27
56 37
82 37
38 37
63 37
80 17
93 83
18 83
49 47
68 11
68 72
78 72
59 58
56 87
8 11
48 75
87 75
8 16
56 93
8 87
38 9
65 45
88 23
72 1
76 45
28 40
