5
44
42
11
38
25
100
90 99
0 56
17 99
66 99
0 96
6 99
94 99
0 76
0 36
0 17
66 4
74 99
63 99
0 15
10 99
75 99
84 99
41 99
71 99
98 99
74 73
55 99
39 73
21 99
65 99
0 66
68 99
32 99
79 99
73 99
34 99
56 99
87 99
86 99
9 99
60 99
30 99
19 99
53 99
0 99
64 99
48 99
2 99
1 99
29 99
0 18
16 99
47 99
18 99
78 99
40 99
37 99
13 99
28 99
7 99
5 99
86 35
0 77
0 39
85 99
91 99
0 63
62 99
0 74
88 99
0 87
67 99
0 95
35 99
92 99
82 99
69 99
0 40
0 86
58 99
76 99
22 99
26 99
50 99
93 99
14 99
8 99
62 12
83 99
43 99
73 12
16 12
22 12
29 12
0 65
70 12
3 12
56 12
33 12
30 12
1 12
67 12
50 12
0 24
37 83
