5
72
26
78
46
20
100
0 99
33 99
17 99
47 99
49 99
81 99
66 99
60 99
32 99
35 99
3 99
86 99
14 99
28 99
55 99
89 99
25 99
0 28
0 23
0 87
13 99
73 99
50 99
98 99
51 99
24 99
12 99
82 99
0 43
0 85
48 99
0 13
0 86
57 99
0 98
43 99
56 99
96 99
22 99
40 99
0 52
45 99
7 99
2 99
59 99
77 99
9 99
65 99
15 99
27 30
84 99
40 30
0 51
17 30
0 82
48 12
34 30
55 30
50 30
81 30
28 30
36 30
87 30
32 30
80 30
85 30
38 30
5 30
4 30
97 30
0 37
52 30
0 48
0 64
83 30
58 30
91 30
92 30
15 30
62 30
0 39
93 30
0 24
0 33
59 30
68 30
12 30
70 30
84 30
74 30
67 30
82 30
9 30
89 30
63 30
76 30
11 30
75 30
0 29
43 30
