5
38
26
17
98
59
100
88 99
0 99
53 99
9 99
0 85
72 99
77 99
44 55
3 99
91 99
56 99
94 99
5 99
43 99
2 99
60 99
1 99
85 99
45 99
29 99
0 20
0 96
0 37
34 99
40 99
61 99
19 64
0 44
39 99
48 99
64 99
73 99
15 99
28 99
80 99
79 99
1 77
0 19
62 99
20 99
32 99
87 49
0 29
46 99
54 99
0 91
0 22
0 82
87 99
49 99
57 99
30 99
87 70
89 99
36 99
42 99
41 99
78 99
0 87
0 84
71 99
67 99
63 99
21 99
7 99
1 40
0 57
0 2
75 99
0 34
0 1
65 99
0 12
96 99
11 99
10 84
51 99
68 84
0 7
43 84
13 84
19 84
18 84
5 84
14 84
32 84
48 84
1 84
89 84
94 84
96 84
20 84
78 84
27 84
21 84
60 84
56 84
86 84
71 84
29 84
