5
58
41
39
82
27
100
11 93
19 93
43 93
53 93
32 93
80 93
86 93
17 93
0 52
0 45
0 28
0 71
0 73
46 93
35 84
55 93
0 10
36 93
37 93
38 14
13 93
0 35
18 93
88 93
65 93
0 6
18 67
0 34
45 93
9 93
0 7
0 18
0 38
54 93
6 93
75 93
20 93
92 12
25 12
74 12
20 12
34 12
24 12
0 60
54 12
91 12
60 12
17 12
65 12
14 12
62 12
8 12
92 66
67 66
6 66
0 57
23 66
43 66
62 66
0 31
0 37
75 66
0 3
38 66
20 66
36 66
83 66
70 66
53 66
50 66
91 66
31 66
89 66
57 66
62 60
80 66
26 60
25 60
43 60
64 60
21 60
59 60
48 60
19 60
2 60
0 69
90 60
33 60
7 60
24 60
73 60
29 60
70 60
57 60
34 60
71 60
84 60
11 44
31 44
55 44
