5
16
71
91
25
23
100
0 11
0 99
74 99
32 57
0 58
73 99
38 99
0 95
70 99
62 99
2 99
96 99
35 99
97 99
0 44
36 99
0 32
0 27
0 43
87 99
0 70
0 8
0 40
0 33
0 37
94 58
0 46
0 85
0 79
87 59
0 59
0 94
76 99
68 99
95 99
17 99
79 99
51 99
89 99
44 99
3 99
46 99
57 99
92 27
6 99
48 99
80 99
61 99
98 99
59 99
27 99
54 99
0 92
0 14
30 99
72 99
75 99
66 99
65 99
14 99
0 87
77 99
0 22
0 6
0 13
0 2
0 72
88 99
0 77
78 99
0 82
41 99
10 99
85 99
26 99
82 99
0 7
34 99
31 50
0 80
49 99
0 75
0 98
0 31
0 96
0 68
0 26
7 99
40 99
55 99
93 99
56 99
43 99
1 99
15 99
98 10
58 99
21 99
83 99
84 99
