5
12
17
11
61
31
100
76 99
0 13
79 45
0 94
0 86
0 97
81 99
34 99
56 99
38 99
23 78
37 78
1 99
5 78
42 78
38 78
45 65
90 65
86 65
19 65
6 3
18 3
68 28
62 27
1 27
45 28
63 96
38 28
71 79
5 96
71 54
71 44
71 15
88 40
88 52
71 64
52 96
73 96
66 87
57 96
32 96
97 87
35 70
62 87
88 21
76 70
45 70
20 70
91 70
23 59
84 59
30 59
15 59
86 59
26 42
66 80
34 75
7 80
40 80
34 92
97 80
13 80
15 80
57 80
22 80
36 63
37 84
20 84
47 84
34 68
34 66
34 43
86 89
15 89
39 89
6 89
56 49
38 89
81 49
47 49
52 98
18 98
22 19
72 98
22 93
90 25
19 98
82 25
74 25
67 25
58 5
2 25
67 5
21 5
90 7
90 24
90 30
90 13
24 43
97 51
