5
5
94
43
12
11
79
9 14
70 75
95 97
90 92
82 87
85 87
64 69
29 34
81 86
84 89
86 91
93 91
88 93
85 90
83 88
67 72
63 68
79 84
80 82
72 77
75 77
74 79
71 76
74 76
83 81
68 73
66 71
67 69
68 70
63 65
60 65
57 62
60 62
59 64
56 61
63 61
54 59
50 55
52 57
53 55
46 51
54 56
48 53
44 49
47 49
42 47
50 52
40 45
41 46
39 44
37 42
35 40
33 38
31 36
34 36
27 32
37 39
30 32
33 35
13 18
25 30
15 20
10 15
17 22
19 21
19 24
23 28
21 26
22 24
18 20
25 27
29 31
26 28
18 23
73 78
83 78
56 58
6 8
2 4
