5
70
69
87
28
54
100
16 90
65 90
81 90
61 90
34 90
30 90
58 90
71 90
12 90
35 90
6 90
38 90
72 90
74 90
8 90
49 90
46 90
67 90
22 90
21 90
76 90
89 90
80 90
4 90
0 63
0 90
0 79
48 90
16 32
0 11
83 72
0 64
86 90
1 90
0 29
0 44
0 83
0 39
50 90
9 90
7 90
62 90
32 90
64 90
0 56
79 90
0 55
5 90
0 75
0 61
0 62
45 90
27 90
43 90
11 90
0 5
3 90
0 30
23 90
0 76
52 90
0 3
0 59
2 90
15 90
10 90
14 90
18 90
77 90
19 90
42 90
0 43
40 90
88 90
31 90
73 90
41 90
51 90
78 90
56 90
39 90
68 90
60 90
82 90
85 90
13 90
53 36
7 36
25 90
21 36
37 36
27 36
20 36
64 36
0 36
73 36
41 36
49 36
0 74
22 36
