5
64
1
32
15
67
100
28 79
13 79
0 76
48 79
5 79
8 79
0 21
44 79
58 79
0 14
59 79
2 79
39 10
0 54
0 16
0 61
76 10
0 40
0 70
0 17
49 10
71 10
73 10
42 10
2 10
29 10
59 60
27 10
19 38
40 13
25 78
77 10
75 10
16 10
68 10
28 10
59 25
20 10
59 40
18 10
24 10
54 10
14 10
11 10
56 51
59 8
59 72
59 19
59 74
59 2
25 51
59 50
59 20
59 29
42 9
42 20
42 7
42 21
43 51
42 65
44 51
14 51
46 51
37 51
77 51
61 51
42 4
42 6
42 75
66 18
23 51
35 51
34 51
18 51
22 51
30 51
44 54
22 54
43 54
25 54
70 54
50 54
38 54
61 54
11 54
63 54
57 54
77 54
19 54
31 62
35 62
24 62
16 62
65 62
25 62
35 37
19 62
76 62
8 62
61 62
