5
88
65
7
26
36
100
87 99
30 99
15 99
68 85
21 9
66 99
0 14
0 59
0 5
0 68
55 9
90 9
56 9
13 9
54 9
64 9
0 11
51 9
31 53
29 9
46 53
14 53
94 53
20 53
0 89
0 17
91 15
0 42
77 15
63 15
0 58
0 45
90 15
21 15
73 15
0 25
70 15
82 15
34 15
67 15
16 47
31 78
77 78
47 78
47 39
93 97
40 78
39 78
70 78
33 78
66 19
66 52
35 3
20 3
79 78
70 3
67 3
66 93
76 21
66 13
66 29
85 98
66 61
63 74
52 74
85 33
75 74
85 4
67 74
85 48
85 1
46 74
94 74
25 74
48 74
8 21
63 21
95 21
20 21
85 83
85 31
47 44
85 56
16 21
96 30
87 19
47 12
32 42
38 19
44 19
32 19
37 19
98 19
5 19
47 27
45 19
12 19
59 19
63 19
93 19
