5
55
19
83
2
54
78
84 8
0 18
0 42
78 34
27 34
27 5
48 5
88 89
59 89
7 44
35 44
13 68
71 75
59 75
42 23
81 47
81 58
65 70
68 70
22 88
24 29
48 79
51 36
3 52
93 79
27 46
22 37
15 24
43 36
25 6
58 10
41 37
61 63
72 63
30 32
56 18
56 91
85 62
53 74
62 32
10 74
43 30
14 97
96 67
76 97
65 73
6 73
45 57
82 72
45 91
33 31
90 31
3 38
28 38
65 46
26 39
12 90
93 57
78 7
21 8
87 11
16 71
50 11
68 49
40 61
91 49
21 50
77 40
1 85
35 94
21 94
92 86
78 77
35 9
48 14
1 86
41 76
69 17
