5
59
4
86
92
21
100
53 99
66 99
42 99
12 99
56 99
30 99
46 99
83 99
0 88
95 41
0 19
96 99
29 99
77 99
81 99
75 99
60 52
84 52
39 52
19 52
58 52
22 52
9 52
18 65
81 52
30 65
40 65
69 65
80 65
75 65
34 65
3 65
11 65
54 65
15 49
98 49
0 61
42 49
47 49
96 49
64 49
88 49
95 69
70 49
18 49
41 69
1 69
78 69
31 69
8 69
81 69
30 69
33 69
36 69
64 69
22 69
3 69
14 45
84 69
0 14
83 45
26 45
89 45
68 45
36 45
7 45
19 45
31 45
16 45
82 15
8 15
0 94
24 15
28 15
16 15
0 95
0 26
0 24
0 91
0 46
0 43
50 15
61 15
94 15
7 15
90 15
43 15
30 15
34 15
67 15
48 64
47 15
61 64
27 63
72 64
70 64
24 64
1 64
66 64
95 64
