5
24
51
52
49
50
100
0 26
61 97
76 97
85 97
69 97
68 97
77 97
60 97
83 97
91 97
70 97
95 97
53 97
90 97
58 97
87 97
84 97
79 97
55 97
78 45
0 21
75 97
0 1
0 16
56 97
72 97
86 97
54 97
74 97
0 10
0 7
0 28
66 97
71 97
67 97
63 97
0 14
73 97
78 97
80 97
62 97
65 97
92 97
93 97
57 97
64 97
89 97
59 97
94 97
82 97
0 3
96 97
81 97
0 5
19 88
3 88
31 88
8 88
36 88
42 88
25 88
5 88
0 20
16 88
11 88
34 88
0 19
0 42
15 88
26 88
13 88
18 88
6 88
40 88
12 88
23 88
41 88
0 17
48 88
1 88
9 88
14 88
32 88
30 88
45 88
10 88
17 88
44 88
21 88
22 88
4 88
43 88
38 88
47 88
7 88
33 88
37 88
29 88
20 88
28 88
