5
35
58
3
51
77
100
0 83
0 99
93 99
79 99
54 99
15 99
0 98
33 99
18 99
31 99
7 99
88 9
0 52
0 75
82 99
12 99
0 46
0 33
52 99
0 88
83 99
50 99
0 18
0 40
60 99
68 99
16 99
65 99
0 48
0 80
91 99
64 99
0 54
0 12
32 99
34 99
0 89
0 59
43 99
0 70
49 99
96 99
29 99
82 34
0 39
53 44
21 99
74 99
30 99
87 99
59 99
13 99
55 99
81 99
66 99
53 99
44 99
36 99
56 99
88 99
9 99
5 90
0 69
70 99
73 99
92 99
42 99
24 99
71 99
75 99
1 99
76 99
0 53
20 99
48 99
45 99
62 99
26 99
39 99
90 80
5 99
67 99
17 99
94 99
98 99
40 99
63 99
80 99
27 99
38 99
62 22
74 22
9 22
32 22
82 22
5 22
37 22
60 22
87 22
27 22
