5
21
10
8
26
2
100
0 49
0 88
0 29
0 18
0 69
0 57
71 98
0 14
0 6
47 98
12 98
60 98
81 98
3 98
22 98
97 98
27 79
17 98
70 38
57 98
53 98
29 98
92 98
39 98
59 98
82 98
63 98
58 98
31 98
45 98
4 98
89 98
11 98
69 98
50 98
13 98
19 98
54 98
36 98
44 98
72 65
41 65
91 65
11 65
36 65
71 65
90 65
55 65
1 65
40 65
46 65
78 65
64 65
18 65
88 65
81 65
19 65
5 65
24 65
15 65
75 65
63 65
39 65
74 65
42 65
3 65
59 65
96 65
59 6
28 6
12 6
72 6
52 6
9 6
0 68
51 6
1 6
89 6
61 6
50 6
93 6
25 6
27 6
53 6
71 6
33 6
83 6
79 6
11 6
97 6
57 6
14 6
30 6
16 6
19 6
34 6
0 13
81 13
54 13
52 13
