5
23
50
82
51
78
100
80 93
18 93
52 93
15 93
39 93
3 47
31 93
21 93
0 60
27 93
85 93
68 93
73 93
79 93
43 93
0 36
36 93
16 93
48 93
92 93
34 93
41 93
81 93
10 93
0 41
88 93
77 93
30 93
0 3
0 8
91 93
46 93
57 93
0 52
4 93
38 93
87 93
71 93
0 16
69 93
63 93
11 93
17 93
0 20
62 93
28 93
32 93
53 93
0 40
0 93
61 93
0 58
55 93
35 93
0 67
20 93
84 93
76 93
70 93
24 93
45 93
90 93
14 93
8 93
40 93
47 93
9 93
5 93
75 93
22 93
74 93
37 93
67 93
60 93
59 93
2 93
54 93
42 93
7 93
0 22
83 93
0 33
58 93
89 93
86 93
0 79
0 6
0 61
0 73
64 93
25 93
6 93
29 93
3 93
44 93
26 93
13 93
72 93
65 93
1 93
