5
7
37
89
82
8
93
0 22
20 80
0 36
0 1
3 92
20 10
52 94
74 56
66 39
85 57
36 50
36 46
28 57
97 67
33 57
70 57
5 12
34 12
75 12
1 4
6 4
30 4
94 22
15 14
55 14
80 63
85 46
18 14
80 32
10 6
49 96
49 44
77 92
68 13
50 92
46 92
48 67
15 25
53 40
2 1
88 48
2 30
88 59
87 72
87 50
26 84
1 22
13 42
45 76
1 63
1 5
96 31
73 72
34 50
44 42
11 98
23 62
59 47
13 28
24 93
40 42
48 76
50 22
95 56
53 21
53 50
43 29
45 31
93 56
19 56
81 56
35 56
40 56
91 44
70 93
45 15
19 6
93 69
29 6
39 33
41 48
45 55
63 62
98 21
98 72
70 55
21 29
46 58
31 65
18 81
18 22
47 63
19 22
