5
87
58
28
15
41
100
48 93
33 93
0 62
0 70
0 48
0 18
90 93
7 93
0 50
47 93
89 93
0 73
78 93
4 93
70 93
42 93
20 93
3 93
6 93
29 93
68 93
53 93
43 93
70 5
42 5
84 5
21 5
0 88
0 4
66 5
0 35
68 5
22 5
59 5
64 5
55 5
14 5
44 5
0 1
2 5
12 5
48 5
0 74
11 5
33 5
49 1
73 5
12 1
75 1
0 21
0 80
0 89
66 1
36 46
60 1
78 1
57 1
80 1
71 1
50 1
36 55
36 2
36 27
55 1
36 25
37 1
23 1
6 1
84 1
68 1
55 14
37 14
29 14
71 14
75 14
88 14
36 63
17 42
36 48
62 14
64 14
36 17
47 14
2 14
54 14
11 14
92 14
48 14
61 14
86 14
82 14
52 14
79 14
9 26
63 26
47 26
65 26
33 26
52 26
79 26
