5
5
18
31
44
57
100
0 99
69 99
76 99
83 99
90 99
97 99
8 99
15 99
19 99
30 99
38 99
46 99
49 99
61 99
66 99
75 99
85 99
91 99
3 99
13 99
20 99
29 99
36 99
47 99
56 99
62 99
72 99
82 99
95 99
1 99
17 99
28 99
32 99
48 99
53 99
65 99
78 99
87 99
96 99
12 99
23 99
37 99
50 99
64 99
74 99
88 99
9 99
16 99
34 99
45 99
60 99
77 99
89 99
4 99
22 99
39 99
52 99
71 99
94 99
10 99
26 99
55 99
63 99
84 99
25 99
35 99
67 99
86 99
7 99
33 99
59 99
80 99
6 99
51 99
79 99
11 99
42 99
81 99
21 99
73 99
2 99
70 99
40 99
98 99
54 99
41 99
92 99
14 99
93 99
24 99
58 99
68 99
27 99
0 43
15 43
66 43
29 43
95 43
65 43
96 43
