5
6
68
29
37
89
100
60 99
0 90
0 76
57 99
64 99
28 99
0 21
20 8
82 99
72 99
8 27
48 27
59 27
74 27
61 14
61 41
66 27
18 27
34 7
56 7
96 7
66 7
61 46
2 7
40 7
12 13
82 2
88 7
65 7
98 85
31 97
95 85
74 85
34 85
12 24
72 22
40 22
88 22
48 22
34 22
17 22
12 84
82 49
12 33
15 22
30 22
74 22
18 45
58 45
9 45
92 73
50 73
60 73
54 73
98 73
72 73
2 63
91 63
84 63
14 63
64 63
36 63
30 63
15 63
97 80
72 80
19 80
12 39
12 8
18 51
56 51
78 51
15 51
2 51
87 33
69 75
2 75
26 75
41 90
53 62
69 90
98 90
87 16
76 59
87 25
87 5
77 59
62 59
71 59
50 59
66 84
74 59
78 3
39 3
78 58
49 58
19 58
5 58
64 58
71 42
