5
54
21
97
41
70
100
56 99
24 99
74 99
4 99
49 99
37 99
2 99
8 99
34 99
81 99
33 99
27 99
9 99
35 72
28 99
52 99
92 99
0 94
30 99
86 99
22 99
7 99
0 99
82 99
0 3
53 99
83 99
60 99
46 99
3 99
38 99
78 99
71 99
15 99
32 99
16 99
91 99
61 99
31 99
47 99
64 99
48 99
26 99
55 99
50 99
23 99
29 99
73 99
0 8
89 99
25 99
0 14
19 99
0 6
24 38
80 99
36 99
76 99
58 99
69 99
77 99
95 99
93 99
13 99
0 46
79 99
20 99
40 99
63 99
51 99
27 34
96 99
18 99
35 99
72 99
44 99
87 5
88 99
62 99
85 99
84 99
6 99
0 24
0 27
43 99
39 99
59 99
5 99
14 99
98 99
45 99
43 67
2 67
73 67
42 67
91 67
90 67
74 67
88 67
3 67
