5
51
9
42
22
40
100
89 96
28 96
62 96
11 96
95 96
10 96
4 96
56 96
15 96
65 96
74 96
20 96
55 96
64 96
57 96
49 96
30 96
27 96
67 96
72 96
66 96
33 96
60 96
78 96
83 96
0 96
12 96
14 96
84 96
26 96
80 96
0 75
91 96
81 96
69 96
17 96
5 96
0 13
82 96
0 57
34 96
18 96
53 96
13 96
37 96
75 96
47 96
35 96
76 96
8 96
36 96
6 96
79 96
48 96
86 96
2 96
24 96
32 96
7 96
46 96
0 92
63 96
25 96
70 96
90 96
0 82
50 96
3 96
1 96
0 46
68 96
0 87
45 96
59 96
92 96
39 96
54 96
93 96
29 96
31 96
52 96
44 96
88 96
61 96
71 96
21 96
0 14
41 96
0 70
58 96
23 96
85 96
38 96
19 96
16 96
73 96
77 96
94 96
43 96
67 87
