5
3
16
32
17
21
100
0 6
0 26
62 8
23 8
0 14
4 8
0 45
19 8
23 6
54 8
70 8
28 6
67 8
0 69
59 8
23 5
6 8
0 10
24 8
88 8
18 8
43 8
41 73
15 8
9 8
2 8
12 5
22 8
78 8
49 8
73 8
46 2
0 28
7 8
81 8
76 8
64 8
10 8
5 8
0 13
24 87
0 12
83 8
56 8
67 12
47 8
42 8
34 8
60 8
12 89
61 89
73 89
1 89
0 22
15 22
18 22
33 22
25 22
56 22
27 22
86 22
69 22
45 22
96 22
24 58
34 22
1 58
6 58
7 14
4 14
6 14
25 14
12 14
26 14
37 14
5 14
94 14
77 64
26 64
5 64
15 45
5 45
13 45
6 45
50 96
77 96
62 71
6 96
77 71
98 71
50 71
6 71
1 71
2 71
43 74
50 74
73 74
6 74
15 81
44 74
