5
26
42
28
73
38
100
78 99
25 99
44 99
68 99
27 99
11 99
12 99
29 99
97 99
55 99
86 99
89 99
82 99
17 61
65 99
91 99
51 99
37 99
96 99
95 99
3 99
36 99
93 99
18 99
2 99
13 99
17 75
0 99
0 49
0 69
74 99
58 99
75 99
56 99
1 99
20 99
0 17
0 44
89 71
50 99
0 47
5 99
69 99
23 99
66 99
60 99
33 99
10 99
89 76
90 99
61 99
83 99
76 99
6 99
7 99
15 99
22 99
40 99
24 99
77 99
8 99
71 99
62 99
57 99
49 99
88 99
52 99
35 99
53 46
4 99
11 46
21 46
59 46
0 92
62 46
9 79
92 46
15 46
76 46
23 46
91 46
43 46
34 46
78 46
1 46
90 46
9 24
0 89
13 46
50 46
25 46
88 46
3 46
35 46
55 46
19 46
58 46
52 46
30 46
41 46
