5
33
63
1
38
78
100
0 99
35 99
41 99
74 99
70 99
58 99
0 69
88 99
10 99
11 99
9 93
50 76
93 99
34 85
30 99
96 99
49 99
25 99
82 99
89 99
81 99
16 99
42 99
44 99
3 99
55 99
28 99
45 99
61 99
73 99
85 99
43 99
65 99
79 99
14 99
19 99
0 20
26 99
18 36
72 99
24 36
80 99
66 99
0 94
87 82
46 74
86 99
53 99
77 99
70 21
36 99
12 99
17 99
56 99
34 89
0 92
51 99
50 99
64 99
37 99
71 99
8 99
98 99
69 99
46 83
27 99
83 99
46 99
40 99
59 99
91 99
9 99
75 99
23 99
13 18
0 80
6 99
94 99
62 99
31 99
5 99
52 99
32 99
47 99
18 99
0 87
0 65
0 46
90 99
95 99
97 99
0 34
0 12
39 99
0 40
24 99
76 99
92 99
0 95
82 48
