5
98
97
95
4
1
100
0 5
55 96
55 70
94 99
80 96
55 59
55 62
72 96
0 2
3 55
30 46
6 55
70 96
73 96
55 85
71 96
58 96
55 83
55 73
65 96
92 96
75 96
86 96
55 75
55 81
83 96
55 88
55 64
55 78
93 96
85 96
55 61
77 96
57 96
91 96
78 96
67 96
72 87
59 96
55 77
55 68
64 96
87 96
11 55
46 55
3 33
9 33
35 51
81 96
74 96
90 96
69 96
84 96
94 96
63 96
82 96
66 96
88 96
62 96
68 96
61 96
79 96
76 96
56 96
82 89
60 96
70 89
87 89
63 89
72 89
80 89
61 89
94 89
79 89
73 89
55 58
55 89
75 89
86 89
68 89
66 89
69 89
62 89
71 89
77 89
78 89
81 89
92 89
65 89
91 89
93 89
57 89
67 89
58 89
88 89
56 89
90 89
76 89
60 89
74 89
