5
11
33
9
15
97
100
27 99
49 99
62 99
67 99
94 99
0 95
48 99
1 99
28 99
84 99
51 99
36 99
56 99
54 99
58 99
71 99
8 99
0 40
0 22
0 72
0 88
25 99
86 99
53 99
0 8
0 54
17 99
95 99
37 99
0 74
47 99
0 32
89 99
21 99
83 43
0 18
34 99
16 99
75 99
0 23
55 99
87 99
51 24
0 5
13 92
0 94
0 51
18 92
44 99
0 13
56 92
0 49
0 29
83 46
83 68
6 92
83 5
83 70
83 47
83 23
83 2
89 92
19 92
84 92
28 92
29 92
70 92
51 92
87 92
62 92
2 92
35 92
14 92
47 44
66 92
82 44
87 44
34 44
50 26
83 85
47 24
83 29
83 67
83 6
25 44
53 44
26 44
65 44
73 44
40 44
78 44
14 44
81 44
23 44
91 79
74 44
5 44
4 44
88 44
46 44
