5
40
87
85
98
59
100
83 99
97 88
55 88
42 88
7 88
48 88
70 63
81 88
3 88
0 63
28 63
0 30
91 63
0 32
0 54
0 16
0 43
0 6
0 10
41 63
89 63
0 29
34 63
44 63
75 63
0 74
55 63
17 63
11 63
6 63
91 86
19 86
72 86
62 81
94 96
4 96
29 96
57 69
73 69
31 96
36 69
48 69
77 69
64 5
64 68
22 84
58 84
64 90
64 82
64 48
64 28
64 1
72 36
72 31
72 30
72 76
72 71
72 9
72 19
18 5
18 48
30 2
18 28
30 41
30 75
30 90
43 76
43 74
75 42
4 84
50 84
66 84
54 84
75 23
97 84
38 36
6 84
58 36
20 36
39 36
75 67
12 67
35 24
94 24
16 24
33 24
39 24
67 24
58 24
4 24
7 24
56 65
47 24
75 12
8 61
48 61
75 10
75 14
94 32
94 4
