5
25
67
17
78
48
100
0 62
44 81
75 81
55 81
21 81
65 81
79 81
33 72
12 72
14 72
43 72
42 72
16 72
52 72
27 72
30 72
74 53
63 72
50 72
20 53
45 72
77 72
34 72
53 72
39 72
73 72
62 70
44 70
31 70
0 49
0 41
0 56
0 36
65 70
20 16
36 70
47 70
75 70
71 70
58 70
53 70
19 70
28 70
38 70
45 70
54 70
58 52
21 52
0 33
0 20
1 52
45 52
0 23
24 5
0 29
24 53
43 52
69 52
28 52
33 52
24 66
57 52
24 2
15 52
2 32
42 32
37 32
40 32
49 21
58 21
29 21
24 12
24 38
61 21
24 63
13 21
43 21
24 23
28 21
24 4
79 21
6 21
59 21
16 21
30 21
59 4
46 4
14 4
69 4
45 4
38 4
63 4
1 44
11 4
18 4
24 54
61 66
61 1
61 54
61 18
