5
17
52
40
34
26
100
38 54
19 54
20 54
0 10
0 44
0 21
0 47
0 15
8 19
0 5
11 25
29 54
46 54
35 25
0 8
0 11
0 9
0 35
18 54
45 28
0 46
14 54
33 54
25 54
6 54
0 36
11 54
35 54
10 54
0 45
22 54
0 23
43 54
27 54
8 54
0 42
0 19
0 18
5 54
0 24
0 20
0 41
0 48
0 33
0 13
44 54
47 54
23 54
1 54
0 14
0 12
0 22
32 54
21 54
45 54
0 25
51 54
0 16
0 39
0 7
0 43
49 54
42 54
16 54
49 21
48 54
15 54
49 43
50 54
49 48
12 54
2 54
49 10
53 54
30 54
4 36
20 36
37 36
49 1
22 36
33 50
45 36
7 36
10 36
53 36
27 36
44 36
28 36
21 36
29 36
43 36
49 23
31 36
41 36
18 36
39 36
19 36
32 36
23 36
38 36
