5
26
89
38
44
35
100
15 99
0 81
0 93
0 66
0 17
73 99
87 93
36 97
80 99
96 99
72 97
75 23
52 23
60 23
28 21
57 25
24 25
13 54
14 93
86 93
73 32
50 32
28 62
83 62
72 62
30 15
30 8
2 85
70 62
53 62
30 7
78 62
5 41
51 96
83 47
64 57
77 57
46 58
17 10
74 71
11 72
70 27
79 43
12 63
12 20
76 64
31 69
31 88
6 7
53 68
22 39
52 82
52 18
91 66
91 58
37 13
77 4
33 72
33 82
49 58
49 34
60 88
73 90
67 72
16 11
8 19
69 72
4 72
36 80
9 72
95 78
66 78
90 20
84 20
10 40
85 56
29 63
34 56
90 39
10 66
29 3
95 71
51 94
75 19
88 19
43 98
5 98
36 98
48 42
7 61
51 67
82 88
85 88
68 88
14 88
92 9
43 69
75 51
85 68
64 11
