5
6
11
62
4
60
71
88 36
18 36
84 9
84 65
27 26
0 89
0 32
27 38
1 34
1 70
89 8
92 50
28 65
18 65
26 65
85 2
3 84
35 88
84 2
69 51
61 7
5 7
48 7
50 51
49 80
81 51
78 45
53 45
46 45
16 55
56 43
78 83
82 64
58 10
33 83
67 10
82 75
96 10
66 12
22 55
28 61
96 78
94 12
8 49
42 49
18 57
81 57
18 25
48 96
23 96
90 39
47 91
38 67
32 67
98 5
30 42
86 5
35 38
50 75
91 32
64 71
39 71
85 18
37 98
52 19
75 17
30 63
58 20
46 63
85 20
81 91
