5
45
89
57
76
48
100
0 99
80 99
0 62
0 25
0 35
0 72
8 99
44 99
58 99
87 99
59 99
73 99
15 99
56 99
38 99
12 99
62 99
20 99
0 27
41 99
0 21
6 99
0 61
69 99
0 65
0 55
54 99
0 91
41 67
0 67
94 95
81 99
13 99
96 99
7 99
78 99
4 99
42 99
67 99
3 99
75 40
84 99
0 97
31 99
40 99
49 99
65 99
10 99
47 99
17 99
30 99
82 99
33 99
94 99
2 99
72 99
46 99
83 99
35 99
0 73
37 99
0 41
14 99
29 99
53 99
68 99
21 99
36 99
74 99
75 99
61 99
63 99
28 99
43 99
5 99
55 99
88 99
79 99
64 99
0 94
0 92
0 54
91 99
0 14
0 16
1 99
90 99
52 16
9 99
92 99
71 99
86 99
39 99
32 99
27 16
18 99
13 16
51 16
21 16
66 16
