5
35
4
77
91
73
100
0 92
1 92
83 92
34 92
66 92
71 92
0 37
60 92
56 92
46 92
37 92
26 92
70 92
28 92
18 92
41 92
12 92
36 92
11 92
51 92
55 92
0 59
81 92
74 92
6 92
0 23
2 92
49 92
32 92
89 92
0 20
87 92
69 92
14 92
25 92
0 62
22 92
38 92
80 92
44 92
10 92
75 92
48 92
90 92
7 92
47 92
43 92
61 92
52 92
62 92
40 92
84 92
5 92
21 92
17 92
65 92
58 92
57 92
9 92
82 92
13 92
85 92
23 92
0 68
72 92
78 92
45 92
39 92
33 92
50 92
0 6
30 92
64 92
3 92
20 92
0 22
0 67
0 84
13 37
42 92
88 92
15 92
8 92
19 92
63 92
76 92
27 92
67 92
53 92
86 92
16 92
54 92
59 92
79 92
68 92
0 24
29 92
31 92
75 78
0 41
