5
85
19
57
23
87
100
0 99
53 99
2 99
31 99
89 99
44 99
71 99
38 99
58 99
90 99
4 99
30 99
33 99
10 99
52 99
74 99
86 99
0 42
0 55
41 99
17 99
67 99
37 99
43 99
88 99
54 99
51 99
7 99
79 99
3 99
48 99
80 99
77 99
83 99
20 99
55 99
96 99
92 93
0 84
35 99
26 99
68 99
0 86
65 99
12 99
6 99
0 92
29 99
0 96
36 99
93 99
0 1
43 5
0 98
94 21
71 21
10 21
42 21
5 21
89 21
0 21
38 21
76 21
55 21
86 21
16 21
41 21
37 21
92 21
53 21
6 21
17 21
67 21
20 21
66 21
15 21
88 21
17 58
78 21
13 58
96 58
55 58
0 26
20 58
82 58
40 58
93 58
60 58
48 58
67 58
98 58
84 58
53 58
32 58
66 58
22 58
29 58
25 58
56 58
0 62
