5
95
97
93
70
82
77
94 96
88 91
87 91
9 10
90 91
13 10
47 10
3 11
59 12
15 14
26 73
74 73
59 73
0 6
0 1
78 73
5 71
64 72
23 22
0 50
25 5
28 67
42 43
29 30
41 48
40 49
45 71
94 71
15 71
34 43
38 66
38 37
85 84
85 88
86 87
49 48
52 53
51 61
19 20
52 31
2 44
47 46
78 45
19 59
18 3
46 44
17 16
17 7
58 57
59 60
36 31
34 7
33 22
53 74
32 56
61 62
89 88
94 76
88 74
61 4
84 67
68 67
80 79
47 20
77 76
81 64
62 63
20 76
66 67
55 56
63 57
3 2
1 2
7 8
30 61
25 29
0 27
