5
18
51
73
29
93
100
49 94
0 32
84 85
62 94
6 94
84 94
59 94
34 94
4 94
87 94
8 94
11 94
47 94
17 32
0 84
58 32
54 32
28 32
33 32
27 32
90 32
14 32
3 32
31 32
8 32
79 32
71 32
34 32
22 32
55 32
69 62
13 62
1 62
14 62
53 62
44 62
28 62
31 62
25 62
90 62
61 62
17 62
27 62
23 62
17 63
12 63
1 63
39 63
49 63
61 63
13 63
22 63
11 63
21 63
82 63
44 63
31 63
85 63
86 63
87 63
0 16
15 63
64 63
70 63
66 20
38 20
21 20
19 20
35 20
65 20
71 20
88 20
43 20
82 20
33 20
37 83
69 20
65 82
0 46
0 77
0 43
82 83
12 83
49 83
41 83
5 83
59 83
27 83
14 83
54 83
6 83
53 83
0 38
38 83
84 83
10 83
11 83
5 81
2 81
80 81
