5
83
67
58
26
44
100
0 69
2 4
39 23
84 4
12 4
78 34
0 24
63 34
0 8
0 39
0 42
0 23
28 34
60 34
0 7
32 34
45 61
45 40
45 62
45 29
45 64
45 17
45 42
24 53
73 53
25 53
48 53
37 14
59 53
12 14
79 14
5 50
45 46
39 72
76 46
39 33
39 65
39 55
28 15
6 27
5 27
39 38
76 59
63 30
28 84
63 25
63 9
60 18
8 46
8 65
7 27
41 27
80 27
74 27
8 16
8 35
8 11
30 27
52 27
19 29
69 31
16 31
3 31
48 31
82 40
82 87
9 31
82 62
29 31
10 64
2 31
7 80
82 59
82 25
82 11
82 74
62 61
41 7
41 21
77 80
87 80
40 80
46 80
29 35
41 69
41 81
41 20
41 33
54 84
54 25
54 65
1 64
6 35
56 35
3 35
36 85
5 32
61 85
79 32
70 25
