5
25
23
2
31
51
100
0 30
0 76
0 12
84 93
55 93
26 93
42 93
77 93
57 93
90 93
62 93
21 93
69 93
81 93
82 93
4 93
0 92
43 93
0 53
8 93
22 93
54 93
90 85
52 93
4 58
76 93
11 93
86 93
14 93
41 93
66 93
39 93
59 93
70 93
28 93
92 93
14 19
55 19
49 19
24 19
22 19
16 19
83 19
0 84
0 4
0 90
0 78
0 52
0 41
6 19
73 19
0 49
0 80
0 45
0 1
0 13
0 59
63 19
85 19
41 19
84 19
76 19
80 19
70 19
66 19
67 19
17 19
8 19
92 19
46 19
5 19
38 19
3 19
13 19
39 19
0 18
0 82
0 15
29 19
0 11
45 19
72 19
15 19
33 19
28 19
0 21
30 81
27 19
26 81
49 81
12 81
92 81
69 43
16 81
90 81
91 81
4 81
3 81
85 81
38 81
