5
67
3
78
74
51
100
1 85
87 99
40 17
97 98
73 98
16 17
18 17
87 82
83 82
48 81
85 82
8 7
1 39
1 46
5 6
70 69
4 6
57 69
13 46
2 23
2 61
68 69
59 69
65 29
2 71
92 29
30 29
68 29
64 28
77 27
64 27
66 27
48 25
88 89
24 25
33 91
95 91
11 10
21 91
19 92
87 94
70 94
20 95
73 77
63 97
87 97
39 77
61 62
75 76
64 63
61 60
23 60
44 60
30 60
47 46
58 59
33 55
44 45
18 55
56 55
64 53
11 12
10 9
33 38
8 9
33 84
87 9
32 31
4 9
56 9
85 31
64 31
65 31
10 18
83 20
84 20
15 20
24 20
22 21
86 87
13 87
50 16
14 15
70 16
5 16
23 22
39 40
36 42
38 43
61 43
13 66
38 39
83 39
4 56
86 10
36 37
70 4
13 14
50 49
70 23
