5
43
28
23
51
59
100
3 90
60 90
2 90
39 90
64 90
52 90
14 90
11 90
84 90
75 90
0 30
36 90
85 90
0 36
82 90
78 90
50 90
27 90
0 29
24 90
0 65
1 90
80 90
10 90
33 90
26 90
48 90
18 90
34 90
5 90
63 90
20 90
9 90
0 90
25 90
61 90
4 90
0 56
0 7
70 90
16 90
68 90
0 69
37 90
62 90
0 85
6 90
0 21
72 90
35 90
74 90
79 90
47 90
54 90
69 90
81 90
40 90
12 90
46 90
57 90
15 90
44 90
0 19
65 90
45 90
0 37
67 90
30 90
66 90
0 60
55 90
0 41
77 90
22 90
17 90
13 90
73 90
7 90
58 90
86 90
0 61
29 90
53 90
32 90
38 90
0 71
76 90
31 90
56 90
42 90
88 90
49 90
0 87
89 90
19 90
8 90
71 90
21 90
83 90
0 40
