5
54
17
16
70
83
100
81 95
2 95
57 95
0 59
18 95
26 95
71 95
33 95
10 95
29 95
40 95
63 95
25 95
7 95
23 95
87 95
20 95
5 95
43 95
35 95
21 95
73 95
68 95
79 95
8 95
37 95
88 95
0 27
91 95
69 95
13 95
90 95
9 95
19 95
93 95
24 95
89 95
11 95
59 95
94 95
32 95
65 95
47 95
60 95
64 95
67 95
39 95
61 95
14 95
51 95
4 95
76 95
36 95
85 95
41 95
49 95
50 95
0 48
38 95
22 95
1 95
3 95
48 95
30 95
66 95
0 88
0 46
58 95
62 95
12 95
0 74
31 95
80 95
27 95
74 95
72 95
86 95
6 95
0 95
0 62
77 95
84 95
82 95
28 95
46 95
75 95
42 95
44 95
52 95
92 95
53 95
34 95
45 95
55 95
78 95
56 95
0 91
0 42
0 41
0 60
