5
15
3
29
53
37
100
0 6
0 83
26 5
0 52
50 99
0 91
0 25
0 26
0 76
0 58
75 36
75 21
88 92
7 99
88 73
88 68
88 30
88 60
88 1
72 86
72 23
72 68
72 65
72 35
72 81
1 94
95 59
1 12
1 45
1 66
1 86
42 80
42 4
90 99
38 99
42 47
96 99
52 99
62 99
4 99
56 59
24 59
9 59
42 78
11 58
42 13
42 55
11 16
11 47
73 59
11 66
11 13
71 59
68 59
22 59
84 59
46 59
94 65
62 28
62 52
86 65
62 71
62 70
62 58
62 54
4 65
58 65
30 65
84 85
76 65
24 65
77 65
80 65
40 2
43 2
95 2
77 2
66 56
51 2
20 56
7 56
96 56
44 10
54 56
4 9
79 9
17 9
44 9
82 94
76 94
81 94
6 23
33 23
20 23
89 23
66 23
74 23
13 23
41 23
20 16
