5
24
80
81
83
18
100
5 99
16 50
59 99
91 99
52 99
15 99
35 99
10 99
79 99
4 99
53 99
16 99
14 99
2 99
21 99
45 99
56 99
30 99
0 47
0 16
94 99
0 71
40 99
85 99
0 70
0 98
0 43
0 41
0 61
0 95
0 53
0 40
76 99
28 99
90 99
64 99
39 99
0 9
96 99
0 97
0 26
0 39
0 5
43 99
0 60
0 7
68 99
0 46
92 99
0 31
0 88
0 29
0 65
73 99
6 99
0 56
41 99
20 99
97 99
7 99
27 99
49 99
72 99
90 19
93 99
13 99
67 99
19 99
36 99
0 34
75 99
59 34
20 34
78 34
42 34
66 34
96 34
0 64
58 34
43 34
9 34
38 34
13 34
5 34
92 34
12 34
6 34
65 34
70 34
0 73
0 90
0 94
0 96
27 93
0 59
0 12
0 8
0 72
0 27
55 34
