5
4
42
66
65
28
100
0 89
0 25
0 80
35 56
67 56
2 56
78 56
57 38
87 38
31 38
48 38
0 86
75 38
53 38
20 38
77 38
9 46
0 85
10 85
31 85
0 82
11 85
0 73
40 81
0 27
0 35
78 58
0 40
78 57
78 1
78 20
78 31
78 55
78 40
47 76
78 83
47 62
63 68
47 83
63 49
63 26
48 52
48 86
36 85
48 5
48 74
48 8
48 36
48 44
81 9
81 49
81 8
69 85
1 85
71 85
33 85
77 85
60 55
71 55
16 55
2 55
1 51
60 51
19 51
26 51
24 54
59 51
73 54
72 54
2 54
37 75
23 75
43 75
14 75
81 37
24 15
62 20
58 20
33 20
15 20
13 20
3 20
6 30
27 20
84 30
3 30
24 6
39 30
32 40
53 30
29 30
43 71
26 40
19 40
31 71
10 71
88 71
61 71
27 71
36 71
