5
43
68
63
17
19
100
0 80
0 21
34 99
3 99
0 7
0 31
6 99
57 93
0 13
2 99
12 99
11 99
0 89
0 57
0 36
97 99
0 5
46 99
40 38
0 60
56 99
0 40
10 99
58 99
52 99
93 99
95 99
0 59
72 99
96 99
23 99
64 99
69 99
46 29
54 99
42 99
92 99
13 99
36 99
5 99
31 99
71 99
37 99
41 99
0 88
15 99
98 99
80 99
59 99
14 99
0 33
90 99
28 99
0 62
82 99
73 99
22 99
8 99
29 99
4 99
9 99
18 99
86 99
0 61
0 94
0 99
7 99
76 99
83 99
70 84
45 93
25 99
0 46
7 60
40 99
94 99
0 54
67 99
60 99
24 99
70 99
47 99
0 51
50 99
35 99
55 99
0 3
51 99
32 99
78 99
0 45
27 99
57 99
0 70
10 89
39 99
0 65
79 99
33 99
88 99
