5
11
54
81
46
48
100
0 76
89 93
41 93
1 93
65 93
0 93
0 24
0 43
0 42
0 23
35 93
18 93
2 93
56 93
4 93
86 93
51 93
32 93
53 93
62 93
0 25
75 93
57 93
20 93
70 93
87 93
0 71
26 93
0 8
0 17
43 93
8 93
78 44
67 93
0 64
12 93
77 93
52 93
92 93
29 93
50 93
70 17
45 17
67 17
25 17
86 17
0 83
91 17
73 17
82 17
24 17
75 17
40 17
83 17
50 17
19 17
26 17
27 17
35 49
0 52
51 17
39 17
66 17
0 61
35 61
18 17
16 17
80 17
7 17
49 17
15 17
89 17
92 17
57 17
22 17
34 17
77 17
74 17
63 69
14 69
0 57
78 69
91 69
0 40
0 90
0 22
0 35
0 80
0 70
0 65
0 78
0 36
0 85
0 41
13 69
14 19
14 23
14 6
67 49
14 68
