5
6
22
48
79
95
100
27 99
61 99
0 17
31 39
78 99
14 99
39 99
31 92
66 99
75 99
0 62
81 99
80 99
97 52
16 99
0 14
36 99
72 99
20 99
73 99
82 99
98 99
0 31
0 12
0 97
0 2
0 35
0 38
0 96
76 99
17 99
10 99
0 19
0 84
0 64
12 99
23 99
38 99
28 99
49 99
7 99
70 99
0 86
0 51
65 99
0 71
0 92
0 10
0 37
0 49
33 99
63 99
0 77
0 7
0 93
0 43
76 25
60 99
96 99
89 99
30 99
0 99
7 47
25 99
45 99
35 99
11 99
47 99
97 99
2 99
32 99
50 99
5 99
93 99
8 99
26 99
68 99
21 99
91 99
19 99
44 99
37 99
90 99
0 74
67 99
42 99
29 99
0 76
13 44
58 99
43 99
98 56
18 99
0 24
56 99
0 13
0 20
54 99
3 99
0 68
