5
22
10
9
84
52
100
91 95
70 95
72 95
0 61
27 95
44 95
12 95
67 95
80 95
88 95
53 95
25 95
56 95
5 95
82 95
0 83
45 95
14 95
0 95
72 25
17 95
66 95
93 95
74 95
81 95
71 95
40 95
2 95
83 95
49 95
48 95
28 95
27 58
18 95
16 95
86 95
85 95
7 95
21 95
11 95
26 95
37 95
63 95
19 95
94 95
0 2
64 95
1 95
0 58
61 95
79 95
3 95
69 95
68 95
57 95
30 95
13 95
32 95
34 95
59 95
4 95
6 95
20 95
55 95
47 95
42 95
58 95
0 21
78 95
31 95
46 68
41 95
87 95
90 95
46 95
50 95
29 95
73 95
92 95
15 95
65 95
77 95
8 95
60 95
24 95
23 95
38 95
47 75
35 95
89 95
54 95
36 95
62 95
75 95
76 95
39 95
43 95
33 95
19 51
0 51
