5
75
25
95
47
61
100
0 99
49 63
53 60
64 60
48 56
50 56
16 48
53 48
24 48
40 48
42 48
22 54
44 48
50 54
24 82
0 15
19 15
1 15
38 15
18 15
8 15
14 15
9 15
30 15
0 11
22 11
1 11
0 7
14 7
0 3
1 7
0 6
1 3
12 6
10 6
1 6
34 6
21 31
2 6
27 31
33 31
32 39
46 39
38 53
32 53
23 46
77 53
42 46
22 44
38 44
42 44
20 40
32 40
38 40
36 40
21 42
34 40
36 42
19 38
32 38
36 38
17 34
19 34
32 34
18 36
28 34
30 34
30 36
24 32
16 32
26 32
24 30
28 32
28 30
20 26
13 26
28 26
0 22
18 22
1 22
16 22
24 22
0 14
24 28
20 14
1 14
24 14
10 14
0 18
9 18
17 18
0 12
24 18
1 18
24 12
16 12
1 12
0 8
4 8
16 8
