5
63
34
58
39
52
100
0 99
49 99
60 99
33 99
75 99
46 99
66 99
0 17
0 70
0 16
0 42
0 91
0 40
0 62
0 87
0 3
85 99
55 99
23 99
29 99
10 99
42 99
27 99
43 99
61 99
69 99
79 99
87 99
82 99
0 9
0 13
95 99
40 99
88 99
78 99
45 99
65 99
86 99
57 99
89 99
0 67
0 85
0 60
0 14
0 77
0 44
0 33
84 99
16 99
5 99
43 98
62 99
0 43
32 99
12 99
0 6
0 5
47 21
25 99
0 54
83 45
1 99
0 47
76 99
94 99
70 99
72 99
67 99
0 4
73 99
93 99
4 99
47 99
68 99
0 74
0 83
0 1
0 8
9 99
0 12
0 84
90 99
80 99
14 99
18 99
37 99
6 99
64 99
30 99
26 99
44 99
11 99
2 99
35 99
0 95
0 15
0 68
0 35
0 28
0 71
