5
68
89
83
38
8
100
90 99
43 99
0 87
21 99
79 99
95 99
9 99
98 99
45 99
34 99
59 99
0 42
0 25
11 99
0 52
13 99
28 99
0 43
0 48
16 99
95 59
27 99
62 99
29 99
0 24
31 99
57 99
88 99
96 99
74 99
0 95
26 99
0 71
72 99
54 99
0 92
77 99
11 22
91 99
67 99
75 99
25 99
20 99
49 99
86 99
71 99
0 11
0 74
78 99
0 12
82 99
66 99
73 99
44 99
53 99
12 99
3 99
70 99
30 99
6 99
18 99
65 99
15 99
51 99
23 99
42 99
39 99
22 99
32 99
84 99
52 99
0 19
0 15
0 61
37 99
0 20
0 93
0 78
0 90
0 44
0 99
0 64
0 6
0 45
0 57
0 10
0 91
0 88
0 23
0 59
0 40
0 51
0 97
0 98
0 35
0 58
80 99
0 9
36 99
0 13
