5
67
86
5
79
53
100
55 99
26 99
31 99
47 99
44 99
83 99
77 99
9 99
45 99
76 99
12 99
52 99
84 99
1 99
73 99
64 99
90 99
10 99
14 99
20 99
15 99
13 99
33 99
25 99
72 99
66 99
11 99
0 64
0 89
0 77
0 99
91 99
19 99
89 99
0 17
0 42
37 99
98 2
56 28
0 74
82 99
8 99
63 99
28 99
32 99
69 99
27 99
17 99
74 99
58 99
4 99
30 99
57 99
18 99
30 68
21 99
38 99
11 68
94 68
72 68
23 68
87 68
69 68
19 68
70 68
97 68
7 68
13 68
80 68
32 68
88 68
26 68
83 68
65 68
20 68
36 68
0 56
96 68
77 68
31 68
95 68
98 68
73 68
0 75
9 68
56 68
14 68
44 68
8 68
28 68
0 68
0 29
24 68
12 98
6 68
0 46
91 69
0 12
81 68
0 2
