5
10
44
35
38
7
100
18 51
33 51
20 51
39 51
16 51
25 51
32 51
29 51
49 51
21 51
40 51
5 51
0 13
50 51
28 51
1 51
13 51
0 30
22 51
42 51
31 51
9 51
9 3
15 3
49 3
29 3
30 3
36 3
23 3
31 3
25 3
12 3
45 3
16 3
6 3
37 3
1 3
0 3
11 3
45 20
0 42
39 3
19 3
27 3
47 3
50 8
4 3
34 3
20 3
0 29
0 22
21 3
42 3
24 3
32 3
2 3
0 33
28 22
0 45
0 50
0 12
0 37
0 23
0 40
0 20
0 24
46 3
13 3
5 3
22 3
0 6
41 3
17 3
0 5
40 3
0 16
33 3
8 3
43 3
2 26
29 26
30 26
0 46
22 26
45 26
19 26
42 26
21 26
13 26
49 26
32 26
1 26
12 26
27 26
23 26
39 26
14 26
43 26
40 26
15 26
