5
43
87
20
66
80
100
6 99
46 99
49 99
0 9
97 99
42 99
88 99
28 99
16 99
69 92
70 99
83 92
0 35
0 24
0 47
0 50
0 57
48 92
70 92
98 92
0 94
0 61
0 96
0 75
0 46
0 28
0 74
0 81
63 92
78 92
15 85
26 92
6 92
0 95
88 92
34 92
85 92
84 92
2 92
60 92
0 72
9 92
32 92
16 92
54 21
29 21
65 21
58 21
4 21
40 21
41 21
94 21
44 37
83 21
85 37
31 37
35 37
24 37
55 37
5 37
62 37
28 37
36 84
53 84
97 84
56 84
29 84
40 84
42 84
47 84
70 84
78 84
90 84
60 84
17 49
77 49
27 84
26 49
57 49
15 49
59 49
85 49
44 49
41 49
89 49
60 49
33 49
39 96
16 96
79 96
2 96
27 96
30 96
91 96
59 96
53 96
32 96
34 96
85 1
98 1
