5
94
50
38
86
25
81
42 96
31 71
49 47
15 8
93 11
68 11
75 11
15 37
91 23
0 3
87 8
0 98
35 8
16 8
0 29
61 70
42 63
91 10
33 63
37 63
37 56
12 56
83 93
88 93
87 56
55 97
59 58
24 6
19 42
90 53
80 58
46 58
17 42
23 34
53 34
43 42
77 3
37 3
1 49
77 5
18 3
30 84
75 45
74 65
48 65
37 65
61 69
45 76
30 26
83 18
36 9
87 9
98 84
30 97
44 84
1 72
48 75
98 78
78 72
4 22
1 7
14 28
4 7
27 21
40 28
20 83
26 66
51 88
95 73
89 98
81 62
82 37
81 67
28 27
97 54
67 62
97 28
23 62
21 66
98 19
89 10
