5
27
17
51
28
15
100
14 19
50 53
49 53
48 52
47 52
45 52
44 46
42 46
41 46
43 46
49 46
47 50
48 50
44 45
43 45
41 45
42 45
44 48
47 49
42 48
41 48
39 43
40 43
38 43
37 43
44 47
41 47
40 42
39 42
38 42
33 37
36 37
34 37
35 37
44 37
38 41
39 41
33 40
36 40
34 40
35 40
39 44
36 38
33 38
10 16
0 1
24 25
34 38
32 35
29 35
31 35
30 35
33 39
34 39
32 36
31 36
30 36
26 29
25 29
33 29
32 34
31 34
26 30
25 30
32 33
26 31
21 25
22 25
23 25
21 26
23 26
24 26
18 22
20 22
13 19
16 19
18 21
23 19
24 19
16 20
14 20
13 20
23 20
14 18
16 18
10 13
12 13
9 13
6 11
5 11
7 11
8 11
14 11
9 16
8 12
5 12
7 12
10 14
8 9
0 4
