5
36
57
67
20
72
100
0 99
61 99
0 82
22 99
3 99
35 99
92 99
0 24
37 99
74 99
69 99
0 50
0 2
22 90
0 27
0 77
44 99
0 22
24 99
0 47
0 87
12 99
0 15
0 44
0 92
0 41
0 79
43 99
0 68
0 85
42 99
34 99
0 8
95 99
75 99
77 99
50 99
49 99
26 99
83 99
53 99
66 99
45 99
98 99
13 99
85 99
18 99
78 99
5 99
1 99
21 99
89 99
2 99
58 99
59 99
19 99
56 99
94 99
0 93
0 51
4 99
0 29
31 99
62 99
14 70
0 12
51 99
0 66
41 99
15 99
7 99
60 99
25 99
17 99
79 99
97 99
40 99
0 42
96 99
10 99
80 99
14 99
76 99
55 65
0 53
0 46
86 99
9 99
33 99
6 99
0 18
16 99
32 99
38 99
47 99
39 99
65 99
93 99
87 99
63 99
