5
5
18
28
93
35
100
61 99
98 99
37 99
19 99
41 99
0 44
54 99
2 99
0 52
39 99
0 4
8 44
15 99
0 59
98 96
44 99
74 99
0 39
67 99
96 99
40 99
13 99
26 99
49 22
94 22
15 22
87 22
25 22
9 22
66 22
0 92
55 22
14 22
16 22
98 22
56 22
30 22
92 22
90 22
57 13
19 13
67 22
68 13
21 13
79 13
36 13
92 13
76 13
72 13
80 13
47 13
71 13
55 13
66 13
89 13
85 13
16 13
91 13
46 13
76 45
69 45
91 45
54 45
43 45
40 45
79 45
30 45
89 45
96 45
70 45
67 45
31 45
24 45
25 45
68 29
98 29
55 29
46 29
9 29
54 29
48 29
34 29
6 29
74 29
67 29
96 29
14 29
52 59
95 29
94 59
48 59
57 59
76 59
89 59
49 59
86 59
36 59
38 59
85 59
42 59
