5
58
41
39
28
52
100
0 71
0 45
0 73
27 93
19 93
32 93
82 93
11 93
53 93
43 93
0 35
80 93
86 93
17 93
0 10
46 93
55 93
37 93
36 93
13 93
0 38
0 18
0 7
0 6
0 34
65 93
9 93
31 45
54 93
88 93
45 93
6 93
75 93
18 93
20 93
92 12
25 12
74 12
27 12
0 31
0 60
0 37
20 12
24 12
86 62
34 12
54 12
91 12
3 62
65 12
17 12
14 12
60 12
8 12
62 12
67 66
43 66
27 66
6 66
92 66
62 66
38 66
20 66
75 66
36 66
23 66
70 66
83 66
57 66
53 66
50 66
91 66
31 66
89 66
80 66
62 60
26 60
43 60
25 60
64 60
59 60
21 60
57 60
48 60
2 60
0 57
19 60
69 43
90 60
33 60
7 60
70 60
24 60
71 60
73 60
29 60
34 60
84 60
82 60
11 44
