5
8
47
22
87
71
100
48 99
9 99
57 99
6 99
89 99
3 99
0 28
16 99
26 99
66 99
0 99
88 99
1 99
75 99
38 99
40 99
28 99
92 99
14 99
64 99
0 37
30 99
0 61
97 99
73 99
82 99
78 25
43 99
0 79
0 44
54 99
24 99
17 99
68 99
34 99
0 78
37 99
29 99
0 49
13 99
35 99
0 90
32 99
0 39
0 12
45 99
0 63
62 99
84 99
0 50
69 99
90 99
25 99
56 99
42 99
4 99
41 99
20 99
78 99
61 99
18 99
7 99
95 99
69 33
59 58
77 33
97 33
63 33
39 33
58 33
38 33
23 33
24 33
80 33
83 33
98 33
57 33
55 54
62 33
44 33
0 42
86 45
0 81
2 25
4 33
0 59
86 12
72 94
13 33
57 25
55 33
84 33
25 33
54 33
36 33
30 33
79 33
11 33
55 72
66 33
