5
65
58
26
13
22
100
80 94
16 94
9 94
91 94
56 94
53 94
75 94
52 94
17 94
4 94
93 94
66 94
45 94
61 94
28 94
57 94
27 94
0 2
68 94
15 94
0 14
47 94
12 94
44 49
20 94
5 94
77 94
14 94
49 94
82 94
6 94
35 94
86 94
39 94
67 94
60 94
69 94
0 19
23 94
32 94
63 94
55 94
89 94
38 94
25 94
2 94
51 94
81 94
83 94
46 94
24 94
10 94
84 94
71 94
87 94
1 94
33 94
48 94
30 94
54 94
72 94
11 94
19 94
3 94
29 94
43 94
44 94
7 94
76 94
73 94
8 94
37 94
34 94
0 62
42 94
64 94
41 94
79 94
61 75
90 94
40 94
0 94
21 94
92 94
62 94
31 94
50 94
88 94
70 94
18 94
85 94
78 94
36 94
16 74
66 74
59 94
9 74
75 74
40 74
11 74
