5
6
75
68
92
20
100
0 3
0 44
0 14
47 99
42 99
23 99
58 99
57 99
34 99
28 99
31 99
67 99
84 99
11 99
0 99
18 99
59 99
62 99
66 99
21 99
61 99
54 99
25 99
38 99
80 99
79 99
96 99
72 99
45 99
46 99
93 99
0 22
70 99
53 99
37 99
63 99
71 99
35 99
94 99
85 99
82 99
5 99
95 99
36 99
17 99
97 99
2 83
22 99
64 99
0 49
0 16
48 83
3 83
0 10
67 83
0 9
40 83
34 83
77 83
78 83
10 83
60 83
1 83
81 83
9 83
15 83
79 83
44 83
43 83
11 83
45 83
0 18
41 83
30 83
36 83
57 83
4 83
90 83
42 83
22 83
49 83
21 83
64 83
51 83
86 83
17 83
96 83
0 39
0 2
72 83
91 83
52 83
28 83
66 83
0 15
43 50
39 83
80 83
97 83
46 83
