5
20
9
62
39
49
100
19 99
33 99
61 35
90 35
24 91
19 35
30 35
0 65
28 21
28 32
0 18
28 53
60 76
98 91
58 91
92 91
57 91
6 91
32 91
76 79
27 79
77 79
89 79
84 25
10 25
90 25
85 25
67 25
38 60
38 41
38 71
63 90
96 50
63 40
63 95
76 25
37 48
32 25
94 25
63 64
63 22
78 48
6 77
6 3
6 56
97 41
6 65
44 88
97 59
97 16
14 8
97 2
14 15
14 84
14 32
14 11
14 12
86 69
24 45
90 81
11 8
58 46
58 89
82 88
86 94
69 88
87 88
61 88
95 88
78 70
73 88
47 88
8 66
70 66
60 66
68 95
55 95
93 95
30 95
93 18
52 18
2 18
50 32
78 32
12 32
31 32
15 80
17 32
74 80
21 80
36 80
77 80
56 45
87 45
26 80
77 45
4 89
19 45
69 37
58 90
