5
55
22
95
34
71
100
90 99
7 99
84 99
40 99
9 99
20 99
0 35
51 99
16 99
87 99
3 99
19 99
57 99
69 99
18 99
67 99
8 99
60 99
74 99
15 99
21 99
94 99
76 99
63 99
0 62
32 99
0 77
33 99
17 99
80 99
24 99
98 99
48 99
81 99
49 99
56 99
77 99
14 99
64 99
36 99
78 99
5 99
39 99
79 99
0 43
0 16
45 99
50 99
6 99
25 99
72 99
0 59
13 99
54 99
0 60
23 99
1 99
0 5
86 99
28 99
30 99
47 99
27 99
37 99
65 99
82 99
92 99
46 99
89 99
26 99
0 76
96 99
52 99
4 99
85 99
43 99
25 97
52 97
18 97
91 97
2 97
78 97
14 97
0 31
26 97
10 97
40 97
42 97
88 97
29 97
24 97
0 45
0 23
0 30
0 97
93 97
0 74
28 97
0 51
17 97
