5
74
24
6
84
3
100
29 94
38 94
39 94
0 14
0 87
0 19
25 94
41 94
0 67
1 94
9 94
62 94
13 94
73 94
70 94
0 12
0 47
0 32
42 91
42 52
0 55
67 94
15 94
69 94
71 94
0 90
0 82
0 42
32 94
0 77
0 29
0 43
0 81
0 63
0 71
0 93
17 94
86 94
5 94
87 94
91 94
63 94
2 94
7 94
4 94
49 94
0 26
52 94
0 60
21 94
35 94
8 94
82 94
19 94
28 94
79 94
18 94
40 94
60 94
45 94
44 94
14 94
47 94
46 94
37 94
53 94
81 94
0 94
76 94
77 94
22 94
51 94
57 94
16 94
79 72
0 23
0 17
0 66
0 21
42 94
0 91
68 94
90 94
72 94
12 94
11 94
58 94
54 94
48 94
0 92
43 94
0 61
65 94
92 94
31 94
79 36
46 17
61 94
80 18
56 94
