5
12
1
73
53
38
84
93 95
92 94
91 93
54 56
55 57
71 72
68 70
69 70
50 52
76 78
77 79
84 86
85 87
88 90
87 89
49 51
86 88
91 92
89 90
21 23
24 26
23 25
22 24
63 64
62 64
61 63
26 28
27 29
35 37
28 30
29 31
21 22
18 20
18 19
41 43
16 17
15 17
46 48
45 47
44 46
44 45
9 11
8 10
8 9
78 80
67 69
66 68
19 20
14 16
13 15
6 7
83 85
97 99
96 98
60 62
39 40
41 42
42 43
95 97
59 61
59 60
33 34
32 34
31 33
30 32
65 67
64 66
75 77
47 49
48 50
94 96
35 36
26 27
83 84
80 82
83 82
79 81
5 7
2 4
56 58
57 58
74 76
3 4
5 6
