5
5
23
42
18
49
100
0 69
22 99
0 74
0 70
0 8
0 57
0 53
15 99
97 99
17 99
40 99
58 99
0 27
0 96
0 92
0 72
88 34
14 99
83 99
66 99
2 99
41 99
3 99
36 99
0 99
27 99
0 88
92 99
0 7
0 95
0 15
94 99
0 91
50 99
0 62
90 99
12 99
43 99
26 99
11 99
45 99
51 99
0 94
24 99
0 87
0 50
54 99
62 99
74 99
0 98
9 99
35 99
19 99
0 24
0 68
86 99
57 99
63 99
13 99
77 30
81 99
14 77
76 99
0 1
0 77
72 99
79 99
0 32
14 10
21 99
0 81
0 52
89 99
71 99
82 99
73 99
80 99
70 99
67 56
0 31
0 61
0 59
67 1
8 56
0 16
0 67
0 14
28 62
78 99
0 3
0 86
0 28
0 83
20 99
61 99
0 13
56 99
84 99
6 99
48 99
