5
42
23
75
52
39
83
11 18
33 27
34 62
63 99
1 99
15 99
62 99
86 99
88 68
40 38
77 48
68 8
84 66
22 66
53 8
24 6
14 9
67 6
97 16
14 94
1 27
67 27
91 26
10 26
29 15
33 34
14 45
65 25
61 50
36 50
62 25
51 25
10 56
44 55
65 4
63 82
78 70
73 93
31 43
62 13
37 55
73 72
69 70
28 80
2 29
4 3
86 74
84 17
3 92
36 55
3 34
5 55
20 55
34 92
70 21
12 37
93 54
68 95
94 60
3 43
61 79
46 60
72 60
57 51
44 51
49 98
45 32
95 13
80 32
19 80
74 96
93 72
64 5
49 72
81 53
29 53
71 94
89 44
58 81
12 81
7 64
58 41
36 87
