5
40
2
49
16
93
100
1 87
73 35
26 87
0 95
58 87
88 87
10 74
59 74
98 74
43 20
44 20
30 20
98 20
86 41
53 41
78 69
32 94
76 94
5 94
17 94
78 94
88 23
0 85
38 23
89 23
56 86
95 23
83 23
36 84
4 42
8 84
0 14
48 55
53 14
4 89
0 32
0 48
63 91
3 47
70 14
72 78
90 14
19 14
98 14
10 89
21 14
59 89
51 62
73 62
22 62
53 62
91 9
18 62
38 7
96 57
72 17
72 6
95 57
72 67
79 57
28 45
13 58
68 45
28 33
31 45
70 45
8 33
34 5
76 46
88 91
65 46
31 91
67 91
71 58
13 64
51 25
54 25
92 25
8 25
98 25
11 6
51 58
13 44
60 58
32 58
90 58
60 42
78 42
12 42
64 90
76 90
38 90
53 24
77 6
59 24
96 44
37 44
85 37
61 21
0 3
