5
42
40
24
13
27
100
54 99
88 64
16 99
73 20
6 99
68 99
19 99
0 21
0 67
66 46
0 9
94 99
61 99
0 46
78 99
38 99
5 32
34 32
62 99
20 99
2 99
0 66
15 99
93 99
5 81
46 99
41 99
64 99
81 99
60 99
17 99
65 99
80 99
44 99
55 99
1 99
51 99
90 99
39 99
11 99
97 99
87 99
63 99
56 99
76 99
0 16
0 77
5 35
14 99
72 99
71 99
9 99
0 34
0 73
0 5
76 45
84 99
50 99
0 33
95 99
0 84
35 99
92 30
0 76
7 99
30 99
86 99
21 99
0 92
30 52
0 96
0 80
0 99
53 99
52 99
48 99
5 99
34 99
10 99
59 99
3 99
92 99
91 99
69 99
32 99
73 99
88 99
49 99
17 6
85 99
83 99
89 99
25 99
23 99
98 99
74 99
79 99
75 58
18 99
0 56
