5
60
48
37
78
19
100
0 58
23 99
79 99
77 99
49 99
92 99
20 99
58 99
76 99
90 99
15 99
6 99
87 99
83 99
52 99
84 99
0 99
25 99
66 99
50 99
30 99
82 99
0 69
97 99
3 99
94 99
85 99
88 99
59 99
67 99
72 99
74 99
54 99
56 99
89 99
29 99
80 99
31 99
45 99
8 99
98 99
75 99
93 99
5 99
24 99
87 65
43 99
69 99
70 71
65 99
0 2
81 71
44 71
2 71
30 71
85 71
95 71
32 71
35 71
61 68
0 71
0 88
13 71
29 71
90 71
88 71
68 71
76 71
77 71
23 71
33 71
4 71
12 71
9 71
45 71
82 71
73 71
61 71
72 71
87 71
40 71
75 71
0 92
14 71
79 71
55 71
86 71
10 71
46 71
91 71
80 71
39 71
56 71
66 71
98 71
17 71
26 71
47 22
9 22
0 22
