5
75
68
11
63
46
100
16 99
15 99
0 62
12 99
32 99
51 99
4 99
36 99
84 99
37 99
97 99
5 99
0 48
0 52
0 55
0 57
0 93
0 83
0 71
0 18
0 2
80 99
0 64
39 99
92 99
0 38
23 99
30 99
2 99
95 99
9 99
42 99
54 99
55 99
27 99
20 99
17 99
6 99
87 99
58 99
78 99
0 5
0 51
0 61
0 60
0 21
0 99
56 99
82 99
26 99
0 87
91 99
0 45
76 99
0 72
0 91
0 15
0 58
0 29
0 76
0 67
0 32
33 99
0 4
71 99
45 99
0 17
64 99
40 99
14 99
47 99
43 99
96 99
29 99
59 99
90 99
4 61
8 99
38 99
61 99
72 99
49 99
69 99
93 99
22 99
60 99
34 99
13 99
83 99
86 99
41 99
21 99
1 99
25 99
67 99
73 99
0 50
70 99
89 99
79 99
