5
61
47
53
38
44
100
29 82
0 37
74 82
13 82
0 82
0 71
80 82
0 74
56 82
72 82
24 82
23 82
16 82
41 82
0 78
50 82
81 82
21 82
54 82
1 82
75 82
7 82
78 82
71 64
22 64
66 64
24 64
0 76
42 64
56 64
55 64
20 64
0 36
77 64
75 64
0 31
51 64
17 64
14 64
0 33
29 64
0 13
0 21
0 23
0 1
0 69
0 57
62 64
43 64
31 64
12 64
68 21
65 64
80 64
8 64
41 64
57 64
68 55
50 64
9 64
4 64
65 17
21 64
68 67
68 62
23 64
60 64
36 64
13 64
71 6
58 64
31 63
36 63
6 64
50 63
68 4
33 63
68 29
9 63
68 30
21 63
80 63
11 63
67 63
20 63
18 63
68 52
58 63
37 63
28 63
68 73
68 27
49 63
6 63
81 63
62 63
52 63
77 63
23 63
55 63
