5
71
17
44
62
80
100
76 99
64 99
21 99
30 99
6 99
4 99
79 99
51 99
34 99
11 42
23 99
98 42
74 42
6 42
60 42
63 42
75 42
8 42
0 14
3 42
88 42
19 42
13 42
65 42
87 42
50 42
66 42
55 42
11 92
4 42
0 48
16 92
73 92
76 92
63 92
85 92
26 92
52 92
47 92
95 92
36 92
24 87
4 87
8 87
64 87
12 87
33 87
90 21
35 87
59 87
67 21
54 21
35 21
79 21
46 21
0 2
0 22
0 64
65 21
11 21
39 21
3 51
16 34
89 51
30 51
82 51
31 51
36 51
24 51
61 51
65 51
29 51
54 51
37 51
90 32
24 32
34 32
31 32
3 32
16 32
82 32
75 32
98 32
0 6
59 32
33 32
60 32
95 32
86 32
10 61
0 16
2 19
75 19
0 57
18 10
0 93
79 19
67 19
0 89
95 36
