5
27
20
1
25
35
100
36 99
0 75
51 99
45 99
15 99
33 99
32 99
77 99
29 99
10 99
64 99
0 39
98 99
79 99
46 99
7 99
50 99
92 99
39 99
24 99
57 99
73 99
28 99
0 26
47 99
71 99
40 99
0 99
22 99
42 99
38 99
21 99
0 72
0 36
90 13
65 99
56 99
54 99
61 99
97 99
0 49
76 99
89 99
6 99
0 51
93 99
88 99
62 99
26 99
74 99
0 15
0 23
0 85
0 92
55 99
96 99
83 99
91 99
23 99
31 99
30 99
0 12
81 99
70 99
52 99
0 29
3 99
34 99
0 68
44 99
18 99
90 99
68 99
0 63
17 99
0 71
58 99
63 99
78 99
0 79
86 99
59 31
9 99
60 99
82 99
37 99
43 99
0 61
95 99
67 99
84 99
11 99
0 44
0 59
0 41
4 99
94 99
0 9
0 65
72 99
