5
34
8
7
20
30
100
44 80
24 80
0 43
68 80
69 80
59 80
23 80
58 80
5 80
18 80
51 80
15 80
26 80
54 80
45 12
28 80
29 80
36 80
73 80
74 80
52 80
49 56
42 80
9 80
25 80
56 80
3 80
46 80
4 80
60 80
63 80
79 80
2 80
50 80
77 80
21 80
65 80
57 80
11 80
43 80
61 80
41 80
49 80
0 17
64 80
46 17
76 80
0 45
0 54
33 80
49 12
78 69
22 80
0 33
48 80
1 80
21 72
78 15
49 64
6 80
31 80
17 80
45 80
66 80
35 80
21 71
37 80
63 14
70 80
12 80
55 80
78 80
71 80
0 44
32 80
49 13
53 80
27 80
14 80
19 80
13 80
71 62
32 62
59 62
1 62
22 62
21 62
45 62
72 62
31 62
64 62
47 62
58 62
36 62
57 62
61 62
78 62
75 62
18 62
19 62
