5
90
31
35
45
75
100
42 99
78 99
0 93
38 99
73 99
0 21
7 99
18 99
39 99
33 99
92 99
21 99
97 99
80 99
54 99
20 99
0 99
40 99
64 99
87 99
65 99
16 99
89 99
53 99
24 99
96 99
2 99
70 99
5 99
28 99
91 99
26 99
74 99
0 52
32 99
93 99
34 99
79 99
41 99
61 99
73 68
52 99
81 99
59 99
55 99
57 99
27 99
47 99
71 99
10 99
14 99
62 99
13 99
51 99
88 99
60 99
37 99
15 99
11 99
63 99
94 99
95 99
69 99
4 99
83 99
17 99
84 99
23 99
56 99
22 99
76 72
82 72
4 72
81 72
17 72
29 72
51 72
84 72
18 72
5 72
0 72
11 72
41 72
95 72
39 72
58 72
21 72
50 72
61 72
79 72
57 72
74 72
88 72
52 72
87 72
34 72
20 72
37 72
3 72
33 72
