5
20
13
24
4
34
100
65 79
28 79
47 79
14 79
0 35
54 79
0 51
7 79
8 79
78 79
66 79
0 17
41 79
62 79
27 79
30 79
33 79
37 79
51 79
63 79
11 79
64 52
37 52
71 79
78 52
26 52
46 52
59 52
60 52
47 52
16 52
25 52
65 52
41 52
29 52
73 52
3 52
23 52
72 1
21 1
0 1
0 15
5 1
36 1
42 1
53 1
58 1
18 1
30 1
56 1
26 1
15 1
51 1
65 1
22 1
67 1
19 1
40 1
35 59
7 1
55 1
33 59
46 59
62 11
48 59
64 29
15 59
54 59
11 59
3 59
43 59
64 59
76 59
2 59
61 59
47 59
38 59
50 59
14 59
22 59
62 19
18 19
0 72
38 19
10 19
22 19
58 19
61 19
25 19
31 19
23 19
74 19
26 19
56 19
78 19
2 7
46 19
68 7
46 7
54 7
