5
46
44
47
48
43
100
0 6
0 4
34 45
0 24
26 45
38 45
18 45
0 3
14 45
0 19
84 45
0 7
64 45
0 5
30 45
0 49
0 2
42 45
22 45
8 45
74 25
58 45
28 45
68 45
78 45
34 88
6 88
40 23
17 88
28 88
20 23
18 23
38 23
22 23
14 90
37 90
24 5
32 90
36 5
14 5
9 40
0 29
10 5
64 5
59 40
30 5
20 5
34 5
0 39
18 5
40 5
84 5
0 9
79 20
0 69
0 89
0 59
79 30
12 5
42 5
40 34
79 10
40 14
50 5
24 80
70 5
60 5
40 17
36 80
12 80
30 17
22 17
26 17
8 17
4 17
30 36
38 17
33 36
8 36
22 36
9 36
97 36
30 24
67 36
58 36
83 36
42 36
55 36
92 36
24 36
11 36
61 36
2 35
16 35
94 35
4 35
30 35
54 35
40 39
22 35
