5
50
80
42
97
71
100
49 99
41 99
78 99
1 99
2 99
0 33
67 99
5 99
85 99
25 99
23 99
38 99
36 99
75 99
0 87
56 99
87 99
0 79
13 99
61 99
43 99
76 99
66 99
90 99
93 99
0 96
0 12
57 99
0 56
98 77
0 37
79 99
15 99
77 99
92 99
52 99
24 99
58 99
45 99
14 99
89 99
35 99
6 99
0 45
32 99
22 99
59 99
82 99
47 99
17 99
98 99
37 99
51 99
20 99
29 99
21 99
86 99
40 99
96 99
74 99
9 99
95 99
34 99
83 99
18 99
27 99
94 99
62 99
40 87
0 72
4 99
51 57
28 99
0 40
0 29
0 30
16 99
88 99
0 10
0 55
65 99
0 54
0 66
0 84
36 55
19 99
44 4
44 46
7 30
0 99
91 99
95 30
54 99
0 36
68 99
10 30
60 99
94 41
0 51
0 44
