5
51
14
23
45
40
100
41 99
76 99
3 99
97 99
62 81
0 74
0 94
0 16
0 34
0 62
0 41
0 71
0 59
0 37
0 75
0 79
0 83
0 86
64 99
39 99
75 99
35 99
20 99
90 99
98 99
13 99
25 99
83 99
11 99
66 99
0 17
0 84
0 6
38 99
55 99
43 99
17 99
93 99
0 11
68 99
32 99
21 99
0 39
4 99
34 99
74 99
81 99
96 99
94 99
1 99
95 99
53 99
9 99
72 99
28 99
29 99
73 99
80 99
86 99
59 99
5 99
24 99
18 99
77 99
61 99
50 99
31 99
26 99
89 99
0 67
52 99
6 99
33 99
22 99
79 99
69 99
54 99
63 99
46 99
2 99
57 99
47 99
12 99
58 99
10 99
60 99
65 99
88 99
85 99
67 99
42 99
92 99
84 99
62 99
48 99
82 99
30 99
71 99
87 99
19 99
