5
1
6
80
72
42
100
25 99
88 99
75 99
0 44
70 24
0 31
53 99
0 64
61 65
0 71
87 99
2 99
49 99
73 99
9 99
0 61
0 87
0 17
0 13
82 99
15 99
66 99
34 99
68 99
83 99
0 98
35 99
84 99
38 99
0 92
86 99
43 99
20 99
79 99
62 99
52 99
0 51
0 12
0 89
10 99
0 88
85 99
3 21
64 98
27 99
50 99
90 99
12 99
98 99
71 99
67 99
0 28
95 99
24 99
63 99
94 28
31 99
39 99
56 99
87 92
5 99
32 92
94 92
55 92
50 92
57 92
86 92
81 92
18 92
0 29
53 92
16 92
67 92
21 92
11 92
59 92
0 54
13 28
29 92
38 92
36 92
5 92
0 41
37 92
43 92
73 92
91 92
54 92
26 92
93 92
24 92
28 92
74 92
89 92
0 3
39 92
31 92
41 92
7 92
25 92
