5
54
98
95
30
74
78
0 10
45 8
39 10
79 10
83 87
63 87
23 94
90 87
44 94
0 46
75 86
76 65
55 61
56 57
55 93
3 65
73 65
21 35
42 35
72 35
37 35
82 35
33 59
82 59
5 43
6 11
28 11
27 43
5 3
85 64
69 64
4 13
23 88
77 13
53 88
89 39
66 81
47 76
19 76
71 76
6 2
7 2
70 77
58 2
7 77
29 82
93 82
47 69
45 79
53 91
40 69
73 5
12 41
40 70
60 96
47 28
34 6
92 19
79 37
27 53
62 25
1 57
79 22
85 22
25 93
58 57
20 57
50 21
73 12
46 27
42 78
1 47
50 85
66 34
46 25
44 45
44 86
0 49
