5
17
19
3
11
55
100
92 97
68 97
81 97
0 25
0 37
0 31
0 16
79 97
12 97
64 97
0 14
63 97
30 97
52 97
80 97
83 97
49 97
5 97
70 97
39 97
14 97
84 97
10 97
0 42
53 97
47 97
16 97
56 97
63 48
71 97
42 48
45 33
44 48
32 48
33 48
57 48
73 48
37 48
87 48
78 48
25 48
79 48
51 48
93 48
56 48
38 48
4 13
16 13
0 38
0 45
68 13
96 13
22 13
0 87
0 51
0 8
35 13
0 10
18 65
71 13
83 13
51 13
80 13
56 13
62 13
0 28
69 13
1 13
7 13
27 13
73 13
5 13
32 13
66 13
84 13
4 94
92 94
78 94
27 94
56 94
30 94
39 94
20 94
90 94
57 94
35 94
65 94
15 94
79 94
42 94
61 94
49 94
89 94
73 94
77 94
53 94
52 94
71 94
29 94
67 94
