5
23
84
59
4
72
100
14 98
18 98
71 98
60 98
21 98
91 98
77 98
22 98
61 98
29 98
6 98
92 98
0 60
96 98
9 98
15 98
50 98
90 98
74 98
17 98
7 98
10 98
5 98
48 98
85 98
87 98
95 98
58 98
81 27
65 98
20 98
55 27
28 98
46 98
38 98
56 98
0 89
79 98
33 98
94 98
3 98
43 98
0 79
35 98
75 98
27 98
68 98
26 98
83 98
0 82
81 98
93 98
54 98
0 76
7 1
8 98
52 98
40 98
53 98
30 98
63 98
25 98
42 98
82 98
62 98
78 98
69 98
49 98
34 98
32 98
44 98
97 98
37 98
2 98
86 98
70 98
41 98
0 1
80 98
16 98
11 98
12 98
13 98
66 98
36 98
45 98
73 98
55 98
57 98
76 98
31 98
1 98
88 98
51 98
39 98
47 98
64 98
67 98
24 98
89 98
