5
43
90
51
82
7
100
39 58
40 97
59 97
1 97
88 97
42 97
0 18
3 97
31 97
79 41
0 56
76 97
48 97
21 97
0 17
18 97
0 38
0 68
0 79
0 27
9 97
0 74
10 97
24 97
0 13
60 9
0 46
33 97
44 97
16 97
53 97
89 78
15 97
25 97
91 97
96 97
61 97
62 97
47 97
37 97
5 66
32 97
94 66
15 66
42 66
63 66
83 66
95 66
64 66
78 66
26 66
53 66
28 66
59 66
56 66
1 66
50 66
5 47
3 66
29 66
39 66
33 57
85 66
40 66
44 66
47 66
75 66
57 66
69 66
36 66
37 66
37 93
69 93
33 93
14 93
60 34
0 93
68 93
8 93
54 93
17 93
96 93
44 93
81 93
13 93
39 93
22 93
0 16
48 93
0 92
89 12
80 93
77 93
0 5
62 74
31 37
71 93
52 93
23 93
18 93
