5
69
81
22
62
78
100
5 99
0 83
0 90
0 17
0 27
0 75
33 99
0 65
41 99
0 82
73 37
71 99
94 99
38 99
34 99
9 99
73 99
75 99
0 63
54 99
51 99
0 32
7 73
53 99
49 99
35 99
85 99
84 99
86 99
70 99
0 28
88 99
42 99
66 99
43 99
61 99
76 99
28 99
37 99
27 99
59 99
2 99
95 99
96 99
12 99
18 99
30 99
14 99
23 99
87 99
19 99
58 99
44 99
39 99
4 99
79 92
67 99
39 46
0 7
0 89
0 5
97 99
0 79
0 19
0 88
0 53
0 60
0 92
0 42
92 99
0 14
0 58
0 96
0 91
3 64
0 11
0 99
57 84
0 9
64 99
56 99
0 10
0 57
0 3
0 87
90 99
0 49
0 98
68 99
0 26
93 99
0 36
0 4
0 23
0 6
55 99
16 99
89 99
17 99
13 99
