5
98
66
44
42
21
100
0 99
97 99
96 99
95 99
94 99
93 99
92 99
91 99
90 99
89 99
88 99
87 99
65 99
86 99
20 99
41 99
64 99
85 99
19 99
40 99
63 99
84 99
18 99
39 99
62 99
83 99
17 99
38 99
61 99
82 99
16 99
35 36
58 59
79 80
13 14
35 99
58 99
79 99
13 99
32 33
55 56
76 77
10 11
30 31
53 54
74 75
8 9
28 29
51 52
72 73
6 7
26 27
49 50
70 71
4 5
26 99
49 99
70 99
4 99
23 24
46 47
69 99
3 99
2 99
6 99
8 99
10 99
12 99
15 99
23 99
25 99
28 99
30 99
32 99
68 99
72 99
74 99
76 99
78 99
81 99
34 99
37 99
46 99
48 99
51 99
53 99
55 99
57 99
60 99
1 99
5 99
7 99
9 99
11 99
14 99
22 99
24 99
27 99
29 99
31 99
