5
70
2
75
23
76
100
0 99
91 99
63 99
10 99
79 99
48 98
41 99
95 98
33 98
97 98
4 98
71 98
16 98
27 98
82 98
20 98
16 10
31 10
71 10
63 10
79 10
58 10
0 96
0 91
25 10
0 49
83 10
0 29
90 10
0 8
41 10
66 7
69 10
38 10
61 7
71 7
46 7
12 7
65 7
55 7
77 7
3 7
39 51
69 7
38 51
0 45
0 66
59 51
15 51
53 51
40 51
6 51
66 51
96 51
8 51
9 28
24 51
88 28
44 28
65 28
0 4
89 28
59 28
0 20
0 74
85 28
4 28
61 28
16 28
72 28
41 28
57 55
68 28
47 28
48 28
81 38
48 38
90 38
84 38
55 38
59 38
55 26
84 26
18 14
67 26
39 26
0 65
91 14
25 14
60 14
4 14
89 14
20 14
81 14
0 87
0 57
53 14
19 71
0 3
11 14
