5
88
69
65
86
32
100
0 72
27 98
81 98
0 63
80 98
56 98
1 98
84 98
54 98
36 98
74 98
0 41
30 98
54 16
50 98
26 98
89 98
18 98
13 98
40 98
16 98
57 98
83 98
61 98
93 98
49 98
73 98
96 98
59 98
29 98
0 98
0 54
0 30
0 22
0 38
0 33
71 98
87 98
55 98
64 98
78 98
24 98
37 98
52 98
63 98
47 98
51 98
2 98
97 98
5 98
20 98
12 98
31 98
95 98
21 98
53 98
94 98
75 98
11 98
43 98
8 98
68 98
42 98
0 23
91 98
60 98
0 1
14 98
9 98
15 98
19 98
0 84
85 98
0 6
0 56
0 7
90 98
67 98
66 98
3 98
35 98
34 98
25 98
72 98
58 98
23 98
80 27
17 98
62 98
0 16
19 27
46 98
70 98
44 98
38 98
7 98
0 40
92 98
0 80
4 98
