5
43
65
34
32
20
100
0 70
49 70
0 38
0 23
26 70
22 70
0 47
0 57
0 26
0 46
63 70
61 70
0 66
0 53
17 53
0 58
0 49
0 11
0 17
0 21
0 22
0 9
51 70
0 60
14 70
0 54
0 7
0 48
0 28
0 25
0 3
21 70
45 70
44 70
18 70
64 70
37 15
61 2
3 70
15 70
55 70
57 70
54 70
13 70
48 70
29 70
24 70
50 70
11 70
0 68
40 27
61 66
8 70
4 70
40 70
53 70
1 70
59 70
69 70
66 70
0 37
60 70
0 62
2 70
8 30
10 70
47 70
37 70
25 30
41 30
46 30
60 30
47 30
36 30
5 30
39 30
45 30
17 30
18 30
61 22
15 30
22 30
4 30
33 30
42 30
6 30
0 14
0 61
2 30
0 8
0 40
1 60
0 67
24 30
55 42
0 1
21 30
57 30
35 2
55 30
