5
77
52
78
1
2
100
0 79
7 50
64 72
3 72
70 72
0 60
32 72
38 60
3 60
12 60
39 6
14 10
33 10
4 65
3 65
61 65
49 65
29 65
58 71
0 71
62 71
76 71
23 56
14 71
0 35
40 35
3 8
0 8
0 21
16 21
69 21
3 21
62 45
69 76
74 76
20 76
4 47
18 47
73 47
37 75
30 75
0 73
67 73
66 73
48 73
4 73
0 16
11 73
63 73
0 42
5 42
46 57
62 59
55 57
25 57
34 51
0 3
0 66
4 51
43 51
3 51
25 66
53 66
49 66
0 19
23 41
17 41
63 19
12 41
3 63
4 63
53 22
27 4
64 4
62 4
70 4
18 4
17 4
30 4
25 39
33 4
53 39
0 37
44 39
32 37
0 17
27 62
13 62
0 48
3 43
28 43
3 33
0 33
0 53
0 18
0 34
0 28
3 28
0 29
3 29
