5
84
39
73
25
6
100
0 99
0 95
0 8
0 1
71 32
71 1
67 99
68 99
94 99
64 99
10 99
92 99
71 34
70 36
70 79
70 41
15 99
70 47
97 99
66 8
45 7
82 7
35 7
30 7
66 28
83 7
9 7
75 7
68 76
66 63
14 76
53 76
45 76
66 86
66 96
66 56
75 76
60 76
67 76
41 76
83 76
65 76
53 57
29 57
64 22
23 22
28 22
81 22
36 22
97 22
42 47
74 47
8 47
40 47
5 47
2 47
83 47
16 59
35 47
82 59
1 59
33 59
61 59
50 59
49 59
46 15
72 15
86 15
9 15
52 24
98 24
23 24
35 24
14 43
4 24
91 24
56 43
60 43
79 34
74 34
52 34
54 34
62 34
83 34
10 34
12 34
68 17
3 11
14 67
97 67
17 67
11 98
56 98
87 98
28 77
3 79
49 77
45 79
72 12
14 12
