5
54
36
22
57
3
100
0 98
25 98
42 98
66 98
9 98
61 98
37 98
23 98
41 98
5 98
24 98
50 98
60 98
17 98
21 98
67 62
85 62
24 62
15 62
21 62
26 62
86 62
91 62
81 62
58 62
58 37
0 42
68 62
96 62
77 62
71 62
31 23
90 62
16 14
0 67
78 62
97 62
0 59
0 25
0 56
42 62
95 62
51 62
23 62
83 62
12 62
5 62
75 62
65 62
92 60
53 60
81 60
34 60
0 60
25 60
85 60
9 60
79 60
37 60
65 60
42 60
94 60
41 60
69 60
10 60
73 60
90 60
51 60
16 79
0 86
96 60
87 60
80 60
4 60
15 60
14 60
88 60
14 95
31 95
48 95
13 95
5 95
24 95
41 95
63 95
4 95
0 95
2 95
37 95
69 95
42 95
23 95
26 95
15 95
17 9
10 9
0 9
73 9
21 9
66 9
