5
16
8
41
17
57
100
0 99
0 33
60 99
82 99
42 99
31 99
2 99
23 99
39 99
22 99
45 99
11 99
81 99
29 99
38 37
0 75
84 99
93 99
14 99
56 99
44 99
37 99
79 99
94 99
66 99
35 99
74 99
0 95
0 98
0 11
53 99
77 99
0 61
0 38
0 67
0 80
0 31
0 28
0 70
55 99
39 83
52 99
18 99
92 99
0 23
33 99
49 99
80 99
0 83
65 99
86 99
97 99
0 18
9 99
19 99
85 99
51 99
98 99
58 99
28 99
89 99
63 99
30 99
96 99
61 99
39 88
21 99
52 88
6 88
97 88
36 7
18 88
19 88
51 88
45 88
84 88
94 88
66 44
50 88
92 88
7 88
63 88
1 88
29 88
96 88
14 88
86 88
67 88
20 88
13 88
72 88
33 88
81 88
32 88
93 88
98 88
53 88
74 88
42 88
15 88
