5
44
16
69
86
39
100
5 99
59 99
0 49
72 99
30 99
10 99
52 99
50 99
8 99
48 99
81 99
35 99
41 99
0 99
14 99
0 20
0 96
23 99
78 99
67 99
66 99
28 99
87 99
57 99
47 99
0 23
79 99
84 99
51 99
40 99
1 99
20 99
58 99
36 99
15 99
80 43
46 99
96 99
0 98
55 99
64 99
25 99
43 99
65 99
22 99
70 99
17 99
0 80
0 74
0 94
13 99
0 33
77 99
54 99
18 99
73 99
89 68
0 45
12 99
91 99
31 99
9 99
88 99
0 11
24 99
68 99
11 99
56 99
90 99
93 99
6 99
74 99
0 43
0 89
42 99
0 25
19 99
97 99
0 1
7 99
94 99
60 99
95 99
29 99
0 6
32 99
83 99
37 99
49 99
4 99
76 99
98 99
82 99
85 99
89 99
27 99
3 99
33 99
92 99
61 99
