5
53
54
38
39
47
100
37 42
40 46
40 42
37 46
29 35
49 56
59 60
56 58
55 57
57 58
36 40
32 40
28 30
27 30
12 30
13 30
18 30
29 30
29 26
27 26
25 26
22 26
24 26
23 26
2 28
1 28
27 28
29 28
24 28
21 25
22 25
27 25
23 25
24 25
1 29
3 29
2 29
1 27
23 27
20 24
21 24
23 24
10 14
11 15
11 14
12 14
12 15
12 16
13 17
10 13
13 16
13 15
9 13
11 13
10 12
18 22
19 22
20 22
21 22
19 23
20 23
17 21
18 21
19 21
17 20
19 20
16 20
14 18
15 18
17 18
16 18
17 19
15 19
14 16
15 16
14 17
8 12
9 12
7 11
8 11
10 11
7 9
6 9
5 9
8 9
7 10
6 10
0 8
4 8
0 6
5 8
0 7
4 7
6 8
5 7
3 7
3 6
5 6
4 6
0 2
