5
41
89
29
11
68
100
51 92
81 92
76 92
42 92
60 92
6 92
58 90
23 92
3 92
61 92
36 92
40 92
90 92
0 92
24 92
30 92
13 92
79 92
57 92
26 92
17 92
38 92
0 4
44 92
5 92
84 92
62 92
21 92
74 92
86 16
39 92
88 92
0 2
64 92
15 92
66 92
71 92
0 58
0 19
31 92
0 23
0 71
0 26
0 6
0 9
0 73
2 92
19 92
78 92
0 60
43 92
47 92
65 92
72 92
4 92
12 92
82 92
0 63
28 92
0 18
27 92
67 92
0 67
69 92
22 92
58 92
0 57
0 43
8 92
87 92
18 92
0 14
0 80
10 92
49 92
63 92
70 92
53 92
37 92
0 75
33 92
0 42
52 92
45 92
56 92
55 92
25 92
14 92
54 92
59 92
34 92
1 92
91 92
50 92
73 92
20 92
16 92
46 92
7 92
48 92
