5
63
1
38
35
41
100
0 99
78 99
74 99
58 99
70 99
88 99
11 99
10 99
93 99
30 99
25 99
96 99
49 99
0 33
82 99
3 99
42 99
89 99
44 99
81 99
16 99
28 99
55 99
61 99
45 99
85 99
73 99
46 33
0 69
19 99
14 99
43 99
33 99
65 99
79 99
0 20
26 99
36 99
66 99
72 99
80 99
56 99
0 94
46 74
17 99
77 99
53 99
12 99
86 99
50 99
71 99
37 99
51 99
64 99
69 99
8 99
98 99
83 99
27 99
59 99
46 99
40 99
34 85
9 99
91 99
62 99
94 99
6 99
75 99
23 99
87 82
31 99
32 99
18 99
5 99
52 99
47 99
87 99
65 93
95 99
92 99
90 99
97 99
24 99
39 99
76 99
46 83
4 99
54 99
0 34
67 99
57 99
13 99
21 99
29 99
7 99
84 99
15 99
22 99
2 99
