5
7
21
77
70
84
100
56 99
49 99
91 99
14 99
63 99
35 99
28 99
98 99
62 42
20 42
34 42
55 42
83 42
6 42
41 42
27 42
97 42
48 42
76 42
90 42
69 42
75 13
61 13
12 13
82 13
54 13
19 13
47 13
96 13
89 13
5 13
26 13
68 13
33 13
40 13
83 13
48 13
6 13
62 13
76 13
27 13
41 13
90 13
34 13
69 13
97 13
20 13
55 13
63 13
14 13
98 13
56 13
35 13
91 13
28 13
55 49
97 49
48 49
90 49
20 49
69 49
41 49
83 49
76 49
6 49
27 49
62 49
96 34
47 34
54 34
89 34
33 34
82 34
12 34
40 34
61 34
26 34
68 34
75 34
19 34
5 34
41 34
76 34
97 34
6 34
83 34
69 34
48 34
20 34
27 34
55 34
90 34
62 34
14 34
56 34
28 34
91 34
35 34
98 34
55 63
