5
92
56
19
89
32
100
38 98
3 98
94 15
0 90
47 98
40 98
0 10
0 94
57 8
0 82
58 98
87 98
26 98
57 98
15 98
75 98
16 98
53 24
63 98
0 79
78 98
82 98
42 98
45 98
46 98
24 98
2 98
35 98
88 98
61 98
95 98
52 98
28 98
96 98
91 98
22 98
39 98
18 98
54 98
55 98
37 98
93 98
74 98
80 70
85 98
29 98
5 98
70 98
23 98
14 98
76 98
17 98
65 98
11 67
49 67
0 53
0 57
0 23
33 67
25 67
42 67
18 67
0 80
0 69
0 34
0 50
22 67
23 26
64 67
61 67
73 67
26 67
24 67
27 67
76 67
0 13
78 67
0 9
79 67
80 67
1 67
4 67
68 67
8 67
13 67
77 67
0 88
0 70
58 22
0 28
0 75
16 67
60 67
54 67
97 67
5 67
2 67
85 67
91 67
43 67
