5
97
4
1
25
91
75
0 99
41 42
47 46
38 33
42 43
90 46
56 45
75 76
26 76
72 78
37 96
59 80
36 35
64 65
81 80
69 80
32 80
55 80
88 5
90 80
11 6
23 21
10 9
22 21
75 20
19 20
56 89
10 89
87 88
84 83
84 82
62 49
13 12
10 11
52 81
61 60
12 82
67 23
13 87
71 72
53 73
87 23
57 73
33 75
51 75
48 93
48 49
48 14
53 52
67 66
84 51
17 52
29 52
17 49
93 94
96 95
68 69
26 27
30 29
59 18
16 17
30 71
35 16
14 71
54 15
68 31
34 33
85 84
54 53
35 31
57 58
86 57
69 71
87 59
3 57
