5
95
61
49
83
7
100
0 84
81 99
32 31
0 70
76 53
0 16
47 99
8 42
0 76
82 99
12 99
78 62
69 99
88 99
10 99
25 99
62 99
86 99
0 55
60 99
11 99
45 99
48 99
16 99
75 99
29 99
77 99
17 99
13 99
67 44
24 99
97 99
58 99
0 87
44 99
57 99
15 99
18 99
21 99
41 99
26 99
5 99
40 99
46 99
98 99
3 99
65 99
36 99
19 99
22 99
0 32
63 99
72 99
27 99
64 99
0 99
75 14
0 77
0 29
52 99
54 99
21 17
14 99
87 99
90 99
71 99
85 99
76 99
33 99
23 99
78 99
92 99
89 99
50 99
38 99
0 75
53 99
70 99
0 21
93 99
0 31
0 67
84 99
37 99
0 22
1 99
52 65
0 58
0 19
0 1
43 99
51 99
56 99
91 99
2 99
94 99
42 99
8 99
31 99
0 52
