5
52
92
95
45
6
100
0 99
36 99
64 99
44 99
78 99
24 99
34 99
58 99
90 99
41 99
0 53
23 99
67 99
37 99
82 99
69 99
96 99
0 72
0 80
0 79
26 99
68 99
98 99
16 99
85 99
66 99
0 76
21 99
59 99
30 35
80 99
28 99
84 99
15 99
0 24
10 99
0 90
0 30
87 99
0 12
33 99
4 99
0 8
62 99
1 99
75 99
3 99
40 99
93 99
79 99
49 99
31 99
17 99
11 99
53 99
60 99
86 99
18 99
2 99
43 99
0 70
0 20
77 99
73 99
61 99
74 99
71 99
12 99
5 99
32 99
46 99
81 99
20 99
0 82
56 99
27 99
94 99
55 99
57 99
89 99
65 99
63 99
50 99
70 99
14 99
91 99
19 99
54 99
0 10
88 99
22 99
83 99
8 99
42 99
39 99
30 99
47 99
72 99
29 99
9 99
