5
86
57
56
96
74
100
59 99
64 99
7 99
0 60
48 99
52 99
21 99
58 99
28 60
27 60
6 60
50 60
0 69
0 75
0 37
0 95
66 60
81 60
0 73
11 60
97 60
0 82
16 60
25 60
92 33
40 60
80 60
46 60
3 36
33 60
3 93
0 92
3 92
3 66
40 91
89 91
55 91
32 91
17 91
72 91
39 91
28 91
26 91
61 91
51 91
77 91
44 91
97 91
65 91
75 70
44 70
3 94
41 70
73 70
37 70
35 70
29 70
85 49
30 49
31 49
47 49
97 49
52 49
34 49
13 49
90 49
83 49
32 49
43 49
46 49
8 49
27 49
89 49
79 4
55 4
17 4
21 4
75 4
54 4
14 4
53 4
5 4
23 26
12 26
10 26
6 26
18 26
3 45
69 26
3 64
89 26
3 90
3 22
3 67
3 81
3 63
98 39
98 67
98 20
22 83
