5
5
2
3
4
7
87
0 50
1 50
0 6
14 6
21 6
28 6
35 6
42 6
49 6
13 6
23 6
29 6
38 6
47 6
10 6
20 6
33 6
40 6
9 6
18 6
27 6
39 6
8 6
17 6
31 6
45 6
15 6
30 6
46 6
19 6
34 6
16 6
25 6
11 6
43 6
26 6
48 6
41 6
22 6
32 6
24 6
37 6
1 6
12 6
36 6
0 44
0 1
42 1
10 1
39 1
46 1
26 1
12 1
49 1
40 1
15 1
25 1
37 1
38 1
18 1
34 1
24 1
35 1
9 1
19 1
22 1
23 1
31 1
41 1
13 1
45 1
32 1
47 1
48 1
21 1
43 1
8 1
28 1
30 1
27 1
36 1
29 1
14 1
33 1
16 1
11 1
20 1
