5
35
5
92
64
69
100
83 98
0 21
18 98
61 98
0 3
46 98
6 98
7 98
43 75
29 98
0 90
0 61
59 98
0 28
0 73
0 40
0 43
0 17
47 98
11 98
62 20
14 98
76 98
13 98
79 98
95 98
93 98
33 98
2 98
32 98
50 98
17 98
90 98
65 98
0 98
0 62
78 98
0 47
60 98
63 98
9 98
22 98
12 98
21 98
80 98
27 98
73 98
26 98
0 10
57 98
0 11
45 31
39 98
41 98
1 98
67 98
70 98
68 98
55 98
44 98
4 98
74 98
81 98
31 98
24 98
36 98
58 98
77 98
3 98
43 98
84 98
97 98
42 98
10 98
23 98
8 98
37 98
20 98
91 98
94 98
54 98
52 98
28 98
82 98
0 49
38 98
48 98
85 98
0 78
9 15
0 57
56 98
49 98
0 74
44 16
0 9
0 86
0 79
0 45
87 98
