5
49
16
83
82
30
100
31 95
59 95
84 95
36 95
73 95
76 95
0 92
0 53
66 92
71 95
44 95
0 95
74 95
92 95
1 95
20 95
78 95
56 95
0 10
77 95
0 4
0 12
0 66
0 57
87 42
35 95
54 95
8 95
89 95
0 55
0 11
0 90
93 95
0 36
0 45
0 87
0 13
0 50
0 24
52 95
0 74
32 95
0 78
34 57
0 93
0 75
23 95
0 22
46 95
0 6
5 95
27 95
51 95
0 56
0 65
0 34
0 73
0 5
80 95
75 95
17 95
22 95
66 95
25 95
69 95
10 95
47 95
6 95
50 95
3 95
24 95
87 95
71 45
67 58
57 95
88 95
65 95
55 95
58 95
91 95
45 95
60 95
9 95
79 95
72 95
81 95
7 95
64 95
40 95
48 95
85 95
19 95
34 95
70 95
94 95
78 60
53 84
0 71
0 47
0 80
