5
38
26
17
98
59
100
88 99
0 99
53 99
9 99
0 85
72 99
77 99
56 99
91 99
3 99
94 99
5 99
43 99
2 99
60 99
1 99
85 99
45 99
29 99
61 99
34 99
40 99
48 99
73 99
64 99
0 20
39 99
0 96
28 99
15 99
80 99
79 99
62 99
20 99
32 99
30 99
46 99
49 99
0 37
0 44
0 19
36 99
54 99
1 77
0 22
0 87
42 99
57 99
0 82
89 99
78 99
41 99
0 91
0 29
0 84
2 23
0 1
63 99
0 57
0 34
0 2
7 99
0 12
71 99
0 24
0 7
21 99
65 99
67 99
0 77
0 28
0 10
87 99
0 83
0 67
51 99
0 48
0 76
0 55
96 99
84 99
75 99
28 11
0 16
28 76
0 65
0 8
77 11
0 27
0 35
6 24
0 36
53 11
82 11
70 11
76 11
24 11
0 11
71 11
46 11
