5
1
98
77
42
7
86
0 99
95 97
90 92
75 76
72 74
73 74
52 54
49 51
48 50
35 37
48 49
71 73
70 72
34 36
67 69
66 68
79 81
80 82
89 91
88 90
78 80
58 60
57 59
56 58
26 28
34 35
31 33
55 57
54 56
32 33
95 96
92 94
93 94
5 6
30 32
25 27
87 89
91 93
40 41
37 39
38 39
51 53
50 52
9 11
10 12
8 10
53 55
65 67
64 66
61 63
64 65
62 63
70 71
68 69
45 47
46 47
44 46
36 38
86 88
85 87
84 86
83 85
82 84
81 83
60 62
59 61
25 26
22 24
23 24
21 23
20 22
17 19
20 21
18 19
16 18
43 45
29 31
28 30
27 29
15 17
14 16
13 15
12 14
11 13
2 4
3 4
