5
48
78
69
95
7
100
40 99
12 99
24 99
91 99
35 99
11 99
93 99
72 99
96 99
33 99
30 99
73 99
27 99
1 90
52 99
31 41
77 99
66 99
36 99
85 99
29 99
90 99
79 99
41 99
43 99
60 99
2 99
67 99
6 99
22 99
37 99
1 99
94 99
92 99
57 99
50 99
89 99
13 99
0 18
5 99
82 99
75 99
0 1
58 99
47 99
45 99
70 99
0 89
87 99
39 99
44 99
4 99
53 99
31 99
25 99
74 99
34 99
62 99
0 19
54 91
23 84
88 99
81 99
0 58
23 99
16 99
71 99
86 99
32 99
51 99
42 99
55 99
94 8
56 99
49 99
0 31
80 99
97 99
65 99
26 99
15 99
19 99
0 94
17 99
0 60
38 99
8 99
28 99
46 99
10 99
20 99
98 99
59 99
0 23
76 99
83 99
0 67
0 17
64 99
63 99
