5
94
55
76
20
35
100
25 95
50 95
11 95
68 95
65 95
0 80
79 95
62 95
89 95
13 95
28 95
52 95
88 95
60 31
66 95
93 95
8 77
37 95
45 95
61 95
38 95
77 95
53 95
39 9
46 9
7 9
0 9
74 9
0 16
87 9
17 9
49 9
0 15
40 9
5 9
41 9
13 9
77 9
0 60
0 42
0 67
0 93
70 9
80 9
15 9
23 9
63 9
0 10
72 9
24 9
92 9
19 90
17 90
45 90
89 90
53 90
49 90
36 90
93 90
68 90
47 90
7 90
88 90
0 53
1 51
79 90
60 90
22 90
51 90
16 90
58 90
26 90
72 90
62 63
52 63
24 90
30 63
77 63
71 63
51 63
29 63
92 63
8 63
26 63
74 63
16 63
44 63
83 63
10 63
3 63
80 63
73 63
17 85
27 85
52 85
89 85
28 85
69 85
34 85
25 85
