5
64
67
28
15
21
100
0 32
8 79
0 76
0 1
0 14
13 79
0 54
48 79
58 79
5 79
59 79
44 79
2 79
39 10
0 16
0 61
0 40
0 17
0 70
49 10
76 10
71 10
73 10
42 10
2 10
75 10
29 10
27 10
16 10
59 60
59 19
59 25
59 40
20 10
59 72
59 8
11 10
77 10
24 10
74 34
18 10
68 10
14 10
32 10
54 10
56 51
74 2
25 51
43 51
46 51
34 51
77 51
59 20
32 51
61 51
14 51
18 51
76 30
76 6
22 51
44 51
37 51
23 51
30 51
54 51
55 35
37 35
74 35
34 31
77 35
13 35
12 35
18 35
63 35
62 35
31 35
76 35
75 35
66 35
14 35
16 35
41 44
54 44
63 44
6 44
37 44
8 44
22 44
59 2
49 44
19 44
59 29
50 11
50 48
59 42
59 74
78 44
50 12
75 44
50 54
