5
79
84
51
22
77
84
72 95
3 85
29 82
0 65
0 37
8 82
45 42
47 93
6 93
25 20
54 20
37 28
13 2
83 28
78 75
78 7
19 14
90 53
42 53
62 14
17 89
5 89
26 86
18 6
3 59
21 59
73 61
74 86
26 70
60 66
64 76
60 63
39 34
81 34
49 61
72 38
36 32
88 73
23 83
33 65
57 69
10 69
55 11
64 36
33 8
47 4
67 97
18 15
4 57
68 11
16 92
24 75
75 9
23 43
90 43
88 48
12 5
46 40
58 1
12 17
44 29
81 56
63 7
87 41
98 31
76 31
87 70
56 74
96 49
27 94
25 68
15 94
91 13
50 92
52 98
30 48
55 27
41 44
30 96
17 52
10 9
80 71
46 71
19 58
