5
58
94
54
19
49
78
76 5
97 96
27 10
27 48
25 28
27 34
70 4
85 99
22 99
95 23
29 99
43 38
57 99
59 99
59 10
77 88
80 73
66 37
96 73
1 45
98 15
28 45
62 86
23 46
65 48
28 84
78 35
64 84
75 84
90 60
20 31
37 84
34 61
46 17
46 85
6 12
1 74
68 2
11 91
50 2
74 26
69 26
75 26
55 64
11 64
37 22
57 12
67 59
89 12
55 24
89 81
87 24
40 30
17 30
68 30
52 71
75 30
68 98
89 53
28 35
4 39
13 48
41 48
20 69
40 33
7 69
40 13
52 79
77 4
92 33
86 79
18 16
18 29
52 17
32 38
82 7
18 41
27 93
