5
64
41
59
38
56
83
0 99
81 83
52 53
45 47
20 22
68 70
30 32
94 96
95 97
73 75
74 76
72 74
71 73
71 72
69 70
19 21
16 18
18 20
17 19
32 34
33 35
75 76
67 69
65 66
67 68
15 17
78 80
77 79
46 48
77 78
47 49
53 55
48 50
26 28
27 29
25 27
24 26
21 23
22 24
23 25
14 16
3 5
2 4
6 8
4 5
7 9
8 10
42 44
43 45
44 46
82 84
83 85
86 88
87 89
85 87
84 86
28 29
30 31
13 15
12 14
98 97
34 35
92 94
91 93
88 90
91 92
89 90
93 95
9 11
12 13
10 11
31 33
6 7
62 63
52 54
49 51
50 51
36 37
81 82
79 80
60 61
1 3
0 2
