5
26
69
20
55
18
100
0 99
0 76
65 99
54 99
68 99
28 99
96 99
0 38
52 99
0 63
77 99
57 99
90 99
0 83
38 99
84 99
13 99
0 78
87 99
0 92
48 99
0 49
2 99
92 99
66 99
41 99
42 99
31 99
7 99
17 99
89 99
0 60
10 99
0 25
0 62
72 99
22 99
96 36
0 87
0 68
76 99
0 47
0 17
83 99
19 99
0 52
36 80
0 6
0 46
58 99
0 9
14 99
73 99
95 99
80 99
59 99
6 99
15 99
71 99
78 99
16 99
64 11
41 7
33 99
53 99
33 79
51 99
0 29
0 77
0 41
0 33
0 12
25 99
0 84
0 3
0 23
30 99
86 99
34 99
11 99
5 99
0 45
0 15
21 99
0 80
0 65
0 50
0 86
0 34
32 99
61 99
36 99
23 99
64 99
0 94
91 99
75 99
0 44
1 99
46 82
