5
21
18
23
69
2
100
0 60
0 10
0 84
0 22
0 13
0 26
34 99
0 76
43 99
0 79
36 99
87 99
0 74
1 5
67 99
25 99
0 71
1 4
29 99
91 99
20 99
51 99
83 99
92 99
12 99
0 48
5 99
0 99
4 99
84 99
95 99
28 99
48 99
0 1
0 91
60 99
0 78
43 97
13 99
56 99
0 44
17 99
85 99
7 99
6 99
59 99
93 99
22 99
0 96
52 99
0 72
34 56
15 99
35 99
50 99
68 99
31 99
0 43
66 99
0 25
63 99
0 98
94 99
90 99
5 11
0 53
0 52
0 55
96 99
9 99
44 99
0 34
11 99
89 99
77 99
61 99
53 99
76 99
81 99
64 99
97 99
0 33
82 99
0 14
26 99
75 99
88 99
80 99
0 46
10 99
74 99
42 99
40 99
19 99
33 99
30 99
58 99
55 99
0 11
0 7
