5
60
17
28
15
20
100
0 47
10 71
4 71
0 1
26 71
13 71
5 71
0 40
68 71
0 68
0 49
0 66
45 71
64 71
67 71
47 71
29 71
55 71
46 71
58 71
2 71
42 71
48 71
54 71
44 71
3 18
16 34
19 71
23 4
70 71
14 71
7 71
34 71
0 30
51 71
30 71
0 16
49 71
57 71
8 71
56 71
32 71
24 71
9 71
40 71
23 71
18 71
3 71
0 67
43 71
65 71
41 71
50 71
56 22
35 71
27 71
12 71
6 71
39 71
22 71
38 33
31 71
2 33
7 33
0 33
46 33
47 33
0 65
19 33
39 33
12 33
62 33
25 33
0 14
0 50
0 46
0 53
0 23
31 33
0 26
21 33
44 33
0 9
0 2
0 4
0 36
43 33
16 33
4 33
64 33
69 33
68 33
37 33
32 33
5 33
35 33
65 33
45 33
19 50
59 33
