5
49
38
12
62
78
100
7 94
0 60
41 94
45 94
15 94
51 94
11 94
73 94
18 94
67 94
14 94
81 94
48 94
0 37
32 94
0 77
89 94
0 16
0 31
43 94
0 25
0 42
59 94
27 94
22 94
5 94
64 94
0 86
66 94
35 94
0 54
0 15
0 57
79 63
87 94
61 94
63 94
0 7
72 94
9 94
0 47
50 94
92 94
65 94
54 94
84 94
24 94
91 94
88 94
52 94
57 94
93 94
28 94
77 94
42 94
31 94
55 94
69 94
46 94
0 19
0 51
20 94
0 79
0 94
23 94
26 94
17 94
44 94
53 94
86 60
74 94
76 94
21 94
10 94
0 68
60 94
90 94
30 94
0 45
0 1
19 94
40 94
0 64
8 94
75 94
86 94
68 94
2 94
37 94
39 94
6 94
0 85
36 94
16 94
4 94
56 94
34 94
33 94
71 94
58 94
