5
5
41
49
29
24
100
26 79
71 79
31 79
46 79
0 30
43 79
69 79
58 79
8 79
2 79
57 79
65 79
36 79
17 79
77 79
73 79
0 16
1 79
64 79
78 79
44 79
15 79
38 16
76 16
71 16
47 16
43 16
13 16
73 16
11 16
18 16
57 16
3 16
60 16
74 16
12 16
65 16
36 16
2 16
51 16
44 16
28 16
23 22
75 22
19 16
76 22
73 22
77 22
37 22
3 22
9 22
28 22
7 22
72 22
26 22
45 22
21 22
69 22
74 22
68 22
30 50
51 50
75 50
13 50
40 50
15 50
67 50
6 50
0 31
74 50
45 50
47 50
53 50
12 50
46 50
31 50
27 50
69 50
0 50
57 50
78 50
77 50
68 50
0 66
4 50
9 50
48 50
0 42
0 1
0 4
0 46
0 7
0 18
0 2
0 12
0 59
0 56
35 76
0 19
0 35
