5
27
40
34
41
26
100
90 99
39 99
52 99
29 99
16 99
10 99
59 99
19 99
76 99
63 99
95 99
88 99
62 99
92 99
96 99
33 99
35 99
97 99
25 99
69 99
57 99
18 99
5 99
60 99
78 99
31 99
54 99
22 99
77 99
11 99
9 99
72 99
4 99
32 99
8 99
44 99
87 99
51 99
0 6
98 99
24 99
71 99
82 99
89 99
12 99
0 32
0 47
0 5
0 72
67 99
85 99
1 99
93 99
53 66
21 66
0 97
9 20
24 66
84 66
0 67
13 66
0 24
31 66
85 66
71 66
9 7
72 66
3 66
22 66
28 66
70 66
0 9
0 84
0 44
0 20
0 29
89 66
90 66
68 66
96 66
52 66
15 66
0 43
37 66
0 36
0 74
55 66
63 66
0 71
67 66
0 75
49 66
44 66
0 77
45 66
43 66
38 66
47 66
97 66
95 66
