5
50
5
89
12
35
100
58 98
55 98
0 79
13 88
8 98
71 98
1 90
70 98
30 98
68 98
37 98
82 98
10 98
42 98
33 98
26 98
88 98
79 98
86 98
43 98
6 98
1 98
54 98
0 11
73 98
0 87
76 98
34 98
73 95
48 98
20 98
14 98
61 98
60 98
41 98
0 19
0 27
95 98
96 98
75 98
0 84
23 98
32 98
0 1
73 21
66 98
91 98
17 98
7 98
0 73
44 98
84 98
40 98
80 98
69 98
21 98
0 82
0 90
0 40
25 98
9 98
29 98
62 98
78 98
57 98
77 98
94 98
0 97
38 98
65 98
0 98
36 98
0 16
46 98
87 98
0 15
47 98
63 98
83 98
52 98
0 38
2 98
31 98
19 98
49 98
64 98
92 98
93 98
0 96
48 87
53 98
15 98
90 98
24 98
85 98
13 98
97 98
28 98
74 98
56 98
