5
26
52
86
32
31
100
48 96
0 14
8 96
0 33
3 96
50 96
0 54
72 96
24 96
58 96
0 56
66 96
54 96
61 96
35 96
78 96
66 70
63 70
65 70
0 94
0 30
0 61
37 70
74 78
71 70
39 70
81 70
0 46
41 70
58 70
51 70
0 36
0 53
0 89
0 82
67 70
0 63
48 70
84 95
76 70
90 70
6 70
53 70
44 70
20 70
68 70
10 70
23 70
62 70
94 70
61 70
69 70
18 40
0 11
34 40
0 24
0 67
0 84
0 34
88 44
87 40
90 40
89 40
10 40
83 40
92 40
48 40
29 40
88 67
64 40
54 40
68 40
88 13
95 66
11 40
88 15
88 34
82 66
87 66
93 66
57 66
2 66
88 6
88 95
88 55
88 48
88 74
88 24
88 78
45 66
88 92
19 66
50 66
16 66
13 66
3 66
73 66
79 66
25 66
4 66
