5
10
24
74
25
78
100
4 99
19 99
55 99
53 99
72 99
0 14
70 99
49 99
23 99
59 99
42 99
40 99
15 99
7 99
76 99
21 99
48 99
50 99
91 99
28 99
2 99
33 99
87 99
88 99
11 99
65 99
20 99
41 99
82 99
34 99
58 99
0 45
54 99
71 99
0 29
67 99
77 99
22 99
63 99
16 99
0 20
90 99
18 99
27 99
85 99
37 99
8 99
63 56
0 36
29 99
0 97
89 5
62 56
0 50
95 56
70 56
61 56
0 62
89 26
4 56
54 56
37 56
33 56
94 56
80 56
55 56
90 56
0 68
84 56
50 56
67 56
0 56
0 77
49 56
15 56
48 56
7 56
38 56
72 56
85 56
9 56
53 56
96 56
64 56
57 56
41 56
65 56
26 56
3 56
69 56
43 56
16 56
76 56
0 91
0 52
87 56
0 96
0 89
0 59
18 56
