5
5
21
7
55
14
100
0 73
0 39
49 3
71 73
69 73
58 73
20 73
68 73
3 73
15 73
62 73
13 73
0 27
59 73
9 73
8 73
1 73
43 73
67 73
49 73
63 73
40 73
47 73
23 73
50 73
46 73
35 73
45 73
57 73
28 73
16 73
25 73
11 73
18 73
10 73
27 73
0 15
72 73
31 73
24 73
48 73
2 73
65 73
19 73
0 33
53 73
32 37
29 73
26 73
37 73
34 73
0 56
38 73
70 73
22 73
0 41
30 73
56 73
44 73
0 50
0 32
0 70
0 24
39 73
60 73
36 73
41 73
51 73
42 73
12 73
0 53
61 73
52 73
4 73
17 73
0 31
66 73
54 73
6 73
33 73
64 73
63 32
10 32
0 3
0 52
4 32
6 32
20 32
54 32
41 32
43 32
1 32
67 32
31 32
68 32
13 32
40 32
0 60
59 32
65 32
