5
47
83
42
81
24
100
36 58
32 95
14 95
39 95
23 95
45 95
92 57
78 57
64 95
90 95
54 95
6 95
0 62
0 36
0 11
20 95
38 95
3 95
0 49
33 95
16 95
40 95
41 95
18 63
22 63
0 63
46 63
88 63
16 63
38 63
4 63
0 56
0 1
0 60
0 15
94 63
49 63
37 63
82 63
0 68
0 4
0 57
56 63
23 63
75 49
35 63
26 63
31 63
3 63
6 63
27 63
91 68
85 63
36 63
93 63
74 63
0 91
9 63
51 44
53 63
59 44
17 44
73 44
86 44
6 44
0 48
18 44
16 44
41 44
13 44
78 48
29 44
61 44
58 22
89 44
92 44
39 44
72 44
77 44
91 44
37 44
48 44
22 44
0 58
56 5
5 44
7 44
43 44
74 44
35 44
65 14
54 14
29 14
74 14
48 14
0 75
71 14
45 38
93 21
12 14
