5
84
83
15
64
74
100
35 88
0 34
30 88
44 57
23 88
53 88
0 63
48 88
3 88
40 88
75 88
0 44
10 88
0 6
28 88
87 88
16 88
42 88
77 88
76 88
0 23
67 88
6 88
2 88
0 85
0 46
0 48
66 88
27 88
0 2
0 35
86 88
17 88
46 88
18 88
0 26
55 88
50 88
59 88
54 88
79 88
80 88
31 88
35 43
36 88
39 88
68 88
34 88
29 14
8 14
35 14
10 65
9 14
21 14
79 14
6 14
51 14
32 14
72 14
26 14
38 14
36 14
53 14
50 14
57 14
59 14
40 14
0 41
0 79
1 14
80 14
18 14
42 14
43 14
87 14
0 3
70 14
0 10
71 14
68 14
61 14
16 14
11 14
34 14
60 14
55 14
28 14
22 14
35 10
3 10
50 10
22 10
0 8
33 10
77 10
61 10
36 10
49 10
28 10
66 10
