5
77
22
25
15
74
100
91 99
18 99
7 99
95 99
96 99
21 99
20 99
73 99
28 99
13 99
71 99
31 99
1 99
5 99
67 99
76 99
16 99
10 99
0 98
0 68
88 99
93 99
90 99
2 99
79 99
87 99
66 99
6 99
94 99
30 99
83 99
23 99
84 99
12 99
72 99
6 8
80 99
89 99
0 6
8 99
24 99
65 99
9 99
82 99
0 30
86 99
97 99
19 99
92 99
27 99
78 99
26 99
32 99
0 20
33 99
85 99
17 99
75 99
0 81
0 19
68 99
70 99
14 99
29 99
69 99
4 99
3 99
11 99
54 81
61 81
85 81
10 81
6 81
83 81
62 81
2 81
57 81
3 81
71 68
58 81
10 3
56 81
90 81
75 81
98 81
50 81
7 81
0 80
76 81
63 81
69 81
96 81
14 81
47 81
65 81
10 5
55 81
94 81
86 81
89 81
