5
54
23
34
53
67
100
65 93
20 93
89 93
74 93
38 93
81 93
2 93
17 93
28 93
84 93
79 93
30 93
26 93
37 93
45 93
31 93
83 93
0 93
56 93
90 93
55 93
46 93
91 93
3 93
33 93
22 93
18 93
57 93
72 93
36 93
69 93
7 93
9 93
47 93
68 93
52 93
86 93
50 93
15 93
21 93
10 93
77 93
49 93
62 93
63 93
88 93
64 93
76 93
29 93
78 93
0 5
44 93
2 85
42 93
85 93
11 93
5 93
80 93
0 19
0 49
0 13
0 2
0 14
8 93
12 93
1 93
27 93
0 69
70 93
40 93
92 93
13 93
6 93
58 93
16 93
14 93
75 93
39 93
25 93
87 93
35 4
43 93
60 93
41 93
32 93
4 93
35 93
71 93
59 93
0 33
61 93
24 93
82 93
19 93
51 93
66 93
48 93
0 87
60 73
80 73
