5
66
53
65
61
60
100
0 41
73 99
0 38
82 99
80 99
75 99
81 99
0 32
0 43
58 99
72 99
68 99
0 34
64 99
0 37
62 99
0 31
76 99
67 99
97 99
86 99
0 27
90 99
89 99
93 99
87 99
0 5
83 99
94 99
0 8
84 99
88 99
85 99
92 99
95 99
79 99
72 91
98 99
78 99
45 91
47 91
0 28
51 91
48 91
0 26
63 91
0 23
59 91
58 91
75 91
76 91
70 91
73 91
80 91
87 91
79 91
71 91
0 20
0 10
0 4
0 17
0 16
0 13
92 91
69 91
0 18
0 7
90 91
86 91
81 91
74 91
84 91
89 91
98 91
78 91
0 25
97 91
94 91
93 91
83 91
0 19
88 91
0 29
0 14
74 95
84 95
56 95
80 95
0 2
0 11
79 95
72 95
0 1
58 95
0 6
9 54
9 38
0 3
88 95
59 95
