5
57
85
75
62
10
100
82 99
63 99
13 99
17 99
24 99
56 99
14 99
0 48
35 99
36 99
7 99
50 99
67 99
43 99
42 99
84 99
26 99
0 33
46 99
30 99
22 99
29 99
1 99
93 99
92 99
90 99
97 99
80 99
28 99
37 99
51 99
70 99
98 99
0 6
25 99
15 99
66 99
68 99
31 99
74 99
4 99
16 99
69 99
96 99
5 99
33 99
32 99
76 99
81 99
2 99
45 99
23 99
3 99
0 39
59 99
49 99
6 99
89 99
11 99
83 99
41 99
91 99
47 99
53 99
19 99
52 72
55 99
7 72
27 72
46 72
17 72
11 72
88 72
91 72
58 72
71 72
83 72
16 72
9 72
8 72
0 61
39 72
35 72
0 72
98 72
5 72
54 72
93 72
94 72
92 72
22 72
78 72
53 72
90 72
87 72
64 72
51 72
44 72
12 72
95 72
