5
90
47
49
82
70
100
6 99
58 99
69 99
55 99
24 99
95 99
0 66
60 99
0 85
48 99
93 99
22 99
66 99
0 99
74 99
0 31
61 99
0 5
0 29
0 97
51 99
0 53
0 58
38 99
71 99
0 88
98 99
63 99
0 76
30 99
0 51
0 34
0 18
28 99
75 99
23 99
57 99
0 20
56 99
0 55
0 71
0 36
0 74
0 19
17 20
86 20
5 20
37 20
0 75
87 88
0 50
39 20
0 57
0 72
0 87
0 81
0 54
0 60
0 1
0 62
31 20
45 98
92 56
29 20
92 31
92 45
92 52
96 20
50 18
91 20
92 29
92 11
87 20
92 50
94 20
28 20
92 8
92 54
79 20
92 62
88 20
18 20
26 20
80 20
22 53
92 67
21 20
84 20
43 20
56 20
15 20
72 20
2 20
3 20
75 20
48 20
11 20
92 79
85 20
46 20
