5
30
44
2
26
47
100
0 63
0 67
0 56
46 68
5 99
46 29
46 96
20 99
94 99
33 99
13 99
78 99
65 99
39 99
23 99
80 1
79 1
8 1
37 1
71 1
53 1
51 1
48 1
29 1
66 1
46 17
55 54
94 54
4 54
74 54
43 54
33 54
14 54
83 54
46 6
32 56
84 56
90 56
63 56
57 56
50 56
29 56
6 56
8 56
35 53
12 53
5 53
59 53
92 53
87 53
86 53
34 53
45 53
66 57
46 98
46 67
46 28
46 23
8 57
13 57
16 57
62 57
15 57
68 57
10 63
69 57
87 77
32 63
48 63
84 63
35 63
81 71
13 71
67 71
20 71
77 71
74 71
78 71
55 71
32 71
52 86
94 86
87 83
87 61
87 34
16 86
65 86
7 86
10 86
97 52
8 86
61 86
42 86
41 86
35 86
38 86
16 6
94 6
24 6
97 37
