5
1
26
64
89
67
100
0 14
0 61
81 23
63 99
48 99
12 99
58 99
0 50
51 99
85 99
71 99
82 99
68 99
57 99
8 99
90 99
23 99
0 81
83 99
14 99
0 88
16 99
29 99
60 99
50 99
49 99
0 16
35 99
81 99
95 99
87 99
53 99
92 99
77 99
76 99
46 99
74 99
59 99
9 99
72 99
61 99
34 99
33 99
98 99
43 99
15 99
20 99
75 99
55 99
54 99
44 99
27 99
0 99
73 99
31 99
45 99
94 99
0 90
5 99
62 99
24 99
17 99
10 99
28 99
79 99
18 99
39 99
25 99
30 99
13 99
52 99
4 99
96 99
19 99
78 99
70 99
97 99
42 99
80 99
21 99
6 99
36 99
41 99
2 99
37 99
32 99
3 99
56 99
40 99
91 99
84 99
47 99
11 99
7 99
69 99
65 99
38 99
88 99
93 99
22 99
