5
35
79
72
26
54
100
70 99
53 99
55 13
66 13
1 33
37 33
73 33
46 33
39 33
50 69
83 11
2 87
62 87
42 87
73 87
85 87
30 87
94 60
81 8
80 46
61 46
66 46
30 29
55 29
98 25
32 18
49 91
96 91
4 27
48 27
86 82
90 82
28 82
62 82
12 82
12 36
19 39
92 39
95 17
12 17
62 37
6 92
45 92
78 44
84 44
85 44
61 52
71 44
57 63
88 47
21 47
58 47
77 47
55 47
49 66
9 47
5 19
34 30
77 30
56 66
11 95
34 88
19 56
10 56
61 56
48 32
80 56
43 77
41 32
22 77
1 65
41 65
58 62
42 62
94 38
70 62
49 85
40 3
38 62
90 42
89 42
84 42
88 42
40 48
5 81
5 4
9 42
11 90
86 94
11 61
21 59
7 53
41 53
94 61
68 53
98 1
75 53
78 12
78 4
38 84
