5
39
86
76
80
64
100
0 99
25 99
22 99
21 99
3 99
79 99
11 99
93 99
60 99
2 99
54 99
61 99
0 29
34 99
53 99
92 99
82 99
66 99
42 99
83 99
32 99
20 99
5 99
62 99
58 99
10 99
75 99
85 99
81 99
65 99
57 99
24 99
0 23
0 71
0 14
0 43
0 18
0 69
0 42
84 99
73 99
0 37
47 99
14 99
0 89
16 99
23 99
8 99
0 5
84 29
48 99
0 63
0 58
95 99
38 99
25 36
68 99
71 51
17 99
1 99
0 65
37 68
0 27
71 49
16 23
67 99
18 99
89 99
40 99
74 99
51 99
90 99
31 99
49 99
72 99
43 99
50 99
63 99
0 79
19 99
96 99
0 25
0 35
16 68
15 99
91 99
56 99
27 99
87 99
12 99
59 99
94 99
7 99
26 99
71 99
0 83
70 99
44 99
35 99
33 21
