5
29
6
68
37
21
100
0 90
0 76
61 14
60 99
57 99
64 99
61 12
61 41
27 99
82 99
28 99
98 72
22 72
66 72
35 72
64 72
78 72
97 80
73 72
19 80
91 63
51 80
36 63
2 63
14 63
84 63
15 63
73 63
95 30
64 63
46 65
46 10
46 94
22 30
13 30
81 30
54 42
34 30
71 30
57 30
77 30
4 89
71 89
40 89
32 89
52 89
85 89
54 89
84 89
23 89
78 51
18 51
15 51
56 51
2 51
2 75
46 91
46 67
69 75
98 90
26 75
41 90
59 90
14 69
5 69
96 69
77 69
62 64
28 64
33 64
97 64
34 64
32 64
88 64
78 58
19 58
46 70
49 58
46 44
46 96
5 58
46 53
46 38
3 58
46 13
85 74
76 58
43 58
32 58
96 58
18 45
65 58
95 97
95 85
95 78
95 53
95 32
73 45
22 45
71 42
