5
21
97
41
70
56
100
0 54
24 99
74 99
4 99
49 99
37 99
2 99
8 99
0 27
81 99
33 99
83 66
35 72
28 99
9 99
52 99
34 99
30 99
86 99
92 99
7 99
22 99
82 99
0 99
27 99
83 99
53 99
3 99
60 99
0 46
38 99
78 99
15 99
71 99
32 99
16 99
46 99
0 94
91 99
61 99
31 99
47 99
48 99
55 99
50 99
14 35
19 99
25 99
89 99
80 99
40 99
26 99
73 99
14 59
64 99
0 3
0 8
0 24
0 6
14 99
29 99
0 69
31 79
0 14
13 99
76 99
66 36
0 42
85 99
18 99
6 99
93 99
51 99
34 9
77 99
72 99
36 99
69 99
79 99
20 99
0 2
44 99
96 99
95 99
63 99
58 99
62 99
0 59
88 99
98 99
39 99
23 99
51 59
5 99
84 99
45 99
35 99
59 99
43 99
91 67
