5
55
76
85
18
20
100
0 92
56 66
34 95
70 95
62 95
71 95
56 95
11 95
10 95
9 34
7 95
5 95
31 95
83 95
23 95
1 95
28 95
66 95
89 95
44 95
17 95
6 95
40 95
33 95
0 95
72 95
13 95
61 95
59 95
60 95
35 95
90 95
41 95
26 95
91 95
84 95
32 95
51 95
78 95
8 95
75 95
63 95
21 95
80 95
48 95
82 95
93 95
58 95
52 95
77 95
92 95
86 95
79 95
0 7
87 95
37 95
24 95
38 95
30 95
53 95
22 95
19 95
25 95
12 95
94 95
65 95
15 95
45 95
4 95
29 95
88 95
69 95
42 95
9 95
64 95
57 95
47 95
73 95
68 95
2 95
39 95
74 95
27 95
14 95
49 95
16 95
54 95
3 95
81 95
46 95
50 95
36 95
43 95
49 67
6 67
66 67
70 67
71 67
0 56
0 52
