5
23
20
40
44
22
100
0 50
11 50
33 50
47 50
3 50
29 50
30 50
7 50
24 50
42 50
34 50
2 50
10 43
31 43
41 43
11 43
9 43
12 43
39 43
15 43
19 43
13 43
7 43
34 43
35 8
33 8
31 8
4 8
16 8
47 8
46 8
49 8
14 8
7 8
28 8
30 8
32 8
3 27
45 27
4 27
42 27
28 27
2 27
13 27
37 27
36 27
21 27
32 27
10 18
46 18
45 18
26 18
30 18
2 18
6 18
38 18
14 18
32 18
21 18
16 28
3 28
47 28
45 28
41 28
25 28
15 28
42 28
7 28
2 28
13 28
12 28
39 28
37 28
38 28
29 28
48 36
4 36
45 36
16 36
11 36
7 36
30 36
42 36
49 36
6 36
38 36
37 36
5 36
4 2
48 2
41 2
31 2
1 2
3 2
47 2
15 2
37 2
16 32
45 32
41 32
