5
92
22
29
48
60
100
21 8
7 38
0 95
3 38
54 38
82 38
80 67
83 88
86 88
34 2
37 6
65 88
36 2
21 32
37 33
37 72
75 2
36 3
36 58
13 72
36 90
36 12
36 32
36 56
75 25
85 81
85 46
16 84
69 39
7 2
41 2
26 2
52 2
40 4
51 4
61 4
85 69
11 1
26 4
27 69
11 39
11 86
55 5
78 65
55 56
87 47
87 68
80 4
8 4
1 40
82 41
87 26
87 69
1 82
86 71
86 58
82 64
82 10
24 80
76 17
57 17
24 77
23 17
65 17
69 16
65 91
28 91
16 91
83 58
45 58
69 20
81 39
46 90
41 90
35 76
10 90
25 20
80 20
19 20
41 20
95 20
51 20
57 20
43 35
77 35
51 35
54 35
57 35
72 5
94 35
96 35
81 34
81 79
81 23
81 64
61 31
98 8
98 80
98 53
98 74
