5
12
33
59
97
67
100
11 46
64 99
0 82
92 73
53 81
53 77
26 73
45 73
15 16
72 13
72 88
94 16
72 69
14 61
55 84
28 16
2 19
64 19
45 39
29 32
55 48
55 26
29 75
78 10
78 34
79 38
39 19
78 18
1 43
1 92
1 7
65 22
17 38
36 89
58 38
9 89
65 81
65 93
2 58
69 58
17 24
83 24
93 24
5 37
7 41
63 34
62 44
70 34
26 44
91 44
7 3
5 36
5 3
45 86
18 86
25 57
80 86
92 57
3 13
27 13
88 80
9 69
96 80
98 6
87 21
15 6
87 54
30 6
28 74
21 74
84 88
81 51
87 40
90 79
90 32
98 35
90 71
98 27
41 52
41 95
94 49
94 31
43 40
43 23
42 4
9 8
63 31
63 8
47 4
35 4
49 52
62 22
39 52
85 68
28 25
92 56
70 23
77 20
21 20
84 20
