5
23
24
90
25
14
100
0 99
34 99
81 99
62 99
32 99
0 55
46 99
37 99
67 99
70 99
22 99
79 99
54 99
66 99
47 99
73 99
75 99
58 99
1 99
39 99
89 99
72 99
38 99
88 99
49 99
40 99
64 99
3 99
83 99
71 99
13 99
0 15
84 99
59 99
4 99
77 99
93 99
0 60
0 44
12 99
0 75
0 98
80 99
86 99
16 99
52 99
15 99
0 79
69 99
45 99
42 99
0 33
0 29
0 35
57 99
43 99
0 20
0 6
7 99
41 99
97 99
30 99
61 99
31 99
17 99
9 99
65 99
96 99
91 99
33 99
0 17
20 99
0 42
0 82
0 83
44 99
51 35
19 99
2 99
35 99
63 99
92 99
11 99
0 96
5 99
26 99
0 67
53 99
0 51
0 48
50 99
56 99
28 99
60 99
74 99
36 99
74 93
87 99
29 99
10 99
