5
4
95
3
2
96
100
98 99
1 89
1 67
53 97
1 7
93 97
27 97
1 86
1 70
81 97
1 93
19 97
1 50
1 75
1 27
1 81
1 61
1 53
10 97
40 89
64 97
85 97
87 97
78 97
49 97
92 97
48 97
74 97
29 97
89 97
40 54
60 97
65 97
35 97
90 97
40 59
67 97
18 97
40 84
40 91
54 97
75 97
88 97
25 97
50 97
31 97
62 97
17 97
70 97
23 97
49 9
78 9
42 9
72 9
40 55
98 9
48 9
92 9
71 9
40 85
90 9
40 49
31 9
52 9
45 9
55 9
37 9
54 9
76 9
33 9
73 9
85 9
80 91
40 98
41 91
5 91
89 91
15 98
40 66
40 5
88 91
90 91
60 91
43 91
77 91
92 91
54 91
40 19
76 91
47 91
23 91
82 91
71 91
94 91
42 91
72 91
49 91
39 91
21 91
36 91
