5
98
41
58
70
40
87
0 84
0 18
64 99
79 92
76 85
76 12
47 11
78 99
44 51
96 31
90 31
37 31
56 30
61 21
90 65
15 11
24 65
73 72
48 11
87 33
5 80
64 33
74 32
45 43
85 84
46 97
10 32
3 32
44 8
35 32
57 64
68 45
86 64
68 77
16 62
2 62
95 62
55 28
39 94
51 4
8 77
52 25
63 56
8 83
83 14
63 71
22 73
1 19
52 78
83 53
9 78
23 78
57 78
91 69
39 5
19 91
45 91
42 92
67 38
29 59
74 39
38 97
38 92
37 56
63 50
29 74
20 10
19 97
92 97
59 97
16 96
42 18
3 18
1 17
89 27
50 27
34 13
12 17
71 96
2 15
51 3
34 17
49 54
43 15
61 12
61 51
46 44
