5
76
30
50
37
34
100
0 48
90 93
44 93
89 93
29 93
83 93
47 93
0 35
55 93
0 46
13 93
54 93
2 93
80 93
11 93
8 93
6 93
17 35
15 93
88 93
61 93
67 93
5 93
36 93
0 32
0 90
0 41
40 93
81 93
77 93
71 93
73 93
60 93
39 93
84 93
0 79
0 10
43 93
1 93
78 93
33 93
92 93
3 93
0 72
53 93
12 93
35 93
85 93
0 57
0 93
0 45
69 93
18 93
75 93
58 93
38 93
70 93
17 93
48 93
52 93
49 93
57 93
14 93
62 93
72 93
46 93
0 82
10 93
27 93
19 93
23 93
82 93
68 93
65 93
0 68
7 93
41 93
86 93
64 93
56 93
25 93
26 93
63 93
59 93
87 93
91 93
0 78
0 16
4 93
42 93
79 93
9 93
32 93
28 93
21 93
66 93
51 93
20 93
16 93
24 93
