5
49
62
41
56
20
100
0 25
0 36
67 81
0 33
78 81
0 23
25 81
75 81
17 81
44 81
48 81
55 81
21 81
65 81
79 81
14 72
12 72
33 72
0 29
43 72
42 72
16 72
52 72
24 53
27 72
63 72
30 72
24 5
24 66
50 72
34 72
77 72
45 72
24 67
39 72
53 72
80 73
70 72
57 73
75 73
46 73
63 73
33 73
78 73
2 73
26 73
68 73
79 73
34 73
11 9
71 9
24 2
50 9
24 12
24 63
46 9
24 38
24 23
61 1
2 9
24 4
24 54
61 54
61 66
61 18
61 21
26 9
61 8
61 37
31 9
61 43
17 9
69 9
54 9
68 9
43 3
33 9
36 3
46 3
61 76
5 78
33 3
61 75
5 25
2 3
77 3
29 3
57 3
35 3
16 3
5 36
25 3
79 3
64 3
5 53
66 3
22 3
54 3
48 3
10 3
