5
14
26
55
60
50
100
0 31
0 41
0 70
0 68
5 33
0 4
46 74
75 99
44 99
11 99
35 99
49 99
7 99
4 99
86 99
93 99
94 99
77 99
9 99
80 99
70 99
87 99
42 99
88 99
92 99
0 13
64 99
45 99
31 99
74 99
78 99
59 99
32 99
38 99
67 99
10 99
30 99
12 99
37 99
0 97
69 97
0 63
0 5
0 45
0 87
0 48
0 46
0 73
39 28
0 85
0 7
0 19
0 56
0 39
0 80
0 6
0 9
0 59
0 79
40 97
0 54
0 84
57 97
76 97
0 33
0 92
0 22
43 28
0 72
43 64
43 25
43 33
88 16
43 15
9 97
53 97
83 97
59 97
18 97
91 97
10 97
44 97
58 97
81 97
1 97
47 97
75 97
32 97
39 97
89 97
78 97
43 88
25 97
48 97
36 97
88 97
43 6
72 97
93 97
33 97
