5
65
28
24
31
58
100
45 99
80 99
46 99
0 99
1 99
41 99
63 49
38 99
89 99
48 99
67 99
0 63
55 99
64 99
0 12
0 81
0 41
9 99
0 84
95 99
69 99
0 30
3 99
63 99
44 99
54 99
87 99
0 68
92 99
81 99
19 99
50 99
15 99
68 99
53 99
84 99
8 99
78 99
13 99
33 99
0 67
88 99
2 99
52 99
35 99
29 99
26 99
0 39
73 99
34 99
91 99
43 99
14 99
96 99
71 99
94 99
0 83
0 32
0 89
0 33
0 13
0 17
0 8
0 62
0 3
0 76
0 22
0 77
49 99
75 99
25 99
0 69
7 99
51 99
40 99
37 41
0 43
93 99
6 99
0 14
16 70
12 99
57 99
36 99
0 16
35 20
0 37
70 99
22 99
0 42
49 21
0 35
30 99
97 99
5 99
0 73
56 99
0 44
0 75
0 70
