5
68
72
38
21
66
100
9 65
17 96
28 96
18 96
65 96
6 96
85 96
0 36
0 84
54 96
69 96
84 96
0 91
11 96
24 96
8 96
50 96
3 96
19 96
58 96
31 96
35 96
46 96
49 96
87 96
47 96
16 96
57 96
81 96
55 96
23 96
80 96
2 96
9 96
44 96
0 27
71 96
90 96
92 96
0 9
0 37
51 96
0 58
0 4
0 31
0 23
0 13
0 79
0 76
67 56
30 96
74 96
34 96
26 96
78 96
56 96
0 67
0 57
0 94
37 96
0 69
29 96
41 96
40 96
94 96
64 96
89 96
67 96
29 42
83 96
1 96
30 42
1 42
0 44
92 42
19 42
89 42
73 42
20 42
0 12
15 42
2 42
13 42
19 84
0 34
0 61
80 42
0 75
54 42
0 59
40 42
88 42
0 19
0 63
65 42
0 10
0 40
83 42
0 51
47 42
