5
55
7
2
56
31
77
45 21
83 21
98 63
27 69
78 69
89 4
40 69
18 4
23 50
5 4
25 44
89 54
83 54
8 54
71 35
77 35
61 27
59 27
41 87
25 87
26 53
0 34
70 88
33 53
42 90
60 90
71 37
3 11
68 40
62 40
67 40
70 91
0 15
76 91
10 91
36 66
8 6
22 15
52 97
82 68
19 66
76 32
45 32
13 32
97 32
72 23
13 23
0 70
94 93
75 97
85 65
89 17
51 17
59 3
74 3
1 92
51 83
93 51
22 30
79 72
59 98
39 72
60 95
57 74
96 22
28 70
47 34
12 24
65 70
25 1
34 48
34 9
59 70
79 20
33 24
34 60
49 47
