5
65
4
67
43
78
100
0 77
57 99
0 1
0 98
0 56
57 64
0 60
57 60
6 99
18 99
12 99
8 99
44 83
72 83
18 83
6 83
20 83
93 83
23 89
46 89
27 89
57 38
57 41
57 47
7 89
57 40
15 89
92 52
92 31
92 74
92 98
46 76
71 76
2 76
61 76
36 76
92 42
32 76
88 76
40 81
21 81
9 81
26 81
5 81
45 81
47 81
70 73
62 81
59 42
30 42
73 42
15 42
2 42
44 56
3 42
5 42
70 13
12 56
77 56
30 56
8 56
20 56
54 56
96 13
16 13
10 13
97 13
8 13
59 13
50 13
21 13
1 98
80 98
62 98
74 98
23 46
48 95
80 95
32 95
62 95
91 95
17 95
93 95
53 95
60 95
70 64
70 97
70 59
70 23
53 5
38 5
70 45
29 97
50 5
3 5
29 77
29 82
29 71
29 79
88 14
