5
89
11
62
6
4
72
0 32
60 13
88 36
27 38
18 36
27 26
1 34
70 91
64 71
70 58
3 84
65 9
65 84
85 2
88 84
28 65
2 84
18 65
37 26
23 56
75 24
43 56
55 78
85 60
3 78
45 78
10 96
83 78
48 96
25 96
10 67
83 33
90 39
38 67
32 67
7 5
98 5
42 5
53 39
98 71
35 38
91 32
49 42
50 30
63 30
81 46
58 46
59 45
63 46
53 45
16 55
58 10
28 22
82 66
18 48
19 52
75 17
7 48
57 18
75 8
98 48
85 18
51 81
94 57
80 49
35 91
47 91
50 51
20 85
79 49
82 92
75 50
