5
4
85
42
97
23
100
2 99
22 99
44 99
9 99
18 99
0 32
55 99
34 99
49 99
32 99
0 2
15 99
54 99
39 99
86 99
41 99
71 99
72 99
29 99
47 99
69 99
48 99
24 99
16 99
27 99
83 99
50 99
90 99
96 99
28 99
73 99
45 99
35 99
12 99
10 99
79 99
52 99
13 99
94 99
76 99
93 99
6 99
0 13
5 99
91 99
38 99
80 99
21 99
62 99
14 99
37 99
82 99
1 99
68 99
0 52
87 99
67 99
65 99
53 99
0 99
88 99
56 99
7 99
59 99
43 99
19 99
11 99
0 98
0 36
0 5
0 29
0 54
0 11
81 91
77 99
20 99
58 99
51 99
46 99
0 93
0 81
0 63
92 99
3 99
57 99
98 99
17 99
61 99
64 99
66 99
74 99
70 99
30 99
95 99
84 99
0 8
75 99
25 99
63 99
31 99
