5
52
73
22
71
77
100
0 74
21 99
17 99
55 99
91 99
39 99
34 99
0 54
98 99
43 99
9 64
76 99
59 99
87 99
65 99
23 99
0 99
69 99
16 99
11 99
0 9
62 99
0 50
2 99
0 68
0 81
0 96
0 53
0 76
70 99
78 99
0 93
12 99
25 99
61 99
44 99
0 41
27 35
0 59
92 99
0 49
0 27
68 99
0 85
0 87
0 89
0 98
0 39
0 6
23 87
7 99
19 99
67 99
93 99
50 99
0 2
0 79
24 99
28 99
0 23
0 37
29 99
72 99
83 99
4 99
86 99
88 99
38 99
66 99
24 37
15 99
13 37
38 37
1 37
61 50
64 37
80 37
0 3
54 42
50 37
0 61
82 33
32 37
0 24
0 95
0 83
29 37
88 37
27 37
0 82
11 48
25 61
26 37
0 88
15 37
0 11
0 20
0 35
0 84
61 37
