5
35
5
50
2
57
70
38 23
38 59
52 65
8 80
7 80
78 80
79 80
62 33
29 75
79 33
19 75
6 36
58 73
52 66
58 55
49 8
54 8
58 14
31 49
34 49
39 62
6 16
69 34
78 16
32 61
76 34
39 15
66 34
12 15
46 37
45 76
19 76
12 28
29 28
27 70
68 31
48 17
14 17
67 69
42 46
26 78
79 74
27 17
6 44
23 69
71 56
71 14
59 39
63 77
29 68
55 9
45 69
10 20
27 72
74 46
64 46
26 46
56 19
77 24
26 3
47 3
39 69
9 69
25 61
9 65
47 30
39 30
61 26
14 48
44 48
