5
21
22
76
92
15
82
0 46
70 7
30 64
78 99
52 99
50 99
73 99
49 63
18 25
82 25
71 94
93 24
96 38
3 38
93 45
93 23
13 32
78 17
60 38
20 62
3 62
9 97
81 17
49 23
18 17
46 17
24 17
77 39
26 39
60 39
52 68
90 61
85 61
72 73
90 88
90 28
54 55
90 55
14 16
34 52
35 16
79 97
69 61
35 37
75 94
16 94
31 11
52 77
31 12
44 45
88 97
11 97
12 97
57 96
98 45
37 8
86 8
96 8
86 75
24 75
40 28
69 75
55 28
10 73
56 62
19 62
84 50
86 98
7 88
95 55
96 88
50 98
81 42
26 32
10 46
91 56
10 56
24 32
64 32
12 98
40 95
0 30
