5
44
90
51
39
81
81
9 27
6 29
19 29
3 29
26 29
24 29
49 29
45 25
28 29
5 25
24 23
32 23
72 23
35 23
22 21
95 40
8 21
89 40
52 34
55 34
70 42
46 42
20 42
12 9
58 9
84 42
20 5
10 5
4 5
16 12
73 12
2 30
22 30
32 31
7 8
11 8
37 8
71 66
78 8
56 68
73 68
17 67
65 66
22 14
18 15
86 13
4 11
82 57
93 57
62 24
53 24
17 24
87 24
0 76
0 1
18 82
1 76
88 54
50 54
75 65
2 62
0 2
0 20
61 62
98 54
2 41
3 2
3 1
17 22
97 22
10 22
58 22
91 92
74 18
16 4
10 7
92 4
1 4
6 2
18 2
84 63
