5
24
26
52
61
21
100
0 16
0 1
69 97
0 7
85 97
50 97
77 97
49 97
60 97
76 97
0 14
91 97
0 28
0 10
0 20
68 97
0 5
0 3
70 97
53 97
0 19
42 79
83 97
44 49
0 42
22 50
87 97
95 97
0 17
51 97
90 97
58 97
55 97
92 42
31 89
0 44
75 97
72 97
84 97
54 97
79 97
56 97
86 97
74 97
71 97
73 97
53 40
0 31
63 97
0 43
0 22
78 97
66 97
80 97
67 97
62 97
65 97
92 97
57 97
64 97
93 97
59 97
81 97
89 97
82 97
94 97
2 96
19 96
88 97
0 27
0 2
15 96
23 96
0 46
28 96
25 96
0 12
32 96
44 96
10 96
0 47
0 34
41 96
45 96
9 96
17 96
35 96
48 96
18 96
0 4
0 11
0 13
0 39
0 35
0 41
34 96
31 96
42 96
33 96
0 8
