5
26
69
17
42
49
100
0 28
0 44
73 99
28 99
78 99
38 99
0 89
0 9
0 47
44 99
12 99
68 99
27 99
25 99
11 99
29 99
97 99
55 99
0 81
89 99
65 99
91 99
86 99
82 99
37 99
0 92
0 99
95 99
51 99
96 99
36 99
18 99
3 99
93 99
13 99
2 99
74 99
75 99
58 99
56 99
20 99
5 99
1 99
23 99
60 99
50 99
66 99
10 99
33 99
61 99
76 99
12 39
83 99
6 99
90 99
0 48
0 52
0 13
0 56
29 36
77 99
95 23
7 99
88 24
15 99
40 99
8 99
22 99
88 99
24 99
71 99
57 99
62 99
52 99
88 4
35 99
46 99
32 4
0 95
44 4
63 4
8 4
47 4
91 4
83 4
23 4
11 4
14 4
53 4
36 4
89 4
60 4
58 4
78 67
0 29
3 54
0 12
45 66
33 4
47 59
