5
54
28
87
60
78
100
0 79
0 4
0 18
81 89
27 89
19 89
64 89
1 89
43 89
86 89
44 89
59 89
70 89
62 89
40 89
35 89
16 89
71 89
6 22
32 89
0 43
15 39
44 39
62 39
66 39
50 39
35 39
52 39
36 39
84 39
38 39
55 39
73 39
3 39
57 39
56 39
58 39
11 39
36 68
75 68
12 68
48 68
43 68
10 68
23 68
45 68
0 75
26 68
0 86
31 68
0 71
72 68
88 82
0 6
0 66
5 68
0 63
0 24
73 68
0 88
0 61
58 68
8 68
82 68
80 68
56 68
63 68
16 68
53 68
11 68
18 68
77 25
18 20
45 20
71 20
43 44
76 20
57 20
23 20
44 20
4 20
53 20
59 20
16 20
86 84
59 84
76 84
79 84
24 84
0 7
36 84
21 3
0 22
65 84
0 37
12 84
0 50
64 84
0 13
0 40
