5
32
33
20
45
19
100
43 50
6 50
29 50
21 50
38 50
46 50
17 50
48 50
0 50
25 50
36 50
37 50
18 50
39 50
28 50
0 8
0 30
12 50
27 50
0 2
0 44
0 31
0 6
8 50
47 50
4 50
0 18
0 12
41 50
13 50
24 50
9 50
0 14
0 41
0 1
0 36
3 50
30 50
5 50
44 50
31 50
26 50
15 50
22 50
11 50
49 50
34 50
10 50
35 50
23 50
16 50
40 50
0 39
42 50
14 50
2 50
1 50
13 7
24 7
21 7
6 7
23 7
37 7
40 7
15 7
46 7
22 7
29 7
31 7
36 7
18 7
9 7
49 7
48 7
25 7
14 7
0 35
39 7
43 7
3 7
12 7
0 7
8 7
35 7
27 7
41 7
4 7
11 7
28 7
30 7
1 7
26 7
16 7
38 7
44 7
42 7
5 7
10 7
17 7
2 7
