5
1
4
98
21
25
85
0 99
3 5
23 50
55 56
62 42
24 26
62 30
71 53
70 10
70 33
71 73
69 71
68 70
67 69
66 68
90 92
76 50
65 67
64 66
63 65
93 95
19 96
91 92
94 96
91 93
20 93
75 38
82 7
78 29
78 80
75 77
85 38
82 89
86 87
42 44
47 45
43 44
90 56
9 56
18 54
35 36
41 39
34 6
15 13
14 13
20 18
35 33
49 47
53 51
54 52
88 89
34 32
29 31
31 33
28 29
49 48
91 87
83 84
81 83
79 80
81 82
85 86
74 76
12 13
12 11
9 11
36 37
17 15
18 16
19 17
16 14
9 10
12 10
6 8
7 8
73 75
72 74
59 63
76 77
28 27
48 46
61 63
60 62
23 24
0 23
