5
66
1
81
20
23
100
0 12
77 99
53 99
35 99
11 51
36 99
63 99
59 99
89 99
12 99
95 99
76 99
60 99
6 99
92 99
9 99
47 99
45 99
51 99
71 99
40 99
37 99
22 99
91 99
5 99
52 99
33 99
21 99
97 99
74 99
83 99
68 99
98 99
65 99
78 99
49 99
19 99
63 29
76 29
21 29
7 29
46 29
96 29
11 29
84 29
15 29
62 29
14 29
90 29
88 29
24 29
69 29
75 29
33 29
93 29
45 29
60 29
85 29
36 29
16 29
51 29
17 29
91 29
77 29
86 29
57 29
39 29
13 29
61 29
92 29
82 67
21 67
55 67
17 67
30 67
90 67
0 11
12 67
62 67
71 67
48 67
4 67
74 67
64 68
0 28
10 67
85 67
56 67
14 8
32 67
11 67
97 67
33 67
63 67
79 67
0 83
44 67
41 67
3 67
0 82
