5
50
48
4
8
51
100
26 99
23 99
40 20
2 99
68 99
15 20
89 20
43 20
45 20
10 20
52 64
26 20
0 31
81 64
89 64
76 64
67 64
33 64
49 64
60 64
0 69
0 37
0 44
0 5
0 86
0 7
0 13
0 62
0 66
0 26
0 96
0 54
55 64
0 34
32 64
72 87
12 73
12 66
63 82
87 64
63 72
30 64
69 64
17 88
86 88
62 88
87 88
95 88
39 88
89 88
54 88
2 88
5 88
58 88
94 88
46 88
28 88
21 22
53 22
84 22
54 22
46 22
62 22
55 22
76 89
38 22
69 89
74 89
67 89
56 89
60 89
86 89
24 89
32 95
61 95
9 95
39 95
52 95
24 95
69 95
63 21
76 95
3 95
31 95
40 95
25 95
79 82
86 82
17 82
32 82
59 82
27 82
83 82
91 82
77 82
31 82
55 82
53 82
90 76
6 76
