5
55
19
83
42
25
80
0 18
84 8
34 95
36 24
54 95
1 2
52 2
70 23
44 75
81 13
71 75
46 59
88 89
7 44
5 89
94 35
9 35
20 41
81 47
76 41
63 37
36 37
70 88
9 54
54 22
15 24
79 29
79 52
60 38
20 3
62 38
91 28
87 76
18 97
9 28
93 14
67 97
48 14
31 33
73 6
77 80
67 96
79 48
6 80
27 5
78 34
58 10
13 27
65 46
26 39
63 74
30 32
39 60
53 74
85 62
45 57
72 31
12 90
93 57
78 7
11 8
82 21
50 21
40 85
92 86
77 86
61 71
15 1
87 11
40 50
91 49
73 72
68 49
69 17
20 17
63 61
73 65
13 68
30 92
91 45
