5
49
20
38
22
40
100
0 59
0 26
10 59
21 52
36 52
45 52
34 52
28 52
55 9
54 47
32 17
25 56
11 47
6 47
44 57
18 47
0 35
5 47
57 16
23 16
56 16
25 32
25 35
25 44
25 29
55 16
11 19
11 45
11 35
18 56
6 45
6 42
46 41
46 54
13 16
15 16
37 16
24 16
45 34
32 34
7 3
23 41
30 27
5 41
43 41
32 41
37 24
57 53
28 24
21 50
56 2
23 2
58 55
17 30
10 30
58 19
37 30
33 1
33 58
48 19
46 56
35 19
35 32
44 54
23 54
43 56
17 56
36 29
58 29
10 29
23 44
35 44
28 7
8 7
36 10
45 43
13 43
57 43
1 43
42 48
8 43
42 58
17 58
33 5
13 31
13 5
13 17
51 58
28 31
15 58
12 58
23 58
51 8
36 58
15 31
23 5
23 1
31 57
31 45
15 23
