5
23
25
13
71
14
100
0 29
17 84
36 84
12 22
18 75
1 84
11 84
15 84
48 84
83 84
31 84
43 84
61 84
60 84
20 84
21 84
64 84
75 84
24 84
68 84
33 84
76 84
80 84
63 84
56 84
50 84
79 84
55 84
28 84
72 84
62 54
54 84
3 84
0 22
27 84
6 84
19 84
22 84
69 84
44 84
78 84
73 41
40 41
65 84
52 41
9 41
24 41
17 41
53 41
27 41
0 16
73 8
72 41
28 41
70 41
59 41
16 41
0 62
0 73
0 36
0 12
0 18
0 40
0 10
0 79
0 35
0 34
0 80
62 41
15 41
1 41
0 24
37 41
4 41
6 41
55 41
45 41
0 8
0 56
67 41
22 41
0 53
58 41
43 41
64 41
32 41
69 41
8 41
60 41
0 59
0 55
0 33
21 48
0 64
0 42
0 51
0 4
80 41
0 11
74 59
