5
93
80
49
11
43
100
66 99
54 99
21 99
48 99
88 99
67 99
55 99
32 99
36 99
8 99
89 99
0 98
13 99
38 99
63 99
70 99
64 99
15 99
5 74
81 74
47 74
50 74
1 42
46 74
40 74
18 74
42 74
84 74
3 83
63 74
54 83
13 83
21 83
67 83
0 89
61 83
87 83
84 83
1 83
89 83
76 83
26 83
95 83
17 83
14 83
81 83
56 83
10 51
37 51
5 51
35 51
78 51
95 51
36 51
50 51
75 51
54 51
41 51
1 51
84 51
29 60
9 60
50 60
39 60
97 60
82 60
96 60
8 60
0 54
64 60
22 60
52 60
36 60
63 60
65 62
89 60
46 60
62 60
54 60
98 76
5 76
10 76
53 76
75 76
46 76
0 66
0 35
64 76
0 10
0 53
0 65
0 26
0 64
67 24
12 4
0 57
17 76
0 67
0 12
23 76
