5
10
30
92
83
81
100
61 96
0 25
59 96
62 96
45 96
77 96
40 96
72 96
76 96
53 96
69 96
67 96
54 96
49 61
89 96
0 94
3 96
78 96
43 96
31 96
71 96
21 96
47 96
50 96
0 96
86 96
34 96
17 96
87 96
64 96
32 96
18 96
75 96
25 96
51 96
80 96
95 96
8 96
33 96
84 96
73 66
55 96
60 96
5 96
23 96
38 96
35 96
70 96
19 96
79 96
13 96
42 96
52 96
82 96
2 96
26 96
14 96
22 96
16 96
74 96
63 96
20 96
46 96
73 96
28 96
24 96
68 96
7 96
1 96
37 96
39 96
91 96
85 96
48 96
49 96
88 96
90 96
15 96
27 96
36 96
73 62
58 96
0 49
4 96
29 96
57 96
93 96
41 96
56 96
9 96
11 96
44 96
12 96
94 96
66 96
6 96
13 65
39 65
36 65
37 65
