5
56
20
84
9
92
100
22 95
18 95
30 95
32 95
79 95
62 95
2 95
77 95
42 95
48 95
19 95
74 95
37 95
63 95
44 95
50 95
0 42
58 95
13 95
0 45
0 32
59 95
61 95
72 95
0 28
15 95
5 95
39 95
31 95
4 95
0 94
33 95
0 30
38 95
47 95
10 95
8 95
80 95
94 95
29 95
0 41
73 95
53 95
7 95
87 95
0 12
45 95
88 95
35 95
28 95
26 95
78 95
66 95
52 95
0 95
86 95
41 95
34 95
83 95
14 95
55 95
0 6
76 95
89 95
6 95
57 95
3 95
0 23
0 16
0 75
40 95
67 95
12 95
0 43
0 25
70 95
85 95
54 95
82 95
25 95
46 95
0 26
11 95
60 95
23 95
68 95
21 95
71 95
75 95
0 35
91 95
17 95
81 95
16 95
43 95
93 95
36 95
1 95
64 95
49 95
