5
88
86
81
78
57
100
50 99
56 99
65 99
90 99
82 99
83 99
50 58
54 99
76 99
77 99
89 99
59 99
79 99
94 99
55 99
80 99
51 99
68 99
74 99
70 99
85 99
72 99
92 99
93 99
73 99
61 99
91 99
98 99
62 99
52 99
58 99
75 99
80 67
50 67
68 67
89 67
77 67
91 67
65 67
70 67
60 67
69 67
87 67
71 67
82 67
76 67
50 93
50 59
74 67
72 67
96 67
95 67
61 67
85 67
92 67
51 67
59 67
82 93
53 67
54 67
56 67
64 67
93 67
66 67
97 67
90 67
50 95
98 84
59 84
64 84
87 84
82 84
76 84
79 84
65 84
50 69
50 79
94 84
77 84
95 84
83 84
50 84
66 84
68 84
50 91
63 84
74 84
50 80
70 84
50 71
91 84
69 84
52 84
51 84
54 84
90 84
80 84
85 84
72 84
0 49
