5
76
87
22
62
83
100
55 99
35 99
0 52
0 21
18 99
92 99
0 80
67 99
78 99
52 99
91 99
51 99
2 99
82 99
3 99
54 99
38 99
50 99
49 99
65 99
0 74
72 99
71 99
57 99
34 99
88 99
0 99
81 99
31 99
25 99
19 99
41 99
40 99
61 99
0 45
14 99
32 99
95 99
37 99
60 99
23 99
8 99
46 99
85 99
7 99
56 99
0 60
29 99
13 99
16 99
17 99
69 99
73 99
93 99
59 99
48 99
27 99
66 99
86 99
0 36
9 99
63 99
24 99
58 99
47 99
0 72
26 99
74 99
43 99
44 99
20 99
70 99
4 99
75 99
21 99
0 20
36 99
68 99
28 99
11 99
30 99
1 99
42 99
53 99
45 99
12 99
90 99
11 15
0 49
85 15
29 15
19 15
69 15
4 15
44 15
89 15
78 15
18 15
20 15
33 15
