5
46
91
20
21
19
100
5 99
14 99
6 99
62 99
41 99
39 99
45 93
85 93
29 93
56 93
61 93
59 93
89 93
35 93
35 83
89 83
12 83
85 83
56 83
28 83
43 83
86 83
67 41
94 41
2 41
86 41
53 41
43 41
6 41
39 41
14 62
6 62
67 39
94 62
5 62
6 39
50 39
14 39
11 5
37 5
50 5
50 14
94 14
28 6
67 6
28 43
65 43
67 43
96 89
2 43
86 43
96 85
61 89
0 75
0 36
0 33
0 30
0 77
0 49
0 73
0 63
35 89
59 89
85 89
56 89
78 8
32 94
53 94
86 94
78 40
30 3
22 80
86 2
7 2
65 2
12 2
67 2
7 28
65 28
12 28
35 28
7 67
12 67
61 35
59 35
65 35
36 96
12 35
36 3
36 92
75 96
75 92
30 98
33 96
63 98
63 95
63 76
77 95
77 76
78 49
