5
19
18
86
60
61
100
56 96
0 87
80 96
0 31
0 96
71 96
0 27
16 96
0 93
0 68
47 96
52 96
79 96
32 96
37 96
49 96
91 96
88 96
64 96
28 96
21 96
78 96
75 96
95 96
0 3
73 96
6 96
10 96
5 96
46 96
34 96
1 96
69 96
0 13
35 96
70 96
65 96
0 94
0 45
2 96
24 96
57 96
89 96
11 96
74 96
72 96
68 96
17 96
53 96
8 96
93 96
44 96
14 96
94 96
38 96
87 96
33 96
0 44
9 96
92 96
82 96
81 96
0 39
67 96
29 96
7 96
22 96
3 96
39 96
76 96
63 96
20 96
42 96
13 96
90 96
30 96
66 96
45 96
0 64
62 96
85 96
15 96
50 96
54 96
55 96
40 96
51 96
59 96
77 96
74 26
27 96
12 96
84 96
43 96
58 96
83 96
48 96
4 96
26 96
36 96
