5
67
83
7
70
82
100
10 58
71 44
72 44
0 43
37 44
73 65
45 65
0 88
80 57
48 46
48 71
18 57
72 27
42 57
36 57
4 57
14 57
40 49
85 57
2 49
23 86
14 86
63 45
30 45
38 21
46 85
32 85
39 21
72 6
72 11
72 88
72 80
31 47
31 33
42 88
64 27
42 17
39 27
37 66
37 16
42 71
37 69
37 64
40 27
34 27
28 78
11 27
61 88
35 27
43 88
76 88
53 35
6 35
87 16
52 16
15 16
28 74
28 22
61 51
61 12
64 12
59 46
59 52
56 26
69 77
2 39
78 39
76 77
14 66
55 33
8 80
8 2
69 66
14 71
63 66
69 80
8 55
11 66
23 15
26 15
22 66
73 41
80 20
25 20
9 20
55 13
79 20
54 20
41 81
40 81
69 5
60 68
55 46
54 62
26 62
60 30
13 2
19 2
51 2
19 5
