5
24
68
63
89
65
100
12 99
0 45
98 99
7 99
0 80
0 46
0 86
0 2
62 99
53 99
26 99
9 99
46 99
0 17
82 99
33 34
0 3
0 35
1 99
60 99
25 99
54 99
18 99
20 99
31 99
15 99
13 99
41 99
45 99
77 99
84 99
31 21
57 99
87 99
93 99
72 99
48 99
21 99
78 99
67 99
31 14
42 99
0 33
96 19
80 99
52 99
85 99
14 99
83 99
36 99
75 99
29 99
6 99
22 99
88 99
0 79
64 99
79 99
34 99
32 99
74 99
33 99
97 99
58 99
70 99
59 99
10 99
90 99
37 99
96 99
11 99
17 99
0 99
8 99
2 99
55 99
56 99
91 99
47 99
28 99
51 99
95 99
76 99
49 99
35 99
44 99
86 99
3 99
16 99
66 99
27 99
23 99
92 99
81 99
71 99
69 99
43 99
4 99
94 99
38 99
