5
43
68
63
17
19
100
80 29
3 99
34 99
6 99
0 21
11 99
0 80
12 99
0 31
2 99
0 7
0 57
0 13
0 89
0 36
97 99
45 93
46 99
40 38
0 60
56 99
34 20
5 75
93 99
10 99
58 99
52 99
0 5
0 40
95 99
0 59
72 99
96 99
0 88
64 99
0 62
0 54
0 33
0 94
0 61
42 99
92 99
0 70
69 99
23 99
54 99
31 99
36 99
13 99
0 45
0 46
41 99
0 3
5 99
15 99
37 99
71 99
0 28
59 99
0 51
14 99
98 99
80 99
90 99
28 99
22 99
82 99
73 99
86 99
0 99
53 29
0 10
8 99
0 65
0 81
0 41
0 72
0 86
18 99
29 99
4 99
0 73
0 6
58 89
7 99
83 99
9 99
76 99
0 85
0 55
40 99
94 99
0 1
0 83
0 58
0 93
0 39
0 30
0 42
67 99
