5
51
38
28
36
20
100
50 53
14 49
0 17
0 2
0 22
7 49
0 40
0 44
41 49
0 14
16 49
9 49
22 49
42 49
33 49
6 49
8 49
27 49
2 49
31 49
0 11
4 49
0 49
40 49
11 49
1 49
39 49
25 49
44 49
13 49
18 49
47 49
0 26
15 49
34 49
19 49
48 49
10 49
43 49
0 7
26 49
24 49
12 49
0 37
0 30
0 34
0 10
21 49
0 8
0 27
0 29
16 18
3 49
29 49
32 49
0 16
17 49
37 49
23 49
46 49
30 49
21 35
45 49
6 35
0 35
30 35
3 35
45 35
37 35
9 35
12 35
11 35
34 35
1 35
43 35
32 35
46 35
22 35
47 35
24 35
7 35
42 35
15 35
4 35
40 35
48 35
13 35
17 35
23 35
16 35
18 35
14 35
19 35
44 35
26 35
25 35
10 35
39 35
48 41
2 35
