5
5
18
31
44
57
100
0 59
13 59
21 59
28 59
32 59
43 59
51 59
2 59
1 59
14 59
25 59
35 59
46 59
52 59
58 59
10 59
22 59
33 59
47 59
54 59
9 59
19 59
29 59
42 59
4 59
11 59
30 59
41 59
49 59
6 59
26 59
39 59
55 59
20 59
38 59
56 59
17 59
36 59
3 59
37 59
48 59
27 59
15 59
50 59
24 59
12 59
40 59
53 59
45 59
7 59
23 59
34 59
8 59
0 16
2 16
58 16
19 16
49 16
56 16
15 16
7 16
43 16
35 16
9 16
26 16
17 16
12 16
8 16
1 16
47 16
39 16
3 16
45 16
14 16
10 16
41 16
24 16
23 16
22 16
30 16
36 16
34 16
46 16
4 16
37 16
51 16
42 16
48 16
32 16
11 16
50 16
29 16
55 16
33 16
21 16
38 16
25 16
13 16
6 16
53 16
