5
83
94
40
23
93
100
84 99
28 99
25 99
78 99
55 99
2 99
0 99
66 99
57 99
47 99
86 99
59 99
26 99
39 99
7 99
89 99
46 78
4 99
50 99
60 99
74 99
30 99
73 99
91 99
87 99
72 99
20 99
70 99
36 99
92 99
64 99
81 99
85 99
38 99
24 99
19 99
15 99
10 99
71 99
77 99
21 99
58 99
45 99
61 99
12 99
42 99
35 99
69 99
68 99
56 99
46 99
88 99
75 99
6 99
5 99
62 99
3 99
44 99
82 99
51 99
90 99
13 99
22 99
80 99
0 68
13 49
14 99
0 64
63 99
82 96
17 96
49 99
33 99
1 99
0 76
8 99
0 46
0 13
96 99
11 99
97 99
32 99
18 99
0 82
43 99
67 99
41 99
0 88
0 31
0 78
0 2
27 99
0 65
0 30
79 99
76 99
61 65
29 99
31 99
37 99
