5
42
18
76
68
52
100
49 99
16 99
77 99
79 99
5 99
0 23
66 99
14 99
92 99
35 99
44 99
81 99
43 61
0 13
0 33
0 8
0 10
28 32
0 43
0 54
0 46
7 99
0 28
9 99
0 50
0 98
0 39
0 25
0 95
6 99
0 2
3 99
94 99
59 99
96 99
0 21
0 64
23 99
70 99
95 99
82 99
0 6
0 99
53 99
93 99
85 99
38 99
51 99
63 99
12 99
28 99
4 99
87 99
86 83
31 99
26 99
45 99
64 99
47 24
89 99
32 99
11 99
40 99
24 99
72 99
50 99
55 99
29 99
15 99
22 99
75 99
47 84
58 33
0 80
62 99
97 7
84 99
54 99
91 99
36 99
33 99
88 99
71 99
98 99
20 99
47 99
39 99
86 99
61 99
80 99
27 99
56 99
41 99
30 99
17 99
0 69
57 99
13 99
8 99
78 99
