5
13
35
57
40
14
100
15 60
0 16
0 36
2 59
11 60
44 59
9 59
21 59
50 59
22 59
0 9
0 44
4 59
0 22
0 2
0 21
46 59
28 59
42 59
3 59
56 59
6 59
45 59
41 59
30 59
33 59
16 59
49 59
48 59
58 59
27 59
5 59
39 59
23 59
55 59
38 59
18 59
7 59
12 59
43 59
26 59
1 59
10 59
36 59
15 59
34 59
25 59
51 59
19 59
47 59
29 59
11 59
20 59
17 59
52 59
31 59
53 59
32 59
8 59
37 59
50 24
54 59
58 24
11 24
42 24
28 24
3 24
16 24
52 24
38 24
7 24
18 24
5 24
45 24
30 24
46 24
4 24
31 24
23 24
41 24
43 24
26 24
32 24
55 24
49 24
2 24
56 24
10 24
19 24
48 24
15 24
36 24
33 24
37 24
44 24
39 24
6 24
17 24
9 24
20 24
