5
49
40
45
28
89
100
0 74
0 94
44 99
17 99
46 99
15 99
67 99
80 99
0 39
22 60
62 60
0 86
52 60
88 60
10 60
86 60
25 60
79 60
66 60
38 60
30 60
97 60
82 60
30 85
87 60
51 85
39 85
81 85
5 85
36 85
56 66
31 85
32 66
3 66
50 66
19 66
53 66
83 66
57 66
68 66
61 66
90 66
80 66
4 77
4 67
76 48
4 23
93 48
96 48
13 48
91 48
38 48
17 48
14 48
32 48
84 48
21 20
14 20
51 20
55 20
95 20
81 20
64 20
12 20
4 35
46 58
90 58
70 58
69 58
6 58
91 58
38 58
25 58
92 58
8 58
4 32
4 61
4 86
4 44
4 81
67 10
51 10
9 10
37 83
37 50
79 10
3 10
78 10
69 10
46 10
61 10
19 10
78 74
87 74
38 74
56 74
37 16
37 21
94 87
88 74
