5
75
79
20
89
45
100
4 99
34 99
87 99
0 96
0 48
0 30
0 17
10 99
0 70
0 26
0 34
0 68
73 99
83 99
39 99
25 99
6 99
24 99
0 87
0 99
59 99
53 99
5 99
96 99
42 99
22 99
51 99
21 99
90 99
55 99
43 99
41 99
7 99
0 82
0 94
81 99
71 99
0 4
15 99
31 99
0 10
32 99
19 99
47 99
92 99
33 99
23 99
0 57
2 99
14 99
77 99
91 99
12 99
0 22
71 58
0 92
0 63
0 27
0 55
8 99
0 42
86 99
0 1
0 8
0 12
13 99
84 99
69 99
58 99
56 99
26 99
30 99
50 38
59 11
86 94
0 32
72 99
44 99
46 99
48 99
0 86
0 25
38 99
0 50
61 99
0 74
57 99
28 99
0 40
1 99
65 99
85 99
88 99
40 99
0 73
11 99
36 99
65 74
80 99
71 49
