5
11
35
13
77
98
100
79 89
10 20
2 12
3 4
21 31
63 73
62 72
63 64
96 87
81 82
76 86
87 88
78 88
97 88
22 23
62 63
12 22
21 30
31 32
21 22
51 61
69 79
68 78
86 87
69 78
85 86
94 95
71 72
81 72
84 85
30 40
51 52
22 32
40 50
42 52
34 43
60 61
76 85
43 53
94 85
65 75
74 75
66 75
84 75
66 76
57 67
66 67
48 58
58 67
69 68
58 68
49 59
57 58
48 49
29 39
38 39
38 48
56 57
46 47
57 48
37 47
56 47
38 47
56 66
54 64
55 65
56 65
64 65
63 72
55 64
60 70
43 52
34 44
43 44
25 26
16 17
16 26
62 71
61 70
81 91
80 90
80 81
41 32
41 42
41 51
50 51
42 33
42 32
82 73
83 74
7 17
8 17
28 37
8 18
9 18
19 29
19 28
18 17
31 41
0 1
