5
93
57
7
34
30
100
79 99
11 99
0 46
0 9
0 8
49 99
0 35
0 33
0 17
26 99
0 43
19 99
0 44
0 25
0 28
0 95
62 99
0 97
0 29
69 99
22 99
82 99
63 99
58 99
13 99
64 99
56 99
68 99
75 99
23 99
90 99
50 99
88 99
46 99
53 99
6 99
77 99
1 99
0 81
87 99
89 99
66 99
72 99
83 99
27 99
36 99
86 99
4 99
47 99
17 99
42 99
9 99
41 99
98 99
97 99
15 99
70 99
80 99
81 99
48 99
32 99
35 99
43 99
44 99
1 84
65 84
13 84
58 84
48 84
0 65
0 52
89 84
46 84
91 84
8 84
0 5
0 85
0 19
0 69
76 84
9 84
0 53
56 84
19 84
52 84
62 84
0 80
0 84
83 84
29 84
0 1
10 84
0 23
0 62
0 89
0 83
0 6
0 64
49 84
90 84
