5
77
27
89
39
53
100
57 96
20 96
24 96
58 96
43 96
29 96
33 96
0 6
95 96
1 96
0 94
37 96
12 96
75 96
81 96
0 36
64 96
30 96
69 96
15 96
34 96
70 96
92 96
74 96
36 96
6 96
47 96
86 96
42 40
67 96
14 96
94 96
90 96
7 96
51 96
76 96
46 96
48 96
73 96
71 96
0 55
9 96
56 96
0 14
0 85
5 96
44 96
23 96
25 96
17 96
84 96
68 96
93 96
31 96
54 96
88 96
2 96
22 96
42 96
38 96
82 96
0 28
80 96
91 96
4 96
49 96
79 96
83 96
35 96
32 96
8 96
0 96
0 95
62 96
72 96
18 96
61 96
11 96
85 96
3 96
90 40
55 96
60 96
21 96
38 14
78 96
13 96
66 96
40 96
28 96
87 96
45 96
19 96
41 96
10 96
65 96
50 96
52 96
16 96
95 80
