5
91
53
94
92
51
100
83 87
63 67
30 38
37 44
90 99
89 96
93 99
98 99
95 99
96 99
90 97
89 97
88 97
93 97
95 97
82 90
45 54
64 69
87 96
89 90
49 56
47 52
87 90
89 98
88 96
98 97
90 96
98 96
90 93
95 96
89 93
86 93
87 93
84 93
85 93
88 93
95 93
89 95
90 98
88 95
86 95
87 95
81 90
84 90
85 90
88 90
75 83
86 90
81 83
78 83
85 83
76 83
74 83
89 83
79 83
82 83
88 83
77 83
72 80
84 83
86 83
77 80
75 80
32 38
56 64
57 64
42 46
41 46
31 39
19 25
32 39
44 52
62 70
67 76
84 80
71 80
86 80
76 80
81 80
67 74
49 57
38 45
63 66
7 10
74 80
0 5
2 10
4 12
7 3
8 15
55 61
45 52
56 54
77 81
78 80
89 80
82 80
87 80
73 80
79 80
