5
37
14
42
51
57
100
20 74
73 74
25 74
0 74
24 74
18 74
49 74
66 74
0 12
32 74
0 4
34 74
39 74
0 13
8 74
64 74
50 74
6 13
9 74
71 74
43 74
44 74
48 74
58 74
62 74
40 74
12 74
0 6
41 74
54 74
4 74
17 74
56 74
47 74
10 74
1 74
60 74
15 74
52 74
3 74
33 74
31 74
6 74
46 74
16 74
21 74
0 46
59 74
35 74
65 74
27 74
45 74
13 74
53 74
28 74
68 74
70 74
30 74
5 74
7 74
63 74
2 74
61 74
67 74
16 22
38 74
0 49
69 74
22 74
0 67
0 24
29 74
0 66
55 74
36 74
26 74
11 74
72 74
23 74
0 52
60 19
52 19
46 19
53 19
70 19
12 19
66 19
5 19
27 19
56 19
17 19
7 19
38 19
36 19
23 19
4 19
21 19
16 19
35 19
49 19
