5
11
64
40
74
27
100
5 96
18 96
78 96
61 96
0 55
0 89
32 96
58 96
29 96
82 96
94 96
9 96
0 26
0 18
21 96
20 96
10 96
0 78
25 96
0 5
0 82
0 93
51 96
34 96
80 96
0 7
75 96
0 76
88 96
42 96
65 96
0 39
30 96
54 96
38 96
0 75
90 96
28 96
95 96
89 96
70 96
91 96
36 96
86 96
31 96
26 96
0 47
22 96
4 96
0 72
0 2
6 96
0 10
0 61
85 96
79 96
43 96
57 96
63 96
7 96
52 96
19 96
8 96
0 50
87 96
14 96
81 96
0 96
56 96
45 96
0 91
0 58
0 19
23 96
0 90
53 96
72 96
62 96
92 96
35 96
17 96
47 96
67 96
0 1
0 13
0 25
3 96
69 96
49 96
16 96
1 96
37 96
24 96
77 96
48 96
12 96
55 96
60 96
41 96
39 96
