5
56
3
13
33
44
100
0 21
49 59
0 40
0 26
0 2
0 49
8 59
0 34
4 59
5 59
0 50
16 59
32 52
0 28
0 6
0 59
40 59
58 25
41 59
37 59
9 59
0 47
0 32
0 16
28 59
26 59
52 59
57 59
48 59
55 59
6 59
45 59
30 59
7 59
2 59
0 29
42 59
10 59
34 59
39 59
0 36
0 37
0 14
11 59
15 59
0 22
23 59
36 59
0 5
29 59
0 27
38 59
31 59
51 59
43 59
17 59
54 59
22 59
32 59
53 59
35 59
27 59
19 59
47 59
0 45
0 58
14 59
0 54
18 59
12 59
50 59
25 59
21 59
24 59
53 1
46 1
37 1
49 1
5 1
20 1
25 1
2 1
27 1
36 1
23 1
26 1
40 1
24 1
43 1
0 38
0 31
21 1
0 15
0 51
0 30
58 1
55 10
36 11
0 12
47 1
