5
42
57
32
91
10
100
23 97
18 97
69 97
2 97
59 97
0 4
87 97
24 97
9 97
0 65
45 97
38 97
14 97
0 84
62 97
0 69
3 97
30 97
0 19
90 97
36 97
56 97
0 95
0 79
5 97
76 97
81 97
16 97
4 97
47 97
61 97
49 97
86 97
58 97
25 97
37 71
82 71
31 71
0 71
4 71
44 71
73 71
0 20
45 26
67 71
13 71
49 71
0 46
66 71
0 17
26 71
55 71
93 71
0 45
81 71
68 71
90 71
3 71
62 71
85 71
43 71
51 17
72 71
0 75
0 23
0 28
0 51
12 17
90 17
0 6
46 17
0 16
48 17
95 17
8 17
70 17
0 82
0 68
18 17
40 17
26 17
88 17
0 47
52 17
0 40
81 17
73 17
85 17
67 17
72 17
7 17
14 17
22 17
50 95
77 17
30 17
56 17
9 17
47 17
82 17
