5
21
10
47
2
8
100
0 26
0 88
0 49
0 29
0 18
0 69
0 57
71 98
0 14
0 6
60 98
12 98
0 27
0 70
3 98
22 98
97 98
81 98
26 98
17 98
0 68
53 98
29 98
59 98
57 98
92 98
39 98
82 98
63 98
45 98
4 98
31 98
11 98
69 98
13 98
89 98
19 98
54 98
58 98
44 98
36 98
50 98
0 72
11 65
91 65
0 4
72 65
36 65
41 65
71 65
86 40
55 65
1 65
90 65
40 65
0 61
78 65
64 65
46 65
88 65
18 65
19 65
15 65
81 65
75 65
5 65
63 65
24 65
39 65
42 65
0 75
9 69
96 65
74 65
3 65
59 65
0 56
0 9
12 6
28 6
59 6
72 6
84 89
83 93
52 6
9 6
51 6
89 6
0 83
84 63
1 6
61 6
50 6
53 6
93 6
79 6
33 6
25 6
11 6
83 6
