5
56
47
96
87
85
100
83 84
59 60
50 64
12 13
4 21
16 17
41 43
40 43
39 43
38 43
29 35
97 99
78 84
81 84
66 82
71 84
89 98
86 90
84 88
95 99
91 98
86 89
90 98
80 84
67 84
37 42
35 42
34 42
29 36
31 36
40 36
21 23
21 25
21 24
22 26
22 28
94 98
93 98
86 92
88 92
95 92
91 97
93 88
94 97
91 88
93 97
95 90
89 97
94 88
91 95
94 95
72 84
74 84
81 77
76 77
82 77
83 77
69 77
67 77
71 77
81 83
67 79
83 79
78 79
65 79
66 79
72 79
68 79
70 79
81 79
69 80
76 80
75 80
70 80
83 80
78 80
74 72
83 72
66 76
68 69
81 72
78 72
69 76
68 76
73 76
81 76
83 76
65 71
73 71
74 71
70 71
78 71
67 81
78 81
73 81
68 82
69 81
66 74
7 21
14 21
