5
7
37
89
82
36
93
0 22
20 80
28 57
0 1
3 92
52 94
33 57
20 10
74 56
85 57
39 19
12 57
45 70
93 70
45 55
14 55
84 55
31 65
22 81
19 18
22 18
56 81
15 14
4 14
86 18
33 8
62 63
46 92
33 6
62 48
23 5
17 73
50 92
11 8
77 92
17 59
98 21
98 72
50 22
15 25
42 67
48 67
5 8
97 67
56 35
53 40
44 35
93 56
44 42
76 56
19 56
50 53
40 56
78 95
29 21
87 72
30 53
50 34
26 1
84 91
88 48
59 47
2 1
68 13
21 53
4 1
28 13
24 13
5 13
76 42
19 22
41 22
31 22
1 22
38 49
43 29
46 85
75 80
4 6
63 80
10 6
58 32
69 6
12 34
49 96
15 45
5 1
46 72
48 29
47 63
34 96
91 46
50 87
