5
15
33
11
9
49
100
27 99
62 99
0 97
67 99
94 99
0 95
0 40
48 99
88 34
0 22
0 8
0 72
74 69
0 88
51 99
0 54
36 99
1 99
28 99
84 99
0 74
0 32
5 83
0 18
58 99
0 23
0 51
0 5
71 99
54 99
0 94
0 13
0 29
83 43
83 97
56 99
83 46
25 99
83 23
83 47
83 68
83 70
17 99
86 99
53 99
8 99
83 2
6 47
83 29
37 99
83 67
83 85
95 99
47 99
89 99
21 99
75 99
16 99
87 99
34 99
92 99
28 55
44 99
78 55
89 55
26 55
83 6
5 55
40 55
19 55
60 55
7 55
82 55
83 26
83 91
64 55
53 55
47 55
83 25
91 55
83 89
16 55
96 55
1 55
83 28
83 96
68 55
83 14
61 55
71 55
39 55
17 55
4 55
57 46
38 55
52 46
38 46
24 46
3 46
83 54
