5
72
15
60
54
52
100
18 82
62 82
37 82
35 82
0 21
0 62
0 38
0 79
13 71
73 82
4 82
0 12
70 82
17 82
23 82
14 82
13 82
2 82
26 82
51 82
71 82
42 82
53 82
77 82
63 82
44 82
64 82
6 82
67 82
57 82
33 82
31 9
37 9
35 9
34 9
66 9
6 9
26 9
61 9
49 9
23 9
62 9
48 9
45 9
53 9
43 9
36 9
71 58
59 58
26 58
34 58
56 58
80 58
77 58
0 29
35 58
12 58
28 58
36 58
53 58
2 58
46 58
55 58
19 58
20 58
67 58
44 58
29 58
10 58
33 58
74 43
0 43
16 58
31 43
17 43
0 4
41 43
55 43
2 43
59 43
27 43
18 43
8 43
56 43
14 43
50 43
47 43
51 43
4 43
36 43
61 43
22 23
8 23
74 37
24 23
65 23
17 23
37 23
5 23
0 7
