5
58
66
62
56
8
100
47 48
35 38
10 11
11 12
11 14
44 45
43 45
83 86
52 53
54 53
50 53
51 53
55 53
54 55
93 96
90 96
95 96
94 96
84 85
9 11
43 46
44 46
41 45
44 43
42 43
41 43
6 7
85 86
13 18
52 55
90 92
87 92
91 92
93 92
94 92
93 95
94 95
89 90
87 90
91 90
93 90
93 94
47 46
38 39
40 39
45 50
49 50
45 46
45 48
49 48
49 51
46 48
46 50
46 52
51 50
51 52
30 35
30 36
34 35
32 33
33 35
37 39
36 39
35 39
42 39
36 37
42 41
30 33
40 41
36 41
36 35
37 41
36 38
40 38
35 41
37 38
40 42
40 37
34 33
23 29
25 26
25 27
24 26
24 28
22 23
28 33
31 33
24 29
27 29
31 29
23 28
23 26
27 28
26 28
26 29
26 31
30 29
28 29
32 29
32 34
