5
48
69
25
62
55
100
29 79
47 79
73 36
19 36
21 79
60 36
18 9
16 9
67 9
0 2
18 3
20 3
7 3
53 3
45 58
19 3
44 3
78 3
77 52
67 52
6 60
12 60
67 60
27 12
77 60
0 4
0 45
0 73
13 32
65 12
31 12
28 12
71 73
56 73
17 2
76 73
65 2
19 33
53 2
19 67
22 33
22 67
16 67
51 68
44 59
13 29
38 1
43 59
63 59
7 59
4 24
8 19
4 20
4 37
65 27
4 8
65 43
64 59
32 63
58 59
5 32
24 57
16 59
65 64
77 59
63 21
29 58
24 10
53 58
7 58
77 63
53 63
47 57
45 20
22 20
44 20
64 28
10 61
44 28
35 43
5 42
75 43
16 43
77 43
29 42
54 42
66 42
17 42
71 8
45 8
35 17
19 17
71 22
10 22
76 6
30 37
68 37
15 37
27 16
5 53
