5
1
8
67
69
27
100
0 10
9 12
91 99
93 99
95 99
90 99
96 99
98 99
85 92
97 99
94 99
83 92
88 92
87 92
48 54
55 63
51 63
42 56
82 92
86 92
84 92
81 92
91 89
98 89
80 89
74 89
94 89
96 89
79 89
65 77
93 89
76 89
66 80
61 72
97 89
75 89
80 87
73 89
0 3
78 89
72 89
95 89
90 89
62 71
77 89
68 71
83 71
85 71
66 71
82 71
65 71
63 71
86 71
64 71
70 71
60 61
87 71
61 71
81 71
88 71
76 84
80 84
78 84
97 84
78 83
75 84
93 84
96 84
91 84
77 84
90 84
72 84
74 84
79 84
98 84
73 84
94 84
85 95
87 95
86 95
88 95
81 95
83 95
96 82
80 82
72 82
64 73
76 82
78 82
73 82
75 82
90 82
79 82
93 82
74 82
91 82
77 82
97 82
98 82
87 94
