5
32
20
40
15
7
100
0 38
0 69
43 74
46 74
73 74
28 74
66 74
0 58
71 74
54 74
44 74
11 74
48 74
58 74
33 74
0 46
42 74
17 74
30 74
23 74
38 74
31 74
25 74
57 74
1 74
3 74
0 11
59 74
55 74
10 74
35 74
24 74
67 74
56 74
4 74
60 74
2 74
21 74
45 74
8 74
51 74
69 74
36 74
39 74
70 74
34 74
64 74
18 74
27 74
29 74
0 74
12 74
37 74
6 74
16 74
52 74
63 74
47 74
49 74
9 74
14 74
61 74
26 74
0 48
13 74
65 74
19 74
68 74
72 74
50 74
0 62
53 74
5 74
41 74
1 22
62 74
60 47
44 22
73 22
0 60
1 17
33 22
0 4
41 22
0 1
0 61
0 6
69 22
0 10
0 21
57 22
62 22
2 22
10 22
55 22
0 53
13 22
17 22
42 22
54 22
