5
82
98
80
57
32
72
50 73
55 59
53 55
48 49
0 23
30 34
28 30
7 25
8 25
5 9
6 9
5 4
85 99
86 99
87 99
88 99
89 99
90 99
91 99
92 99
93 99
94 99
95 99
96 99
75 76
60 75
61 75
62 75
63 75
64 75
65 75
66 75
67 75
68 75
69 75
70 75
71 75
50 51
35 49
36 49
37 49
38 49
39 49
40 49
41 49
42 49
43 49
44 49
45 49
46 49
25 26
10 25
11 25
12 25
13 25
14 25
15 25
16 25
17 25
18 25
19 25
20 25
21 25
1 3
54 59
53 56
31 34
28 29
5 3
81 84
0 7
0 2
