5
83
67
58
34
44
100
12 4
2 4
46 84
61 84
28 84
5 84
36 84
54 84
25 70
7 70
37 70
59 70
52 5
0 26
0 39
27 5
36 5
65 5
26 5
32 5
50 5
55 5
54 1
0 69
0 42
0 24
0 23
0 8
0 7
45 64
45 40
45 61
17 10
45 62
45 29
45 42
15 64
45 17
40 64
13 64
10 64
79 51
52 64
9 64
9 51
13 51
15 86
36 24
18 86
81 24
11 24
22 24
25 53
48 53
73 53
59 53
37 14
79 14
12 14
45 39
43 6
46 52
80 27
6 27
7 27
46 43
41 27
39 23
56 3
74 27
30 27
31 27
20 52
43 52
66 17
7 52
2 17
29 19
82 25
42 25
15 25
46 22
56 38
54 25
40 25
16 25
19 25
30 25
48 25
81 25
69 25
46 76
60 63
30 63
39 76
9 63
28 76
82 59
62 59
10 59
