5
57
6
19
70
4
100
51 94
30 94
23 94
65 94
84 94
41 94
46 94
79 94
68 94
67 94
85 94
90 94
24 94
0 65
92 94
5 94
93 94
53 94
17 94
56 94
33 94
28 94
87 94
47 94
29 94
0 78
18 94
38 94
83 94
42 94
88 94
71 94
55 94
60 94
69 94
0 85
12 94
75 94
0 94
48 94
21 94
62 94
11 94
72 94
74 94
81 94
44 94
14 94
37 94
2 94
43 94
64 94
86 94
22 94
76 94
63 94
82 94
39 94
61 94
45 94
91 94
0 14
0 28
13 94
34 94
73 94
66 94
20 94
1 94
7 94
32 94
40 94
27 94
10 94
58 94
31 94
36 94
89 94
8 94
3 94
16 94
49 94
80 94
59 94
78 94
77 94
25 94
15 94
35 94
9 94
52 94
77 54
50 94
26 94
83 54
18 54
2 54
55 54
65 54
16 54
