5
57
80
32
36
33
100
41 91
40 91
18 91
0 70
0 17
64 91
19 91
11 91
50 91
16 91
0 34
90 91
28 91
88 91
0 19
0 63
0 20
0 37
39 91
70 91
0 88
0 73
0 40
0 49
89 91
9 91
83 91
30 91
0 91
42 91
31 91
85 91
8 91
21 91
48 91
0 56
7 91
0 89
34 91
26 91
81 91
82 91
56 91
0 4
0 65
0 46
15 91
0 72
77 91
67 91
86 91
37 91
0 9
0 47
0 2
14 91
43 91
74 91
0 31
17 91
63 91
1 91
35 91
24 91
20 91
75 91
72 91
0 11
59 91
0 90
0 27
68 91
58 91
78 91
2 91
4 91
25 91
69 91
53 91
46 91
66 91
71 91
54 91
45 91
65 91
3 91
52 91
73 91
22 91
38 91
55 91
47 91
6 91
87 91
10 91
79 91
0 13
44 91
29 91
5 91
