5
86
49
2
21
29
100
0 79
80 99
5 99
64 99
0 54
0 99
0 11
0 7
34 99
0 45
83 12
0 55
0 91
0 89
17 99
0 38
3 99
67 99
41 99
9 99
10 99
58 99
72 99
0 87
60 99
14 99
32 99
13 99
0 83
56 99
0 1
78 99
30 99
76 99
0 64
11 99
15 99
0 57
1 99
0 75
62 99
68 99
0 74
46 99
95 99
0 12
0 16
0 58
0 15
0 4
0 17
0 68
0 66
0 53
0 43
0 67
0 84
0 90
0 13
65 99
0 28
42 99
96 99
0 63
0 85
0 59
0 18
0 56
0 3
31 99
0 39
98 99
8 99
82 99
35 99
0 94
74 99
0 51
0 97
78 69
44 99
12 99
66 99
97 99
91 99
69 99
88 99
57 99
0 76
75 99
45 99
85 99
92 99
7 99
87 99
61 99
94 99
47 99
40 99
33 99
