5
14
81
36
57
48
100
5 99
40 99
53 99
11 99
41 99
75 99
15 99
0 80
32 99
0 20
17 99
60 99
47 99
70 99
50 99
0 99
88 89
38 99
79 99
65 99
0 83
0 46
0 45
67 99
16 99
91 99
75 17
52 99
59 99
37 99
9 99
92 99
72 99
56 99
89 99
0 88
69 99
49 99
61 99
86 99
73 99
62 99
35 99
0 60
13 19
0 10
58 99
0 75
42 99
0 13
23 99
30 99
0 86
83 99
47 97
27 99
54 99
0 64
0 24
47 74
55 99
97 99
28 99
0 92
0 42
33 99
3 99
44 99
84 99
24 99
39 99
26 99
0 47
43 99
31 99
29 99
8 99
66 99
94 99
96 99
7 99
21 99
89 74
6 99
34 99
13 99
74 99
51 99
0 23
46 99
77 99
98 99
45 99
82 99
76 99
64 99
0 33
88 99
2 99
85 99
