5
29
13
27
31
47
100
12 59
40 5
11 25
6 25
48 25
52 25
55 25
50 25
36 35
20 35
37 16
44 35
0 34
0 32
0 3
14 10
45 23
48 18
34 18
34 10
52 10
26 10
45 17
45 8
3 46
56 46
45 14
56 9
2 46
55 9
33 20
38 22
33 11
38 6
41 21
15 11
15 12
15 37
7 28
56 21
41 52
41 19
56 17
14 21
30 21
40 21
20 43
24 43
44 43
34 43
37 28
57 43
14 57
32 57
8 2
26 2
49 50
20 50
51 36
14 36
44 36
49 36
53 36
32 36
56 3
56 51
32 34
11 34
3 34
20 34
40 48
56 52
56 53
58 40
58 44
58 42
53 12
53 32
58 19
53 49
1 30
42 30
42 6
14 3
14 52
40 32
51 32
11 3
44 12
44 37
26 4
17 32
3 32
6 37
12 32
22 30
4 32
19 37
24 49
11 44
