5
70
32
29
72
69
100
0 26
0 14
0 93
16 40
33 99
90 99
80 99
54 99
22 99
41 99
47 99
74 99
8 99
64 99
86 99
56 99
9 99
26 99
16 99
15 99
84 99
0 53
23 99
0 61
0 16
77 99
0 66
50 99
58 99
4 99
13 99
0 36
0 99
43 67
59 99
0 18
67 99
28 99
2 99
88 99
0 60
0 17
40 99
36 99
48 99
79 99
38 99
92 99
49 99
81 99
18 99
21 99
68 99
34 99
93 99
66 99
7 98
42 99
5 99
0 13
62 99
30 99
98 99
10 99
75 99
0 48
0 95
0 9
44 99
85 99
97 99
57 99
25 99
0 46
7 99
63 99
95 99
60 99
39 99
51 99
76 99
46 99
24 99
78 99
0 20
91 99
83 99
43 99
6 99
96 99
10 55
0 55
59 55
13 55
39 55
81 55
3 68
30 55
18 55
38 55
