5
26
78
27
17
23
100
36 95
0 13
44 95
60 66
28 95
49 95
86 95
66 95
45 95
84 95
0 29
22 95
5 95
19 95
9 95
0 46
0 33
59 95
0 81
0 21
0 91
0 95
80 95
10 95
68 95
62 95
0 57
89 95
40 92
6 95
60 95
64 95
57 95
0 67
79 95
18 95
4 95
77 95
76 95
15 95
63 95
75 95
67 95
34 95
47 95
46 95
65 95
38 95
40 72
43 95
93 95
69 95
42 95
51 95
2 95
0 40
87 95
0 76
37 95
92 95
3 95
24 95
21 95
33 95
11 95
25 95
48 95
82 95
16 95
61 95
35 95
14 95
1 95
94 95
85 95
7 95
73 95
20 95
71 95
31 95
53 95
32 95
13 95
72 95
29 95
56 95
90 95
83 95
39 95
8 95
52 95
91 95
58 95
70 95
88 95
40 95
50 95
41 95
55 95
30 95
