5
68
60
2
85
17
100
0 99
0 52
0 9
0 22
74 99
19 99
41 99
59 99
29 99
0 31
69 99
49 99
0 7
0 76
77 99
0 69
0 10
0 93
0 94
0 91
90 99
31 99
62 99
57 99
37 99
73 99
39 99
22 99
91 99
54 99
66 99
16 99
72 99
12 99
52 99
86 99
0 41
0 36
20 99
94 99
6 99
70 99
55 99
98 99
88 99
0 18
34 99
38 99
11 99
76 99
42 99
28 99
56 99
93 99
23 99
40 99
61 99
7 99
45 99
44 99
0 48
0 28
89 99
47 99
63 99
0 50
80 99
35 99
97 99
75 99
21 99
81 99
87 99
58 99
0 98
51 99
14 99
24 99
43 99
50 99
0 11
0 55
0 86
0 46
0 70
96 99
79 99
65 99
33 99
48 99
13 99
4 99
3 99
95 99
71 99
78 99
83 99
10 99
30 99
27 99
