5
84
9
13
51
96
100
87 99
65 99
14 99
79 99
70 99
81 99
57 99
69 99
58 99
62 99
43 99
0 77
86 99
83 99
46 99
0 87
77 99
11 99
44 99
10 99
54 99
0 37
36 99
42 99
64 99
40 99
21 99
53 99
26 99
55 99
61 99
73 99
1 99
0 63
0 31
12 99
0 92
0 55
0 67
0 2
0 60
0 46
0 3
39 99
4 99
0 59
0 95
0 68
0 91
0 49
71 60
27 99
0 48
93 99
0 64
0 71
22 78
0 73
60 99
49 99
43 25
0 22
41 99
97 20
74 99
33 99
76 99
25 99
5 99
29 99
89 99
68 99
28 99
0 99
91 99
56 99
50 99
18 99
45 99
23 99
35 99
48 99
88 16
47 99
0 42
67 99
82 99
3 99
34 99
15 99
52 99
30 99
17 99
38 99
75 99
0 88
16 99
24 99
90 99
0 16
