5
63
92
86
53
59
100
21 99
0 4
42 99
12 99
56 99
66 99
30 99
46 99
83 99
0 88
95 41
52 99
29 99
96 99
77 99
81 99
91 75
0 19
60 75
13 75
0 61
0 14
0 95
0 26
0 94
0 24
0 91
0 46
0 27
29 75
8 75
23 75
34 75
58 75
65 75
43 5
37 75
43 62
43 7
47 75
25 75
43 37
91 17
89 75
40 75
71 55
43 61
43 91
43 81
43 35
94 55
17 55
5 55
73 55
43 83
57 55
78 55
43 60
89 55
83 55
60 55
48 55
1 55
43 15
43 90
27 35
12 44
12 1
12 16
74 35
12 51
20 35
95 35
23 35
34 35
62 35
90 35
12 66
12 3
12 18
12 54
22 35
29 98
29 74
44 35
38 61
29 25
29 22
4 35
47 35
78 35
76 88
91 35
54 88
2 88
16 88
42 88
13 88
49 88
73 88
